<?xml version="1.0" encoding="UTF-8"?>
<testng-results ignored="0" total="59" passed="32" failed="17" skipped="10">
  <reporter-output>
  </reporter-output>
  <suite started-at="2024-06-16T13:26:20 IST" name="Suite" finished-at="2024-06-16T14:23:24 IST" duration-ms="3423964">
    <groups>
      <group name="Functional">
        <method signature="TS001_TC004.TS001_TC004(java.lang.String,java.lang.String,java.lang.String,java.lang.String,java.lang.String,java.lang.String,java.lang.String,java.lang.String,java.lang.String,java.lang.String)[pri:0, instance:com.qa.testcases.ts001.TS001_TC004@3b0090a4]" name="TS001_TC004" class="com.qa.testcases.ts001.TS001_TC004"/>
        <method signature="TS001_TC005.TS001_TC005(java.lang.String)[pri:0, instance:com.qa.testcases.ts001.TS001_TC005@3cd3e762]" name="TS001_TC005" class="com.qa.testcases.ts001.TS001_TC005"/>
        <method signature="TS002_TC003.TS002_TC003(java.lang.String,java.lang.String)[pri:0, instance:com.qa.testcases.ts002.TS002_TC003@5e5d171f]" name="TS002_TC003" class="com.qa.testcases.ts002.TS002_TC003"/>
        <method signature="TS003_TC002.TS003_TC002(java.lang.String,java.lang.String)[pri:0, instance:com.qa.testcases.ts003.TS003_TC002@23348b5d]" name="TS003_TC002" class="com.qa.testcases.ts003.TS003_TC002"/>
        <method signature="TS003_TC003.TS003_TC003(java.lang.String,java.lang.String)[pri:0, instance:com.qa.testcases.ts003.TS003_TC003@70325e14]" name="TS003_TC003" class="com.qa.testcases.ts003.TS003_TC003"/>
        <method signature="TS003_TC004.TS003_TC004(java.lang.String,java.lang.String)[pri:0, instance:com.qa.testcases.ts003.TS003_TC004@37ceb1df]" name="TS003_TC004" class="com.qa.testcases.ts003.TS003_TC004"/>
        <method signature="TS004_TC003.TS004_TC003(java.lang.String,java.lang.String,java.lang.String)[pri:0, instance:com.qa.testcases.ts004.TS004_TC003@63475ace]" name="TS004_TC003" class="com.qa.testcases.ts004.TS004_TC003"/>
        <method signature="TS004_TC004.TS004_TC004(java.lang.String,java.lang.String,java.lang.String,java.lang.String)[pri:0, instance:com.qa.testcases.ts004.TS004_TC004@4988d8b8]" name="TS004_TC004" class="com.qa.testcases.ts004.TS004_TC004"/>
        <method signature="TS005_TC003.TS005_TC003(java.lang.String)[pri:0, instance:com.qa.testcases.ts005.TS005_TC003@7530ad9c]" name="TS005_TC003" class="com.qa.testcases.ts005.TS005_TC003"/>
        <method signature="TS005_TC004.TS005_TC004(java.lang.String,java.lang.String)[pri:0, instance:com.qa.testcases.ts005.TS005_TC004@58a9760d]" name="TS005_TC004" class="com.qa.testcases.ts005.TS005_TC004"/>
        <method signature="TS005_TC005.TS005_TC005(java.lang.String,java.lang.String)[pri:0, instance:com.qa.testcases.ts005.TS005_TC005@71e9ddb4]" name="TS005_TC005" class="com.qa.testcases.ts005.TS005_TC005"/>
      </group> <!-- Functional -->
      <group name="Sanity">
        <method signature="TS001_TC002.TS001_TC002(java.lang.String,java.lang.String)[pri:0, instance:com.qa.testcases.ts001.TS001_TC002@9d5509a]" name="TS001_TC002" class="com.qa.testcases.ts001.TS001_TC002"/>
        <method signature="TS002_TC002.TS002_TC002(java.lang.String,java.lang.String,java.lang.String,java.lang.String)[pri:0, instance:com.qa.testcases.ts002.TS002_TC002@7770f470]" name="TS002_TC002" class="com.qa.testcases.ts002.TS002_TC002"/>
        <method signature="TS002_TC003.TS002_TC003(java.lang.String,java.lang.String)[pri:0, instance:com.qa.testcases.ts002.TS002_TC003@5e5d171f]" name="TS002_TC003" class="com.qa.testcases.ts002.TS002_TC003"/>
        <method signature="TS003_TC002.TS003_TC002(java.lang.String,java.lang.String)[pri:0, instance:com.qa.testcases.ts003.TS003_TC002@23348b5d]" name="TS003_TC002" class="com.qa.testcases.ts003.TS003_TC002"/>
        <method signature="TS003_TC004.TS003_TC004(java.lang.String,java.lang.String)[pri:0, instance:com.qa.testcases.ts003.TS003_TC004@37ceb1df]" name="TS003_TC004" class="com.qa.testcases.ts003.TS003_TC004"/>
        <method signature="TS004_TC001.TS004_TC001(java.lang.String,java.lang.String)[pri:0, instance:com.qa.testcases.ts004.TS004_TC001@22fcf7ab]" name="TS004_TC001" class="com.qa.testcases.ts004.TS004_TC001"/>
        <method signature="TS004_TC002.TS004_TC002(java.lang.String,java.lang.String)[pri:0, instance:com.qa.testcases.ts004.TS004_TC002@2de23121]" name="TS004_TC002" class="com.qa.testcases.ts004.TS004_TC002"/>
        <method signature="TS004_TC003.TS004_TC003(java.lang.String,java.lang.String,java.lang.String)[pri:0, instance:com.qa.testcases.ts004.TS004_TC003@63475ace]" name="TS004_TC003" class="com.qa.testcases.ts004.TS004_TC003"/>
        <method signature="TS004_TC004.TS004_TC004(java.lang.String,java.lang.String,java.lang.String,java.lang.String)[pri:0, instance:com.qa.testcases.ts004.TS004_TC004@4988d8b8]" name="TS004_TC004" class="com.qa.testcases.ts004.TS004_TC004"/>
        <method signature="TS004_TC005.TS004_TC005(java.lang.String,java.lang.String,java.lang.String,java.lang.String)[pri:0, instance:com.qa.testcases.ts004.TS004_TC005@c0c2f8d]" name="TS004_TC005" class="com.qa.testcases.ts004.TS004_TC005"/>
        <method signature="TS005_TC002.TS005_TC002(java.lang.String)[pri:0, instance:com.qa.testcases.ts005.TS005_TC002@4e50c791]" name="TS005_TC002" class="com.qa.testcases.ts005.TS005_TC002"/>
        <method signature="TS005_TC004.TS005_TC004(java.lang.String,java.lang.String)[pri:0, instance:com.qa.testcases.ts005.TS005_TC004@58a9760d]" name="TS005_TC004" class="com.qa.testcases.ts005.TS005_TC004"/>
        <method signature="TS005_TC005.TS005_TC005(java.lang.String,java.lang.String)[pri:0, instance:com.qa.testcases.ts005.TS005_TC005@71e9ddb4]" name="TS005_TC005" class="com.qa.testcases.ts005.TS005_TC005"/>
      </group> <!-- Sanity -->
      <group name="Regression">
        <method signature="TS001_TC002.TS001_TC002(java.lang.String,java.lang.String)[pri:0, instance:com.qa.testcases.ts001.TS001_TC002@9d5509a]" name="TS001_TC002" class="com.qa.testcases.ts001.TS001_TC002"/>
        <method signature="TS001_TC003.TS001_TC003(java.lang.String,java.lang.String,java.lang.String,java.lang.String,java.lang.String)[pri:0, instance:com.qa.testcases.ts001.TS001_TC003@179ece50]" name="TS001_TC003" class="com.qa.testcases.ts001.TS001_TC003"/>
        <method signature="TS002_TC001.TS002_TC001(java.lang.String,java.lang.String)[pri:0, instance:com.qa.testcases.ts002.TS002_TC001@d35dea7]" name="TS002_TC001" class="com.qa.testcases.ts002.TS002_TC001"/>
        <method signature="TS003_TC001.TS003_TC001(java.lang.String,java.lang.String,java.lang.String)[pri:0, instance:com.qa.testcases.ts003.TS003_TC001@2df3b89c]" name="TS003_TC001" class="com.qa.testcases.ts003.TS003_TC001"/>
        <method signature="TS004_TC001.TS004_TC001(java.lang.String,java.lang.String)[pri:0, instance:com.qa.testcases.ts004.TS004_TC001@22fcf7ab]" name="TS004_TC001" class="com.qa.testcases.ts004.TS004_TC001"/>
        <method signature="TS004_TC002.TS004_TC002(java.lang.String,java.lang.String)[pri:0, instance:com.qa.testcases.ts004.TS004_TC002@2de23121]" name="TS004_TC002" class="com.qa.testcases.ts004.TS004_TC002"/>
        <method signature="TS004_TC003.TS004_TC003(java.lang.String,java.lang.String,java.lang.String)[pri:0, instance:com.qa.testcases.ts004.TS004_TC003@63475ace]" name="TS004_TC003" class="com.qa.testcases.ts004.TS004_TC003"/>
        <method signature="TS005_TC001.TS005_TC001(java.lang.String)[pri:0, instance:com.qa.testcases.ts005.TS005_TC001@1e66f1f5]" name="TS005_TC001" class="com.qa.testcases.ts005.TS005_TC001"/>
        <method signature="TS005_TC002.TS005_TC002(java.lang.String)[pri:0, instance:com.qa.testcases.ts005.TS005_TC002@4e50c791]" name="TS005_TC002" class="com.qa.testcases.ts005.TS005_TC002"/>
        <method signature="TS005_TC003.TS005_TC003(java.lang.String)[pri:0, instance:com.qa.testcases.ts005.TS005_TC003@7530ad9c]" name="TS005_TC003" class="com.qa.testcases.ts005.TS005_TC003"/>
      </group> <!-- Regression -->
      <group name="Smoke">
        <method signature="TS001_TC003.TS001_TC003(java.lang.String,java.lang.String,java.lang.String,java.lang.String,java.lang.String)[pri:0, instance:com.qa.testcases.ts001.TS001_TC003@179ece50]" name="TS001_TC003" class="com.qa.testcases.ts001.TS001_TC003"/>
        <method signature="TS001_TC004.TS001_TC004(java.lang.String,java.lang.String,java.lang.String,java.lang.String,java.lang.String,java.lang.String,java.lang.String,java.lang.String,java.lang.String,java.lang.String)[pri:0, instance:com.qa.testcases.ts001.TS001_TC004@3b0090a4]" name="TS001_TC004" class="com.qa.testcases.ts001.TS001_TC004"/>
        <method signature="TS001_TC005.TS001_TC005(java.lang.String)[pri:0, instance:com.qa.testcases.ts001.TS001_TC005@3cd3e762]" name="TS001_TC005" class="com.qa.testcases.ts001.TS001_TC005"/>
        <method signature="TS002_TC001.TS002_TC001(java.lang.String,java.lang.String)[pri:0, instance:com.qa.testcases.ts002.TS002_TC001@d35dea7]" name="TS002_TC001" class="com.qa.testcases.ts002.TS002_TC001"/>
        <method signature="TS002_TC002.TS002_TC002(java.lang.String,java.lang.String,java.lang.String,java.lang.String)[pri:0, instance:com.qa.testcases.ts002.TS002_TC002@7770f470]" name="TS002_TC002" class="com.qa.testcases.ts002.TS002_TC002"/>
        <method signature="TS003_TC001.TS003_TC001(java.lang.String,java.lang.String,java.lang.String)[pri:0, instance:com.qa.testcases.ts003.TS003_TC001@2df3b89c]" name="TS003_TC001" class="com.qa.testcases.ts003.TS003_TC001"/>
        <method signature="TS003_TC002.TS003_TC002(java.lang.String,java.lang.String)[pri:0, instance:com.qa.testcases.ts003.TS003_TC002@23348b5d]" name="TS003_TC002" class="com.qa.testcases.ts003.TS003_TC002"/>
        <method signature="TS003_TC003.TS003_TC003(java.lang.String,java.lang.String)[pri:0, instance:com.qa.testcases.ts003.TS003_TC003@70325e14]" name="TS003_TC003" class="com.qa.testcases.ts003.TS003_TC003"/>
        <method signature="TS004_TC003.TS004_TC003(java.lang.String,java.lang.String,java.lang.String)[pri:0, instance:com.qa.testcases.ts004.TS004_TC003@63475ace]" name="TS004_TC003" class="com.qa.testcases.ts004.TS004_TC003"/>
        <method signature="TS004_TC005.TS004_TC005(java.lang.String,java.lang.String,java.lang.String,java.lang.String)[pri:0, instance:com.qa.testcases.ts004.TS004_TC005@c0c2f8d]" name="TS004_TC005" class="com.qa.testcases.ts004.TS004_TC005"/>
        <method signature="TS005_TC001.TS005_TC001(java.lang.String)[pri:0, instance:com.qa.testcases.ts005.TS005_TC001@1e66f1f5]" name="TS005_TC001" class="com.qa.testcases.ts005.TS005_TC001"/>
      </group> <!-- Smoke -->
    </groups>
    <test started-at="2024-06-16T13:26:20 IST" name="Test1" finished-at="2024-06-16T13:36:39 IST" duration-ms="618896">
      <class name="com.qa.testcases.ts001.TS001_TC005">
        <test-method is-config="true" signature="setup(java.lang.String)[pri:0, instance:com.qa.testcases.ts001.TS001_TC005@3cd3e762]" started-at="2024-06-16T13:35:45 IST" name="setup" finished-at="2024-06-16T13:36:09 IST" duration-ms="24275" status="PASS">
          <params>
            <param index="0">
              <value>
                <![CDATA[chrome]]>
              </value>
            </param>
          </params>
          <reporter-output>
          </reporter-output>
        </test-method> <!-- setup -->
        <test-method is-config="true" signature="Method_StartUp(java.lang.reflect.Method,org.testng.ITestContext)[pri:0, instance:com.qa.testcases.ts001.TS001_TC005@3cd3e762]" started-at="2024-06-16T13:36:09 IST" name="Method_StartUp" finished-at="2024-06-16T13:36:09 IST" duration-ms="1" status="PASS">
          <params>
            <param index="0">
              <value>
                <![CDATA[public void com.qa.testcases.ts001.TS001_TC005.TS001_TC005(java.lang.String) throws java.lang.Exception]]>
              </value>
            </param>
            <param index="1">
              <value>
                <![CDATA[org.testng.TestRunner@7d89a1ce]]>
              </value>
            </param>
          </params>
          <reporter-output>
          </reporter-output>
        </test-method> <!-- Method_StartUp -->
        <test-method signature="TS001_TC005(java.lang.String)[pri:0, instance:com.qa.testcases.ts001.TS001_TC005@3cd3e762]" started-at="2024-06-16T13:36:09 IST" name="TS001_TC005" description="Verify that the password is in encrypted form when entered" data-provider="excelData" finished-at="2024-06-16T13:36:26 IST" duration-ms="16721" status="PASS">
          <params>
            <param index="0">
              <value>
                <![CDATA[demo]]>
              </value>
            </param>
          </params>
          <reporter-output>
          </reporter-output>
        </test-method> <!-- TS001_TC005 -->
        <test-method is-config="true" signature="Method_TearDown(org.testng.ITestResult)[pri:0, instance:com.qa.testcases.ts001.TS001_TC005@3cd3e762]" started-at="2024-06-16T13:36:26 IST" name="Method_TearDown" finished-at="2024-06-16T13:36:26 IST" duration-ms="0" status="PASS">
          <params>
            <param index="0">
              <value>
                <![CDATA[[TestResult name=TS001_TC005 status=SUCCESS method=TS001_TC005.TS001_TC005(java.lang.String)[pri:0, instance:com.qa.testcases.ts001.TS001_TC005@3cd3e762] output={null}]]]>
              </value>
            </param>
          </params>
          <reporter-output>
          </reporter-output>
        </test-method> <!-- Method_TearDown -->
        <test-method is-config="true" signature="Method_StartUp(java.lang.reflect.Method,org.testng.ITestContext)[pri:0, instance:com.qa.testcases.ts001.TS001_TC005@3cd3e762]" started-at="2024-06-16T13:36:26 IST" name="Method_StartUp" finished-at="2024-06-16T13:36:26 IST" duration-ms="2" status="PASS">
          <params>
            <param index="0">
              <value>
                <![CDATA[public void com.qa.testcases.ts001.TS001_TC005.TS001_TC005(java.lang.String) throws java.lang.Exception]]>
              </value>
            </param>
            <param index="1">
              <value>
                <![CDATA[org.testng.TestRunner@7d89a1ce]]>
              </value>
            </param>
          </params>
          <reporter-output>
          </reporter-output>
        </test-method> <!-- Method_StartUp -->
        <test-method signature="TS001_TC005(java.lang.String)[pri:0, instance:com.qa.testcases.ts001.TS001_TC005@3cd3e762]" started-at="2024-06-16T13:36:26 IST" name="TS001_TC005" description="Verify that the password is in encrypted form when entered" data-provider="excelData" finished-at="2024-06-16T13:36:26 IST" duration-ms="493" status="FAIL">
          <params>
            <param index="0">
              <value>
                <![CDATA[11234]]>
              </value>
            </param>
          </params>
          <exception class="org.openqa.selenium.WebDriverException">
            <message>
              <![CDATA[unknown error: failed to change window state to 'normal', current state is 'maximized'
  (Session info: chrome=125.0.6422.142)
Build info: version: '4.20.0', revision: '866c76ca80'
System info: os.name: 'Windows 10', os.arch: 'amd64', os.version: '10.0', java.version: '21.0.1'
Driver info: org.openqa.selenium.chrome.ChromeDriver
Command: [0edbb10ba8fe10a82b464c9480201327, maximizeCurrentWindow {}]
Capabilities {acceptInsecureCerts: false, browserName: chrome, browserVersion: 125.0.6422.142, chrome: {chromedriverVersion: 125.0.6422.141 (4b1e8393712..., userDataDir: C:\Users\razda\AppData\Loca...}, fedcm:accounts: true, goog:chromeOptions: {debuggerAddress: localhost:53417}, networkConnectionEnabled: false, pageLoadStrategy: normal, platformName: windows, proxy: Proxy(), se:cdp: ws://localhost:53417/devtoo..., se:cdpVersion: 125.0.6422.142, setWindowRect: true, strictFileInteractability: false, timeouts: {implicit: 0, pageLoad: 300000, script: 30000}, unhandledPromptBehavior: dismiss and notify, webauthn:extension:credBlob: true, webauthn:extension:largeBlob: true, webauthn:extension:minPinLength: true, webauthn:extension:prf: true, webauthn:virtualAuthenticators: true}
Session ID: 0edbb10ba8fe10a82b464c9480201327]]>
            </message>
            <full-stacktrace>
              <![CDATA[org.openqa.selenium.WebDriverException: unknown error: failed to change window state to 'normal', current state is 'maximized'
  (Session info: chrome=125.0.6422.142)
Build info: version: '4.20.0', revision: '866c76ca80'
System info: os.name: 'Windows 10', os.arch: 'amd64', os.version: '10.0', java.version: '21.0.1'
Driver info: org.openqa.selenium.chrome.ChromeDriver
Command: [0edbb10ba8fe10a82b464c9480201327, maximizeCurrentWindow {}]
Capabilities {acceptInsecureCerts: false, browserName: chrome, browserVersion: 125.0.6422.142, chrome: {chromedriverVersion: 125.0.6422.141 (4b1e8393712..., userDataDir: C:\Users\razda\AppData\Loca...}, fedcm:accounts: true, goog:chromeOptions: {debuggerAddress: localhost:53417}, networkConnectionEnabled: false, pageLoadStrategy: normal, platformName: windows, proxy: Proxy(), se:cdp: ws://localhost:53417/devtoo..., se:cdpVersion: 125.0.6422.142, setWindowRect: true, strictFileInteractability: false, timeouts: {implicit: 0, pageLoad: 300000, script: 30000}, unhandledPromptBehavior: dismiss and notify, webauthn:extension:credBlob: true, webauthn:extension:largeBlob: true, webauthn:extension:minPinLength: true, webauthn:extension:prf: true, webauthn:virtualAuthenticators: true}
Session ID: 0edbb10ba8fe10a82b464c9480201327
at java.base/jdk.internal.reflect.DirectConstructorHandleAccessor.newInstance(DirectConstructorHandleAccessor.java:62)
at java.base/java.lang.reflect.Constructor.newInstanceWithCaller(Constructor.java:502)
at java.base/java.lang.reflect.Constructor.newInstance(Constructor.java:486)
at org.openqa.selenium.remote.ErrorCodec.decode(ErrorCodec.java:167)
at org.openqa.selenium.remote.codec.w3c.W3CHttpResponseCodec.decode(W3CHttpResponseCodec.java:138)
at org.openqa.selenium.remote.codec.w3c.W3CHttpResponseCodec.decode(W3CHttpResponseCodec.java:50)
at org.openqa.selenium.remote.HttpCommandExecutor.execute(HttpCommandExecutor.java:190)
at org.openqa.selenium.remote.service.DriverCommandExecutor.invokeExecute(DriverCommandExecutor.java:216)
at org.openqa.selenium.remote.service.DriverCommandExecutor.execute(DriverCommandExecutor.java:174)
at org.openqa.selenium.remote.RemoteWebDriver.execute(RemoteWebDriver.java:518)
at org.openqa.selenium.remote.RemoteWebDriver.execute(RemoteWebDriver.java:591)
at org.openqa.selenium.remote.RemoteWebDriver.execute(RemoteWebDriver.java:595)
at org.openqa.selenium.remote.RemoteWebDriver$RemoteWebDriverOptions$RemoteWindow.maximize(RemoteWebDriver.java:1034)
at com.qa.testcases.ts001.TS001_TC005.TS001_TC005(TS001_TC005.java:26)
at java.base/jdk.internal.reflect.DirectMethodHandleAccessor.invoke(DirectMethodHandleAccessor.java:103)
at java.base/java.lang.reflect.Method.invoke(Method.java:580)
at org.testng.internal.invokers.MethodInvocationHelper.invokeMethod(MethodInvocationHelper.java:139)
at org.testng.internal.invokers.TestInvoker.invokeMethod(TestInvoker.java:664)
at org.testng.internal.invokers.TestInvoker.invokeTestMethod(TestInvoker.java:228)
at org.testng.internal.invokers.MethodRunner.runInSequence(MethodRunner.java:63)
at org.testng.internal.invokers.TestInvoker$MethodInvocationAgent.invoke(TestInvoker.java:961)
at org.testng.internal.invokers.TestInvoker.invokeTestMethods(TestInvoker.java:201)
at org.testng.internal.invokers.TestMethodWorker.invokeTestMethods(TestMethodWorker.java:148)
at org.testng.internal.invokers.TestMethodWorker.run(TestMethodWorker.java:128)
at java.base/java.util.ArrayList.forEach(ArrayList.java:1596)
at org.testng.TestRunner.privateRun(TestRunner.java:819)
at org.testng.TestRunner.run(TestRunner.java:619)
at org.testng.SuiteRunner.runTest(SuiteRunner.java:443)
at org.testng.SuiteRunner.runSequentially(SuiteRunner.java:437)
at org.testng.SuiteRunner.privateRun(SuiteRunner.java:397)
at org.testng.SuiteRunner.run(SuiteRunner.java:336)
at org.testng.SuiteRunnerWorker.runSuite(SuiteRunnerWorker.java:52)
at org.testng.SuiteRunnerWorker.run(SuiteRunnerWorker.java:95)
at org.testng.TestNG.runSuitesSequentially(TestNG.java:1301)
at org.testng.TestNG.runSuitesLocally(TestNG.java:1228)
at org.testng.TestNG.runSuites(TestNG.java:1134)
at org.testng.TestNG.run(TestNG.java:1101)
at org.apache.maven.surefire.testng.TestNGExecutor.run(TestNGExecutor.java:283)
at org.apache.maven.surefire.testng.TestNGXmlTestSuite.execute(TestNGXmlTestSuite.java:75)
at org.apache.maven.surefire.testng.TestNGProvider.invoke(TestNGProvider.java:120)
at org.apache.maven.surefire.booter.ForkedBooter.invokeProviderInSameClassLoader(ForkedBooter.java:384)
at org.apache.maven.surefire.booter.ForkedBooter.runSuitesInProcess(ForkedBooter.java:345)
at org.apache.maven.surefire.booter.ForkedBooter.execute(ForkedBooter.java:126)
at org.apache.maven.surefire.booter.ForkedBooter.main(ForkedBooter.java:418)
]]>
            </full-stacktrace>
          </exception> <!-- org.openqa.selenium.WebDriverException -->
          <reporter-output>
          </reporter-output>
        </test-method> <!-- TS001_TC005 -->
        <test-method is-config="true" signature="Method_TearDown(org.testng.ITestResult)[pri:0, instance:com.qa.testcases.ts001.TS001_TC005@3cd3e762]" started-at="2024-06-16T13:36:26 IST" name="Method_TearDown" finished-at="2024-06-16T13:36:26 IST" duration-ms="125" status="PASS">
          <params>
            <param index="0">
              <value>
                <![CDATA[[TestResult name=TS001_TC005 status=FAILURE method=TS001_TC005.TS001_TC005(java.lang.String)[pri:0, instance:com.qa.testcases.ts001.TS001_TC005@3cd3e762] output={null}]]]>
              </value>
            </param>
          </params>
          <reporter-output>
          </reporter-output>
        </test-method> <!-- Method_TearDown -->
        <test-method signature="TS001_TC005(java.lang.String)[pri:0, instance:com.qa.testcases.ts001.TS001_TC005@3cd3e762]" started-at="2024-06-16T13:36:26 IST" name="TS001_TC005" description="Verify that the password is in encrypted form when entered" data-provider="excelData" finished-at="2024-06-16T13:36:37 IST" duration-ms="11004" status="PASS">
          <params>
            <param index="0">
              <value>
                <![CDATA[@33435##$2]]>
              </value>
            </param>
          </params>
          <reporter-output>
          </reporter-output>
        </test-method> <!-- TS001_TC005 -->
        <test-method is-config="true" signature="Method_StartUp(java.lang.reflect.Method,org.testng.ITestContext)[pri:0, instance:com.qa.testcases.ts001.TS001_TC005@3cd3e762]" started-at="2024-06-16T13:36:26 IST" name="Method_StartUp" finished-at="2024-06-16T13:36:26 IST" duration-ms="0" status="PASS">
          <params>
            <param index="0">
              <value>
                <![CDATA[public void com.qa.testcases.ts001.TS001_TC005.TS001_TC005(java.lang.String) throws java.lang.Exception]]>
              </value>
            </param>
            <param index="1">
              <value>
                <![CDATA[org.testng.TestRunner@7d89a1ce]]>
              </value>
            </param>
          </params>
          <reporter-output>
          </reporter-output>
        </test-method> <!-- Method_StartUp -->
        <test-method is-config="true" signature="Method_TearDown(org.testng.ITestResult)[pri:0, instance:com.qa.testcases.ts001.TS001_TC005@3cd3e762]" started-at="2024-06-16T13:36:37 IST" name="Method_TearDown" finished-at="2024-06-16T13:36:37 IST" duration-ms="4" status="PASS">
          <params>
            <param index="0">
              <value>
                <![CDATA[[TestResult name=TS001_TC005 status=SUCCESS method=TS001_TC005.TS001_TC005(java.lang.String)[pri:0, instance:com.qa.testcases.ts001.TS001_TC005@3cd3e762] output={null}]]]>
              </value>
            </param>
          </params>
          <reporter-output>
          </reporter-output>
        </test-method> <!-- Method_TearDown -->
        <test-method is-config="true" signature="Method_StartUp(java.lang.reflect.Method,org.testng.ITestContext)[pri:0, instance:com.qa.testcases.ts001.TS001_TC005@3cd3e762]" started-at="2024-06-16T13:36:37 IST" name="Method_StartUp" finished-at="2024-06-16T13:36:37 IST" duration-ms="1" status="PASS">
          <params>
            <param index="0">
              <value>
                <![CDATA[public void com.qa.testcases.ts001.TS001_TC005.TS001_TC005(java.lang.String) throws java.lang.Exception]]>
              </value>
            </param>
            <param index="1">
              <value>
                <![CDATA[org.testng.TestRunner@7d89a1ce]]>
              </value>
            </param>
          </params>
          <reporter-output>
          </reporter-output>
        </test-method> <!-- Method_StartUp -->
        <test-method signature="TS001_TC005(java.lang.String)[pri:0, instance:com.qa.testcases.ts001.TS001_TC005@3cd3e762]" started-at="2024-06-16T13:36:37 IST" name="TS001_TC005" description="Verify that the password is in encrypted form when entered" data-provider="excelData" finished-at="2024-06-16T13:36:38 IST" duration-ms="462" status="FAIL">
          <params>
            <param index="0">
              <value>
                <![CDATA[demo23234]]>
              </value>
            </param>
          </params>
          <exception class="org.openqa.selenium.WebDriverException">
            <message>
              <![CDATA[unknown error: failed to change window state to 'normal', current state is 'maximized'
  (Session info: chrome=125.0.6422.142)
Build info: version: '4.20.0', revision: '866c76ca80'
System info: os.name: 'Windows 10', os.arch: 'amd64', os.version: '10.0', java.version: '21.0.1'
Driver info: org.openqa.selenium.chrome.ChromeDriver
Command: [0edbb10ba8fe10a82b464c9480201327, maximizeCurrentWindow {}]
Capabilities {acceptInsecureCerts: false, browserName: chrome, browserVersion: 125.0.6422.142, chrome: {chromedriverVersion: 125.0.6422.141 (4b1e8393712..., userDataDir: C:\Users\razda\AppData\Loca...}, fedcm:accounts: true, goog:chromeOptions: {debuggerAddress: localhost:53417}, networkConnectionEnabled: false, pageLoadStrategy: normal, platformName: windows, proxy: Proxy(), se:cdp: ws://localhost:53417/devtoo..., se:cdpVersion: 125.0.6422.142, setWindowRect: true, strictFileInteractability: false, timeouts: {implicit: 0, pageLoad: 300000, script: 30000}, unhandledPromptBehavior: dismiss and notify, webauthn:extension:credBlob: true, webauthn:extension:largeBlob: true, webauthn:extension:minPinLength: true, webauthn:extension:prf: true, webauthn:virtualAuthenticators: true}
Session ID: 0edbb10ba8fe10a82b464c9480201327]]>
            </message>
            <full-stacktrace>
              <![CDATA[org.openqa.selenium.WebDriverException: unknown error: failed to change window state to 'normal', current state is 'maximized'
  (Session info: chrome=125.0.6422.142)
Build info: version: '4.20.0', revision: '866c76ca80'
System info: os.name: 'Windows 10', os.arch: 'amd64', os.version: '10.0', java.version: '21.0.1'
Driver info: org.openqa.selenium.chrome.ChromeDriver
Command: [0edbb10ba8fe10a82b464c9480201327, maximizeCurrentWindow {}]
Capabilities {acceptInsecureCerts: false, browserName: chrome, browserVersion: 125.0.6422.142, chrome: {chromedriverVersion: 125.0.6422.141 (4b1e8393712..., userDataDir: C:\Users\razda\AppData\Loca...}, fedcm:accounts: true, goog:chromeOptions: {debuggerAddress: localhost:53417}, networkConnectionEnabled: false, pageLoadStrategy: normal, platformName: windows, proxy: Proxy(), se:cdp: ws://localhost:53417/devtoo..., se:cdpVersion: 125.0.6422.142, setWindowRect: true, strictFileInteractability: false, timeouts: {implicit: 0, pageLoad: 300000, script: 30000}, unhandledPromptBehavior: dismiss and notify, webauthn:extension:credBlob: true, webauthn:extension:largeBlob: true, webauthn:extension:minPinLength: true, webauthn:extension:prf: true, webauthn:virtualAuthenticators: true}
Session ID: 0edbb10ba8fe10a82b464c9480201327
at java.base/jdk.internal.reflect.DirectConstructorHandleAccessor.newInstance(DirectConstructorHandleAccessor.java:62)
at java.base/java.lang.reflect.Constructor.newInstanceWithCaller(Constructor.java:502)
at java.base/java.lang.reflect.Constructor.newInstance(Constructor.java:486)
at org.openqa.selenium.remote.ErrorCodec.decode(ErrorCodec.java:167)
at org.openqa.selenium.remote.codec.w3c.W3CHttpResponseCodec.decode(W3CHttpResponseCodec.java:138)
at org.openqa.selenium.remote.codec.w3c.W3CHttpResponseCodec.decode(W3CHttpResponseCodec.java:50)
at org.openqa.selenium.remote.HttpCommandExecutor.execute(HttpCommandExecutor.java:190)
at org.openqa.selenium.remote.service.DriverCommandExecutor.invokeExecute(DriverCommandExecutor.java:216)
at org.openqa.selenium.remote.service.DriverCommandExecutor.execute(DriverCommandExecutor.java:174)
at org.openqa.selenium.remote.RemoteWebDriver.execute(RemoteWebDriver.java:518)
at org.openqa.selenium.remote.RemoteWebDriver.execute(RemoteWebDriver.java:591)
at org.openqa.selenium.remote.RemoteWebDriver.execute(RemoteWebDriver.java:595)
at org.openqa.selenium.remote.RemoteWebDriver$RemoteWebDriverOptions$RemoteWindow.maximize(RemoteWebDriver.java:1034)
at com.qa.testcases.ts001.TS001_TC005.TS001_TC005(TS001_TC005.java:26)
at java.base/jdk.internal.reflect.DirectMethodHandleAccessor.invoke(DirectMethodHandleAccessor.java:103)
at java.base/java.lang.reflect.Method.invoke(Method.java:580)
at org.testng.internal.invokers.MethodInvocationHelper.invokeMethod(MethodInvocationHelper.java:139)
at org.testng.internal.invokers.TestInvoker.invokeMethod(TestInvoker.java:664)
at org.testng.internal.invokers.TestInvoker.invokeTestMethod(TestInvoker.java:228)
at org.testng.internal.invokers.MethodRunner.runInSequence(MethodRunner.java:63)
at org.testng.internal.invokers.TestInvoker$MethodInvocationAgent.invoke(TestInvoker.java:961)
at org.testng.internal.invokers.TestInvoker.invokeTestMethods(TestInvoker.java:201)
at org.testng.internal.invokers.TestMethodWorker.invokeTestMethods(TestMethodWorker.java:148)
at org.testng.internal.invokers.TestMethodWorker.run(TestMethodWorker.java:128)
at java.base/java.util.ArrayList.forEach(ArrayList.java:1596)
at org.testng.TestRunner.privateRun(TestRunner.java:819)
at org.testng.TestRunner.run(TestRunner.java:619)
at org.testng.SuiteRunner.runTest(SuiteRunner.java:443)
at org.testng.SuiteRunner.runSequentially(SuiteRunner.java:437)
at org.testng.SuiteRunner.privateRun(SuiteRunner.java:397)
at org.testng.SuiteRunner.run(SuiteRunner.java:336)
at org.testng.SuiteRunnerWorker.runSuite(SuiteRunnerWorker.java:52)
at org.testng.SuiteRunnerWorker.run(SuiteRunnerWorker.java:95)
at org.testng.TestNG.runSuitesSequentially(TestNG.java:1301)
at org.testng.TestNG.runSuitesLocally(TestNG.java:1228)
at org.testng.TestNG.runSuites(TestNG.java:1134)
at org.testng.TestNG.run(TestNG.java:1101)
at org.apache.maven.surefire.testng.TestNGExecutor.run(TestNGExecutor.java:283)
at org.apache.maven.surefire.testng.TestNGXmlTestSuite.execute(TestNGXmlTestSuite.java:75)
at org.apache.maven.surefire.testng.TestNGProvider.invoke(TestNGProvider.java:120)
at org.apache.maven.surefire.booter.ForkedBooter.invokeProviderInSameClassLoader(ForkedBooter.java:384)
at org.apache.maven.surefire.booter.ForkedBooter.runSuitesInProcess(ForkedBooter.java:345)
at org.apache.maven.surefire.booter.ForkedBooter.execute(ForkedBooter.java:126)
at org.apache.maven.surefire.booter.ForkedBooter.main(ForkedBooter.java:418)
]]>
            </full-stacktrace>
          </exception> <!-- org.openqa.selenium.WebDriverException -->
          <reporter-output>
          </reporter-output>
        </test-method> <!-- TS001_TC005 -->
        <test-method is-config="true" signature="Method_TearDown(org.testng.ITestResult)[pri:0, instance:com.qa.testcases.ts001.TS001_TC005@3cd3e762]" started-at="2024-06-16T13:36:38 IST" name="Method_TearDown" finished-at="2024-06-16T13:36:38 IST" duration-ms="190" status="PASS">
          <params>
            <param index="0">
              <value>
                <![CDATA[[TestResult name=TS001_TC005 status=FAILURE method=TS001_TC005.TS001_TC005(java.lang.String)[pri:0, instance:com.qa.testcases.ts001.TS001_TC005@3cd3e762] output={null}]]]>
              </value>
            </param>
          </params>
          <reporter-output>
          </reporter-output>
        </test-method> <!-- Method_TearDown -->
        <test-method is-config="true" signature="tearDown()[pri:0, instance:com.qa.testcases.ts001.TS001_TC005@3cd3e762]" started-at="2024-06-16T13:36:38 IST" name="tearDown" finished-at="2024-06-16T13:36:39 IST" duration-ms="1067" status="PASS">
          <reporter-output>
          </reporter-output>
        </test-method> <!-- tearDown -->
      </class> <!-- com.qa.testcases.ts001.TS001_TC005 -->
      <class name="com.qa.testcases.ts001.TS001_TC004">
        <test-method is-config="true" signature="setup(java.lang.String)[pri:0, instance:com.qa.testcases.ts001.TS001_TC004@3b0090a4]" started-at="2024-06-16T13:32:23 IST" name="setup" finished-at="2024-06-16T13:32:51 IST" duration-ms="28613" status="PASS">
          <params>
            <param index="0">
              <value>
                <![CDATA[chrome]]>
              </value>
            </param>
          </params>
          <reporter-output>
          </reporter-output>
        </test-method> <!-- setup -->
        <test-method is-config="true" signature="Method_StartUp(java.lang.reflect.Method,org.testng.ITestContext)[pri:0, instance:com.qa.testcases.ts001.TS001_TC004@3b0090a4]" started-at="2024-06-16T13:32:52 IST" name="Method_StartUp" finished-at="2024-06-16T13:32:52 IST" duration-ms="6" status="PASS">
          <params>
            <param index="0">
              <value>
                <![CDATA[public void com.qa.testcases.ts001.TS001_TC004.TS001_TC004(java.lang.String,java.lang.String,java.lang.String,java.lang.String,java.lang.String,java.lang.String,java.lang.String,java.lang.String,java.lang.String,java.lang.String) throws java.lang.Exception]]>
              </value>
            </param>
            <param index="1">
              <value>
                <![CDATA[org.testng.TestRunner@7d89a1ce]]>
              </value>
            </param>
          </params>
          <reporter-output>
          </reporter-output>
        </test-method> <!-- Method_StartUp -->
        <test-method signature="TS001_TC004(java.lang.String,java.lang.String,java.lang.String,java.lang.String,java.lang.String,java.lang.String,java.lang.String,java.lang.String,java.lang.String,java.lang.String)[pri:0, instance:com.qa.testcases.ts001.TS001_TC004@3b0090a4]" started-at="2024-06-16T13:32:52 IST" name="TS001_TC004" description="Verify that entering blank spaces on mandatory fields lead to validation error" data-provider="excelData" finished-at="2024-06-16T13:33:26 IST" duration-ms="34899" status="PASS">
          <params>
            <param index="0">
              <value>
                <![CDATA[ ]]>
              </value>
            </param>
            <param index="1">
              <value>
                <![CDATA[ ]]>
              </value>
            </param>
            <param index="2">
              <value>
                <![CDATA[ ]]>
              </value>
            </param>
            <param index="3">
              <value>
                <![CDATA[ ]]>
              </value>
            </param>
            <param index="4">
              <value>
                <![CDATA[ ]]>
              </value>
            </param>
            <param index="5">
              <value>
                <![CDATA[This is a required field.]]>
              </value>
            </param>
            <param index="6">
              <value>
                <![CDATA[This is a required field.]]>
              </value>
            </param>
            <param index="7">
              <value>
                <![CDATA[This is a required field.]]>
              </value>
            </param>
            <param index="8">
              <value>
                <![CDATA[This is a required field.]]>
              </value>
            </param>
            <param index="9">
              <value>
                <![CDATA[This is a required field.]]>
              </value>
            </param>
          </params>
          <reporter-output>
          </reporter-output>
        </test-method> <!-- TS001_TC004 -->
        <test-method is-config="true" signature="Method_TearDown(org.testng.ITestResult)[pri:0, instance:com.qa.testcases.ts001.TS001_TC004@3b0090a4]" started-at="2024-06-16T13:33:26 IST" name="Method_TearDown" finished-at="2024-06-16T13:33:26 IST" duration-ms="1" status="PASS">
          <params>
            <param index="0">
              <value>
                <![CDATA[[TestResult name=TS001_TC004 status=SUCCESS method=TS001_TC004.TS001_TC004(java.lang.String,java.lang.String,java.lang.String,java.lang.String,java.lang.String,java.lang.String,java.lang.String,java.lang.String,java.lang.String,java.lang.String)[pri:0, instance:com.qa.testcases.ts001.TS001_TC004@3b0090a4] output={null}]]]>
              </value>
            </param>
          </params>
          <reporter-output>
          </reporter-output>
        </test-method> <!-- Method_TearDown -->
        <test-method is-config="true" signature="Method_StartUp(java.lang.reflect.Method,org.testng.ITestContext)[pri:0, instance:com.qa.testcases.ts001.TS001_TC004@3b0090a4]" started-at="2024-06-16T13:33:26 IST" name="Method_StartUp" finished-at="2024-06-16T13:33:26 IST" duration-ms="1" status="PASS">
          <params>
            <param index="0">
              <value>
                <![CDATA[public void com.qa.testcases.ts001.TS001_TC004.TS001_TC004(java.lang.String,java.lang.String,java.lang.String,java.lang.String,java.lang.String,java.lang.String,java.lang.String,java.lang.String,java.lang.String,java.lang.String) throws java.lang.Exception]]>
              </value>
            </param>
            <param index="1">
              <value>
                <![CDATA[org.testng.TestRunner@7d89a1ce]]>
              </value>
            </param>
          </params>
          <reporter-output>
          </reporter-output>
        </test-method> <!-- Method_StartUp -->
        <test-method signature="TS001_TC004(java.lang.String,java.lang.String,java.lang.String,java.lang.String,java.lang.String,java.lang.String,java.lang.String,java.lang.String,java.lang.String,java.lang.String)[pri:0, instance:com.qa.testcases.ts001.TS001_TC004@3b0090a4]" started-at="2024-06-16T13:33:26 IST" name="TS001_TC004" description="Verify that entering blank spaces on mandatory fields lead to validation error" data-provider="excelData" finished-at="2024-06-16T13:33:54 IST" duration-ms="27489" status="FAIL">
          <params>
            <param index="0">
              <value>
                <![CDATA[Demo ]]>
              </value>
            </param>
            <param index="1">
              <value>
                <![CDATA[ ]]>
              </value>
            </param>
            <param index="2">
              <value>
                <![CDATA[ ]]>
              </value>
            </param>
            <param index="3">
              <value>
                <![CDATA[ ]]>
              </value>
            </param>
            <param index="4">
              <value>
                <![CDATA[ ]]>
              </value>
            </param>
            <param index="5">
              <value>
                <![CDATA[This is a required field.]]>
              </value>
            </param>
            <param index="6">
              <value>
                <![CDATA[This is a required field.]]>
              </value>
            </param>
            <param index="7">
              <value>
                <![CDATA[This is a required field.]]>
              </value>
            </param>
            <param index="8">
              <value>
                <![CDATA[This is a required field.]]>
              </value>
            </param>
            <param index="9">
              <value>
                <![CDATA[This is a required field.]]>
              </value>
            </param>
          </params>
          <exception class="java.lang.AssertionError">
            <message>
              <![CDATA[The following asserts failed:
expected [true] but found [false],
expected [true] but found [false]]]>
            </message>
            <full-stacktrace>
              <![CDATA[java.lang.AssertionError: The following asserts failed:
expected [true] but found [false],
expected [true] but found [false]
at org.testng.asserts.SoftAssert.assertAll(SoftAssert.java:46)
at org.testng.asserts.SoftAssert.assertAll(SoftAssert.java:30)
at com.qa.testcases.ts001.TS001_TC004.TS001_TC004(TS001_TC004.java:154)
at java.base/jdk.internal.reflect.DirectMethodHandleAccessor.invoke(DirectMethodHandleAccessor.java:103)
at java.base/java.lang.reflect.Method.invoke(Method.java:580)
at org.testng.internal.invokers.MethodInvocationHelper.invokeMethod(MethodInvocationHelper.java:139)
at org.testng.internal.invokers.TestInvoker.invokeMethod(TestInvoker.java:664)
at org.testng.internal.invokers.TestInvoker.invokeTestMethod(TestInvoker.java:228)
at org.testng.internal.invokers.MethodRunner.runInSequence(MethodRunner.java:63)
at org.testng.internal.invokers.TestInvoker$MethodInvocationAgent.invoke(TestInvoker.java:961)
at org.testng.internal.invokers.TestInvoker.invokeTestMethods(TestInvoker.java:201)
at org.testng.internal.invokers.TestMethodWorker.invokeTestMethods(TestMethodWorker.java:148)
at org.testng.internal.invokers.TestMethodWorker.run(TestMethodWorker.java:128)
at java.base/java.util.ArrayList.forEach(ArrayList.java:1596)
at org.testng.TestRunner.privateRun(TestRunner.java:819)
at org.testng.TestRunner.run(TestRunner.java:619)
at org.testng.SuiteRunner.runTest(SuiteRunner.java:443)
at org.testng.SuiteRunner.runSequentially(SuiteRunner.java:437)
at org.testng.SuiteRunner.privateRun(SuiteRunner.java:397)
at org.testng.SuiteRunner.run(SuiteRunner.java:336)
at org.testng.SuiteRunnerWorker.runSuite(SuiteRunnerWorker.java:52)
at org.testng.SuiteRunnerWorker.run(SuiteRunnerWorker.java:95)
at org.testng.TestNG.runSuitesSequentially(TestNG.java:1301)
at org.testng.TestNG.runSuitesLocally(TestNG.java:1228)
at org.testng.TestNG.runSuites(TestNG.java:1134)
at org.testng.TestNG.run(TestNG.java:1101)
at org.apache.maven.surefire.testng.TestNGExecutor.run(TestNGExecutor.java:283)
at org.apache.maven.surefire.testng.TestNGXmlTestSuite.execute(TestNGXmlTestSuite.java:75)
at org.apache.maven.surefire.testng.TestNGProvider.invoke(TestNGProvider.java:120)
at org.apache.maven.surefire.booter.ForkedBooter.invokeProviderInSameClassLoader(ForkedBooter.java:384)
at org.apache.maven.surefire.booter.ForkedBooter.runSuitesInProcess(ForkedBooter.java:345)
at org.apache.maven.surefire.booter.ForkedBooter.execute(ForkedBooter.java:126)
at org.apache.maven.surefire.booter.ForkedBooter.main(ForkedBooter.java:418)
]]>
            </full-stacktrace>
          </exception> <!-- java.lang.AssertionError -->
          <reporter-output>
          </reporter-output>
        </test-method> <!-- TS001_TC004 -->
        <test-method is-config="true" signature="Method_TearDown(org.testng.ITestResult)[pri:0, instance:com.qa.testcases.ts001.TS001_TC004@3b0090a4]" started-at="2024-06-16T13:33:54 IST" name="Method_TearDown" finished-at="2024-06-16T13:33:54 IST" duration-ms="222" status="PASS">
          <params>
            <param index="0">
              <value>
                <![CDATA[[TestResult name=TS001_TC004 status=FAILURE method=TS001_TC004.TS001_TC004(java.lang.String,java.lang.String,java.lang.String,java.lang.String,java.lang.String,java.lang.String,java.lang.String,java.lang.String,java.lang.String,java.lang.String)[pri:0, instance:com.qa.testcases.ts001.TS001_TC004@3b0090a4] output={null}]]]>
              </value>
            </param>
          </params>
          <reporter-output>
          </reporter-output>
        </test-method> <!-- Method_TearDown -->
        <test-method is-config="true" signature="Method_StartUp(java.lang.reflect.Method,org.testng.ITestContext)[pri:0, instance:com.qa.testcases.ts001.TS001_TC004@3b0090a4]" started-at="2024-06-16T13:33:54 IST" name="Method_StartUp" finished-at="2024-06-16T13:33:54 IST" duration-ms="1" status="PASS">
          <params>
            <param index="0">
              <value>
                <![CDATA[public void com.qa.testcases.ts001.TS001_TC004.TS001_TC004(java.lang.String,java.lang.String,java.lang.String,java.lang.String,java.lang.String,java.lang.String,java.lang.String,java.lang.String,java.lang.String,java.lang.String) throws java.lang.Exception]]>
              </value>
            </param>
            <param index="1">
              <value>
                <![CDATA[org.testng.TestRunner@7d89a1ce]]>
              </value>
            </param>
          </params>
          <reporter-output>
          </reporter-output>
        </test-method> <!-- Method_StartUp -->
        <test-method signature="TS001_TC004(java.lang.String,java.lang.String,java.lang.String,java.lang.String,java.lang.String,java.lang.String,java.lang.String,java.lang.String,java.lang.String,java.lang.String)[pri:0, instance:com.qa.testcases.ts001.TS001_TC004@3b0090a4]" started-at="2024-06-16T13:33:54 IST" name="TS001_TC004" description="Verify that entering blank spaces on mandatory fields lead to validation error" data-provider="excelData" finished-at="2024-06-16T13:34:21 IST" duration-ms="26635" status="FAIL">
          <params>
            <param index="0">
              <value>
                <![CDATA[Demo ]]>
              </value>
            </param>
            <param index="1">
              <value>
                <![CDATA[Demo ]]>
              </value>
            </param>
            <param index="2">
              <value>
                <![CDATA[ ]]>
              </value>
            </param>
            <param index="3">
              <value>
                <![CDATA[ ]]>
              </value>
            </param>
            <param index="4">
              <value>
                <![CDATA[ ]]>
              </value>
            </param>
            <param index="5">
              <value>
                <![CDATA[This is a required field.]]>
              </value>
            </param>
            <param index="6">
              <value>
                <![CDATA[This is a required field.]]>
              </value>
            </param>
            <param index="7">
              <value>
                <![CDATA[This is a required field.]]>
              </value>
            </param>
            <param index="8">
              <value>
                <![CDATA[This is a required field.]]>
              </value>
            </param>
            <param index="9">
              <value>
                <![CDATA[This is a required field.]]>
              </value>
            </param>
          </params>
          <exception class="java.lang.AssertionError">
            <message>
              <![CDATA[The following asserts failed:
expected [true] but found [false],
expected [true] but found [false]]]>
            </message>
            <full-stacktrace>
              <![CDATA[java.lang.AssertionError: The following asserts failed:
expected [true] but found [false],
expected [true] but found [false]
at org.testng.asserts.SoftAssert.assertAll(SoftAssert.java:46)
at org.testng.asserts.SoftAssert.assertAll(SoftAssert.java:30)
at com.qa.testcases.ts001.TS001_TC004.TS001_TC004(TS001_TC004.java:154)
at java.base/jdk.internal.reflect.DirectMethodHandleAccessor.invoke(DirectMethodHandleAccessor.java:103)
at java.base/java.lang.reflect.Method.invoke(Method.java:580)
at org.testng.internal.invokers.MethodInvocationHelper.invokeMethod(MethodInvocationHelper.java:139)
at org.testng.internal.invokers.TestInvoker.invokeMethod(TestInvoker.java:664)
at org.testng.internal.invokers.TestInvoker.invokeTestMethod(TestInvoker.java:228)
at org.testng.internal.invokers.MethodRunner.runInSequence(MethodRunner.java:63)
at org.testng.internal.invokers.TestInvoker$MethodInvocationAgent.invoke(TestInvoker.java:961)
at org.testng.internal.invokers.TestInvoker.invokeTestMethods(TestInvoker.java:201)
at org.testng.internal.invokers.TestMethodWorker.invokeTestMethods(TestMethodWorker.java:148)
at org.testng.internal.invokers.TestMethodWorker.run(TestMethodWorker.java:128)
at java.base/java.util.ArrayList.forEach(ArrayList.java:1596)
at org.testng.TestRunner.privateRun(TestRunner.java:819)
at org.testng.TestRunner.run(TestRunner.java:619)
at org.testng.SuiteRunner.runTest(SuiteRunner.java:443)
at org.testng.SuiteRunner.runSequentially(SuiteRunner.java:437)
at org.testng.SuiteRunner.privateRun(SuiteRunner.java:397)
at org.testng.SuiteRunner.run(SuiteRunner.java:336)
at org.testng.SuiteRunnerWorker.runSuite(SuiteRunnerWorker.java:52)
at org.testng.SuiteRunnerWorker.run(SuiteRunnerWorker.java:95)
at org.testng.TestNG.runSuitesSequentially(TestNG.java:1301)
at org.testng.TestNG.runSuitesLocally(TestNG.java:1228)
at org.testng.TestNG.runSuites(TestNG.java:1134)
at org.testng.TestNG.run(TestNG.java:1101)
at org.apache.maven.surefire.testng.TestNGExecutor.run(TestNGExecutor.java:283)
at org.apache.maven.surefire.testng.TestNGXmlTestSuite.execute(TestNGXmlTestSuite.java:75)
at org.apache.maven.surefire.testng.TestNGProvider.invoke(TestNGProvider.java:120)
at org.apache.maven.surefire.booter.ForkedBooter.invokeProviderInSameClassLoader(ForkedBooter.java:384)
at org.apache.maven.surefire.booter.ForkedBooter.runSuitesInProcess(ForkedBooter.java:345)
at org.apache.maven.surefire.booter.ForkedBooter.execute(ForkedBooter.java:126)
at org.apache.maven.surefire.booter.ForkedBooter.main(ForkedBooter.java:418)
]]>
            </full-stacktrace>
          </exception> <!-- java.lang.AssertionError -->
          <reporter-output>
          </reporter-output>
        </test-method> <!-- TS001_TC004 -->
        <test-method is-config="true" signature="Method_TearDown(org.testng.ITestResult)[pri:0, instance:com.qa.testcases.ts001.TS001_TC004@3b0090a4]" started-at="2024-06-16T13:34:21 IST" name="Method_TearDown" finished-at="2024-06-16T13:34:21 IST" duration-ms="239" status="PASS">
          <params>
            <param index="0">
              <value>
                <![CDATA[[TestResult name=TS001_TC004 status=FAILURE method=TS001_TC004.TS001_TC004(java.lang.String,java.lang.String,java.lang.String,java.lang.String,java.lang.String,java.lang.String,java.lang.String,java.lang.String,java.lang.String,java.lang.String)[pri:0, instance:com.qa.testcases.ts001.TS001_TC004@3b0090a4] output={null}]]]>
              </value>
            </param>
          </params>
          <reporter-output>
          </reporter-output>
        </test-method> <!-- Method_TearDown -->
        <test-method is-config="true" signature="Method_StartUp(java.lang.reflect.Method,org.testng.ITestContext)[pri:0, instance:com.qa.testcases.ts001.TS001_TC004@3b0090a4]" started-at="2024-06-16T13:34:21 IST" name="Method_StartUp" finished-at="2024-06-16T13:34:21 IST" duration-ms="1" status="PASS">
          <params>
            <param index="0">
              <value>
                <![CDATA[public void com.qa.testcases.ts001.TS001_TC004.TS001_TC004(java.lang.String,java.lang.String,java.lang.String,java.lang.String,java.lang.String,java.lang.String,java.lang.String,java.lang.String,java.lang.String,java.lang.String) throws java.lang.Exception]]>
              </value>
            </param>
            <param index="1">
              <value>
                <![CDATA[org.testng.TestRunner@7d89a1ce]]>
              </value>
            </param>
          </params>
          <reporter-output>
          </reporter-output>
        </test-method> <!-- Method_StartUp -->
        <test-method signature="TS001_TC004(java.lang.String,java.lang.String,java.lang.String,java.lang.String,java.lang.String,java.lang.String,java.lang.String,java.lang.String,java.lang.String,java.lang.String)[pri:0, instance:com.qa.testcases.ts001.TS001_TC004@3b0090a4]" started-at="2024-06-16T13:34:21 IST" name="TS001_TC004" description="Verify that entering blank spaces on mandatory fields lead to validation error" data-provider="excelData" finished-at="2024-06-16T13:34:49 IST" duration-ms="27728" status="FAIL">
          <params>
            <param index="0">
              <value>
                <![CDATA[Demo ]]>
              </value>
            </param>
            <param index="1">
              <value>
                <![CDATA[Demo ]]>
              </value>
            </param>
            <param index="2">
              <value>
                <![CDATA[Demo ]]>
              </value>
            </param>
            <param index="3">
              <value>
                <![CDATA[ ]]>
              </value>
            </param>
            <param index="4">
              <value>
                <![CDATA[ ]]>
              </value>
            </param>
            <param index="5">
              <value>
                <![CDATA[This is a required field.]]>
              </value>
            </param>
            <param index="6">
              <value>
                <![CDATA[This is a required field.]]>
              </value>
            </param>
            <param index="7">
              <value>
                <![CDATA[This is a required field.]]>
              </value>
            </param>
            <param index="8">
              <value>
                <![CDATA[This is a required field.]]>
              </value>
            </param>
            <param index="9">
              <value>
                <![CDATA[This is a required field.]]>
              </value>
            </param>
          </params>
          <exception class="org.openqa.selenium.NoSuchElementException">
            <message>
              <![CDATA[no such element: Unable to locate element: {"method":"xpath","selector":"//*[@id="firstname-error"]"}
  (Session info: chrome=125.0.6422.142)
For documentation on this error, please visit: https://www.selenium.dev/documentation/webdriver/troubleshooting/errors#no-such-element-exception
Build info: version: '4.20.0', revision: '866c76ca80'
System info: os.name: 'Windows 10', os.arch: 'amd64', os.version: '10.0', java.version: '21.0.1'
Driver info: org.openqa.selenium.chrome.ChromeDriver
Command: [f26b0f7c3ec9f73cef7ca1664229b1f4, findElement {value=//*[@id="firstname-error"], using=xpath}]
Capabilities {acceptInsecureCerts: false, browserName: chrome, browserVersion: 125.0.6422.142, chrome: {chromedriverVersion: 125.0.6422.141 (4b1e8393712..., userDataDir: C:\Users\razda\AppData\Loca...}, fedcm:accounts: true, goog:chromeOptions: {debuggerAddress: localhost:53304}, networkConnectionEnabled: false, pageLoadStrategy: normal, platformName: windows, proxy: Proxy(), se:cdp: ws://localhost:53304/devtoo..., se:cdpVersion: 125.0.6422.142, setWindowRect: true, strictFileInteractability: false, timeouts: {implicit: 0, pageLoad: 300000, script: 30000}, unhandledPromptBehavior: dismiss and notify, webauthn:extension:credBlob: true, webauthn:extension:largeBlob: true, webauthn:extension:minPinLength: true, webauthn:extension:prf: true, webauthn:virtualAuthenticators: true}
Session ID: f26b0f7c3ec9f73cef7ca1664229b1f4]]>
            </message>
            <full-stacktrace>
              <![CDATA[org.openqa.selenium.NoSuchElementException: no such element: Unable to locate element: {"method":"xpath","selector":"//*[@id="firstname-error"]"}
  (Session info: chrome=125.0.6422.142)
For documentation on this error, please visit: https://www.selenium.dev/documentation/webdriver/troubleshooting/errors#no-such-element-exception
Build info: version: '4.20.0', revision: '866c76ca80'
System info: os.name: 'Windows 10', os.arch: 'amd64', os.version: '10.0', java.version: '21.0.1'
Driver info: org.openqa.selenium.chrome.ChromeDriver
Command: [f26b0f7c3ec9f73cef7ca1664229b1f4, findElement {value=//*[@id="firstname-error"], using=xpath}]
Capabilities {acceptInsecureCerts: false, browserName: chrome, browserVersion: 125.0.6422.142, chrome: {chromedriverVersion: 125.0.6422.141 (4b1e8393712..., userDataDir: C:\Users\razda\AppData\Loca...}, fedcm:accounts: true, goog:chromeOptions: {debuggerAddress: localhost:53304}, networkConnectionEnabled: false, pageLoadStrategy: normal, platformName: windows, proxy: Proxy(), se:cdp: ws://localhost:53304/devtoo..., se:cdpVersion: 125.0.6422.142, setWindowRect: true, strictFileInteractability: false, timeouts: {implicit: 0, pageLoad: 300000, script: 30000}, unhandledPromptBehavior: dismiss and notify, webauthn:extension:credBlob: true, webauthn:extension:largeBlob: true, webauthn:extension:minPinLength: true, webauthn:extension:prf: true, webauthn:virtualAuthenticators: true}
Session ID: f26b0f7c3ec9f73cef7ca1664229b1f4
at java.base/jdk.internal.reflect.DirectConstructorHandleAccessor.newInstance(DirectConstructorHandleAccessor.java:62)
at java.base/java.lang.reflect.Constructor.newInstanceWithCaller(Constructor.java:502)
at java.base/java.lang.reflect.Constructor.newInstance(Constructor.java:486)
at org.openqa.selenium.remote.ErrorCodec.decode(ErrorCodec.java:167)
at org.openqa.selenium.remote.codec.w3c.W3CHttpResponseCodec.decode(W3CHttpResponseCodec.java:138)
at org.openqa.selenium.remote.codec.w3c.W3CHttpResponseCodec.decode(W3CHttpResponseCodec.java:50)
at org.openqa.selenium.remote.HttpCommandExecutor.execute(HttpCommandExecutor.java:190)
at org.openqa.selenium.remote.service.DriverCommandExecutor.invokeExecute(DriverCommandExecutor.java:216)
at org.openqa.selenium.remote.service.DriverCommandExecutor.execute(DriverCommandExecutor.java:174)
at org.openqa.selenium.remote.RemoteWebDriver.execute(RemoteWebDriver.java:518)
at org.openqa.selenium.remote.ElementLocation$ElementFinder$2.findElement(ElementLocation.java:165)
at org.openqa.selenium.remote.ElementLocation.findElement(ElementLocation.java:59)
at org.openqa.selenium.remote.RemoteWebDriver.findElement(RemoteWebDriver.java:355)
at org.openqa.selenium.remote.RemoteWebDriver.findElement(RemoteWebDriver.java:349)
at org.openqa.selenium.support.pagefactory.DefaultElementLocator.findElement(DefaultElementLocator.java:68)
at org.openqa.selenium.support.pagefactory.internal.LocatingElementHandler.invoke(LocatingElementHandler.java:38)
at jdk.proxy2/jdk.proxy2.$Proxy17.getText(Unknown Source)
at com.qa.pages.CreateAnAccountPage.GetMandatoryErrorFirstName(CreateAnAccountPage.java:197)
at com.qa.testcases.ts001.TS001_TC004.TS001_TC004(TS001_TC004.java:118)
at java.base/jdk.internal.reflect.DirectMethodHandleAccessor.invoke(DirectMethodHandleAccessor.java:103)
at java.base/java.lang.reflect.Method.invoke(Method.java:580)
at org.testng.internal.invokers.MethodInvocationHelper.invokeMethod(MethodInvocationHelper.java:139)
at org.testng.internal.invokers.TestInvoker.invokeMethod(TestInvoker.java:664)
at org.testng.internal.invokers.TestInvoker.invokeTestMethod(TestInvoker.java:228)
at org.testng.internal.invokers.MethodRunner.runInSequence(MethodRunner.java:63)
at org.testng.internal.invokers.TestInvoker$MethodInvocationAgent.invoke(TestInvoker.java:961)
at org.testng.internal.invokers.TestInvoker.invokeTestMethods(TestInvoker.java:201)
at org.testng.internal.invokers.TestMethodWorker.invokeTestMethods(TestMethodWorker.java:148)
at org.testng.internal.invokers.TestMethodWorker.run(TestMethodWorker.java:128)
at java.base/java.util.ArrayList.forEach(ArrayList.java:1596)
at org.testng.TestRunner.privateRun(TestRunner.java:819)
at org.testng.TestRunner.run(TestRunner.java:619)
at org.testng.SuiteRunner.runTest(SuiteRunner.java:443)
at org.testng.SuiteRunner.runSequentially(SuiteRunner.java:437)
at org.testng.SuiteRunner.privateRun(SuiteRunner.java:397)
at org.testng.SuiteRunner.run(SuiteRunner.java:336)
at org.testng.SuiteRunnerWorker.runSuite(SuiteRunnerWorker.java:52)
at org.testng.SuiteRunnerWorker.run(SuiteRunnerWorker.java:95)
at org.testng.TestNG.runSuitesSequentially(TestNG.java:1301)
at org.testng.TestNG.runSuitesLocally(TestNG.java:1228)
at org.testng.TestNG.runSuites(TestNG.java:1134)
at org.testng.TestNG.run(TestNG.java:1101)
at org.apache.maven.surefire.testng.TestNGExecutor.run(TestNGExecutor.java:283)
at org.apache.maven.surefire.testng.TestNGXmlTestSuite.execute(TestNGXmlTestSuite.java:75)
at org.apache.maven.surefire.testng.TestNGProvider.invoke(TestNGProvider.java:120)
at org.apache.maven.surefire.booter.ForkedBooter.invokeProviderInSameClassLoader(ForkedBooter.java:384)
at org.apache.maven.surefire.booter.ForkedBooter.runSuitesInProcess(ForkedBooter.java:345)
at org.apache.maven.surefire.booter.ForkedBooter.execute(ForkedBooter.java:126)
at org.apache.maven.surefire.booter.ForkedBooter.main(ForkedBooter.java:418)
]]>
            </full-stacktrace>
          </exception> <!-- org.openqa.selenium.NoSuchElementException -->
          <reporter-output>
          </reporter-output>
        </test-method> <!-- TS001_TC004 -->
        <test-method is-config="true" signature="Method_TearDown(org.testng.ITestResult)[pri:0, instance:com.qa.testcases.ts001.TS001_TC004@3b0090a4]" started-at="2024-06-16T13:34:49 IST" name="Method_TearDown" finished-at="2024-06-16T13:34:49 IST" duration-ms="162" status="PASS">
          <params>
            <param index="0">
              <value>
                <![CDATA[[TestResult name=TS001_TC004 status=FAILURE method=TS001_TC004.TS001_TC004(java.lang.String,java.lang.String,java.lang.String,java.lang.String,java.lang.String,java.lang.String,java.lang.String,java.lang.String,java.lang.String,java.lang.String)[pri:0, instance:com.qa.testcases.ts001.TS001_TC004@3b0090a4] output={null}]]]>
              </value>
            </param>
          </params>
          <reporter-output>
          </reporter-output>
        </test-method> <!-- Method_TearDown -->
        <test-method signature="TS001_TC004(java.lang.String,java.lang.String,java.lang.String,java.lang.String,java.lang.String,java.lang.String,java.lang.String,java.lang.String,java.lang.String,java.lang.String)[pri:0, instance:com.qa.testcases.ts001.TS001_TC004@3b0090a4]" started-at="2024-06-16T13:34:49 IST" name="TS001_TC004" description="Verify that entering blank spaces on mandatory fields lead to validation error" data-provider="excelData" finished-at="2024-06-16T13:35:16 IST" duration-ms="26756" status="FAIL">
          <params>
            <param index="0">
              <value>
                <![CDATA[Demo ]]>
              </value>
            </param>
            <param index="1">
              <value>
                <![CDATA[Demo ]]>
              </value>
            </param>
            <param index="2">
              <value>
                <![CDATA[Demo ]]>
              </value>
            </param>
            <param index="3">
              <value>
                <![CDATA[Demo ]]>
              </value>
            </param>
            <param index="4">
              <value>
                <![CDATA[ ]]>
              </value>
            </param>
            <param index="5">
              <value>
                <![CDATA[This is a required field.]]>
              </value>
            </param>
            <param index="6">
              <value>
                <![CDATA[This is a required field.]]>
              </value>
            </param>
            <param index="7">
              <value>
                <![CDATA[This is a required field.]]>
              </value>
            </param>
            <param index="8">
              <value>
                <![CDATA[This is a required field.]]>
              </value>
            </param>
            <param index="9">
              <value>
                <![CDATA[This is a required field.]]>
              </value>
            </param>
          </params>
          <exception class="org.openqa.selenium.NoSuchElementException">
            <message>
              <![CDATA[no such element: Unable to locate element: {"method":"xpath","selector":"//*[@id="firstname-error"]"}
  (Session info: chrome=125.0.6422.142)
For documentation on this error, please visit: https://www.selenium.dev/documentation/webdriver/troubleshooting/errors#no-such-element-exception
Build info: version: '4.20.0', revision: '866c76ca80'
System info: os.name: 'Windows 10', os.arch: 'amd64', os.version: '10.0', java.version: '21.0.1'
Driver info: org.openqa.selenium.chrome.ChromeDriver
Command: [f26b0f7c3ec9f73cef7ca1664229b1f4, findElement {value=//*[@id="firstname-error"], using=xpath}]
Capabilities {acceptInsecureCerts: false, browserName: chrome, browserVersion: 125.0.6422.142, chrome: {chromedriverVersion: 125.0.6422.141 (4b1e8393712..., userDataDir: C:\Users\razda\AppData\Loca...}, fedcm:accounts: true, goog:chromeOptions: {debuggerAddress: localhost:53304}, networkConnectionEnabled: false, pageLoadStrategy: normal, platformName: windows, proxy: Proxy(), se:cdp: ws://localhost:53304/devtoo..., se:cdpVersion: 125.0.6422.142, setWindowRect: true, strictFileInteractability: false, timeouts: {implicit: 0, pageLoad: 300000, script: 30000}, unhandledPromptBehavior: dismiss and notify, webauthn:extension:credBlob: true, webauthn:extension:largeBlob: true, webauthn:extension:minPinLength: true, webauthn:extension:prf: true, webauthn:virtualAuthenticators: true}
Session ID: f26b0f7c3ec9f73cef7ca1664229b1f4]]>
            </message>
            <full-stacktrace>
              <![CDATA[org.openqa.selenium.NoSuchElementException: no such element: Unable to locate element: {"method":"xpath","selector":"//*[@id="firstname-error"]"}
  (Session info: chrome=125.0.6422.142)
For documentation on this error, please visit: https://www.selenium.dev/documentation/webdriver/troubleshooting/errors#no-such-element-exception
Build info: version: '4.20.0', revision: '866c76ca80'
System info: os.name: 'Windows 10', os.arch: 'amd64', os.version: '10.0', java.version: '21.0.1'
Driver info: org.openqa.selenium.chrome.ChromeDriver
Command: [f26b0f7c3ec9f73cef7ca1664229b1f4, findElement {value=//*[@id="firstname-error"], using=xpath}]
Capabilities {acceptInsecureCerts: false, browserName: chrome, browserVersion: 125.0.6422.142, chrome: {chromedriverVersion: 125.0.6422.141 (4b1e8393712..., userDataDir: C:\Users\razda\AppData\Loca...}, fedcm:accounts: true, goog:chromeOptions: {debuggerAddress: localhost:53304}, networkConnectionEnabled: false, pageLoadStrategy: normal, platformName: windows, proxy: Proxy(), se:cdp: ws://localhost:53304/devtoo..., se:cdpVersion: 125.0.6422.142, setWindowRect: true, strictFileInteractability: false, timeouts: {implicit: 0, pageLoad: 300000, script: 30000}, unhandledPromptBehavior: dismiss and notify, webauthn:extension:credBlob: true, webauthn:extension:largeBlob: true, webauthn:extension:minPinLength: true, webauthn:extension:prf: true, webauthn:virtualAuthenticators: true}
Session ID: f26b0f7c3ec9f73cef7ca1664229b1f4
at java.base/jdk.internal.reflect.DirectConstructorHandleAccessor.newInstance(DirectConstructorHandleAccessor.java:62)
at java.base/java.lang.reflect.Constructor.newInstanceWithCaller(Constructor.java:502)
at java.base/java.lang.reflect.Constructor.newInstance(Constructor.java:486)
at org.openqa.selenium.remote.ErrorCodec.decode(ErrorCodec.java:167)
at org.openqa.selenium.remote.codec.w3c.W3CHttpResponseCodec.decode(W3CHttpResponseCodec.java:138)
at org.openqa.selenium.remote.codec.w3c.W3CHttpResponseCodec.decode(W3CHttpResponseCodec.java:50)
at org.openqa.selenium.remote.HttpCommandExecutor.execute(HttpCommandExecutor.java:190)
at org.openqa.selenium.remote.service.DriverCommandExecutor.invokeExecute(DriverCommandExecutor.java:216)
at org.openqa.selenium.remote.service.DriverCommandExecutor.execute(DriverCommandExecutor.java:174)
at org.openqa.selenium.remote.RemoteWebDriver.execute(RemoteWebDriver.java:518)
at org.openqa.selenium.remote.ElementLocation$ElementFinder$2.findElement(ElementLocation.java:165)
at org.openqa.selenium.remote.ElementLocation.findElement(ElementLocation.java:59)
at org.openqa.selenium.remote.RemoteWebDriver.findElement(RemoteWebDriver.java:355)
at org.openqa.selenium.remote.RemoteWebDriver.findElement(RemoteWebDriver.java:349)
at org.openqa.selenium.support.pagefactory.DefaultElementLocator.findElement(DefaultElementLocator.java:68)
at org.openqa.selenium.support.pagefactory.internal.LocatingElementHandler.invoke(LocatingElementHandler.java:38)
at jdk.proxy2/jdk.proxy2.$Proxy17.getText(Unknown Source)
at com.qa.pages.CreateAnAccountPage.GetMandatoryErrorFirstName(CreateAnAccountPage.java:197)
at com.qa.testcases.ts001.TS001_TC004.TS001_TC004(TS001_TC004.java:118)
at java.base/jdk.internal.reflect.DirectMethodHandleAccessor.invoke(DirectMethodHandleAccessor.java:103)
at java.base/java.lang.reflect.Method.invoke(Method.java:580)
at org.testng.internal.invokers.MethodInvocationHelper.invokeMethod(MethodInvocationHelper.java:139)
at org.testng.internal.invokers.TestInvoker.invokeMethod(TestInvoker.java:664)
at org.testng.internal.invokers.TestInvoker.invokeTestMethod(TestInvoker.java:228)
at org.testng.internal.invokers.MethodRunner.runInSequence(MethodRunner.java:63)
at org.testng.internal.invokers.TestInvoker$MethodInvocationAgent.invoke(TestInvoker.java:961)
at org.testng.internal.invokers.TestInvoker.invokeTestMethods(TestInvoker.java:201)
at org.testng.internal.invokers.TestMethodWorker.invokeTestMethods(TestMethodWorker.java:148)
at org.testng.internal.invokers.TestMethodWorker.run(TestMethodWorker.java:128)
at java.base/java.util.ArrayList.forEach(ArrayList.java:1596)
at org.testng.TestRunner.privateRun(TestRunner.java:819)
at org.testng.TestRunner.run(TestRunner.java:619)
at org.testng.SuiteRunner.runTest(SuiteRunner.java:443)
at org.testng.SuiteRunner.runSequentially(SuiteRunner.java:437)
at org.testng.SuiteRunner.privateRun(SuiteRunner.java:397)
at org.testng.SuiteRunner.run(SuiteRunner.java:336)
at org.testng.SuiteRunnerWorker.runSuite(SuiteRunnerWorker.java:52)
at org.testng.SuiteRunnerWorker.run(SuiteRunnerWorker.java:95)
at org.testng.TestNG.runSuitesSequentially(TestNG.java:1301)
at org.testng.TestNG.runSuitesLocally(TestNG.java:1228)
at org.testng.TestNG.runSuites(TestNG.java:1134)
at org.testng.TestNG.run(TestNG.java:1101)
at org.apache.maven.surefire.testng.TestNGExecutor.run(TestNGExecutor.java:283)
at org.apache.maven.surefire.testng.TestNGXmlTestSuite.execute(TestNGXmlTestSuite.java:75)
at org.apache.maven.surefire.testng.TestNGProvider.invoke(TestNGProvider.java:120)
at org.apache.maven.surefire.booter.ForkedBooter.invokeProviderInSameClassLoader(ForkedBooter.java:384)
at org.apache.maven.surefire.booter.ForkedBooter.runSuitesInProcess(ForkedBooter.java:345)
at org.apache.maven.surefire.booter.ForkedBooter.execute(ForkedBooter.java:126)
at org.apache.maven.surefire.booter.ForkedBooter.main(ForkedBooter.java:418)
]]>
            </full-stacktrace>
          </exception> <!-- org.openqa.selenium.NoSuchElementException -->
          <reporter-output>
          </reporter-output>
        </test-method> <!-- TS001_TC004 -->
        <test-method is-config="true" signature="Method_StartUp(java.lang.reflect.Method,org.testng.ITestContext)[pri:0, instance:com.qa.testcases.ts001.TS001_TC004@3b0090a4]" started-at="2024-06-16T13:34:49 IST" name="Method_StartUp" finished-at="2024-06-16T13:34:49 IST" duration-ms="0" status="PASS">
          <params>
            <param index="0">
              <value>
                <![CDATA[public void com.qa.testcases.ts001.TS001_TC004.TS001_TC004(java.lang.String,java.lang.String,java.lang.String,java.lang.String,java.lang.String,java.lang.String,java.lang.String,java.lang.String,java.lang.String,java.lang.String) throws java.lang.Exception]]>
              </value>
            </param>
            <param index="1">
              <value>
                <![CDATA[org.testng.TestRunner@7d89a1ce]]>
              </value>
            </param>
          </params>
          <reporter-output>
          </reporter-output>
        </test-method> <!-- Method_StartUp -->
        <test-method is-config="true" signature="Method_TearDown(org.testng.ITestResult)[pri:0, instance:com.qa.testcases.ts001.TS001_TC004@3b0090a4]" started-at="2024-06-16T13:35:16 IST" name="Method_TearDown" finished-at="2024-06-16T13:35:16 IST" duration-ms="198" status="PASS">
          <params>
            <param index="0">
              <value>
                <![CDATA[[TestResult name=TS001_TC004 status=FAILURE method=TS001_TC004.TS001_TC004(java.lang.String,java.lang.String,java.lang.String,java.lang.String,java.lang.String,java.lang.String,java.lang.String,java.lang.String,java.lang.String,java.lang.String)[pri:0, instance:com.qa.testcases.ts001.TS001_TC004@3b0090a4] output={null}]]]>
              </value>
            </param>
          </params>
          <reporter-output>
          </reporter-output>
        </test-method> <!-- Method_TearDown -->
        <test-method is-config="true" signature="Method_StartUp(java.lang.reflect.Method,org.testng.ITestContext)[pri:0, instance:com.qa.testcases.ts001.TS001_TC004@3b0090a4]" started-at="2024-06-16T13:35:16 IST" name="Method_StartUp" finished-at="2024-06-16T13:35:16 IST" duration-ms="1" status="PASS">
          <params>
            <param index="0">
              <value>
                <![CDATA[public void com.qa.testcases.ts001.TS001_TC004.TS001_TC004(java.lang.String,java.lang.String,java.lang.String,java.lang.String,java.lang.String,java.lang.String,java.lang.String,java.lang.String,java.lang.String,java.lang.String) throws java.lang.Exception]]>
              </value>
            </param>
            <param index="1">
              <value>
                <![CDATA[org.testng.TestRunner@7d89a1ce]]>
              </value>
            </param>
          </params>
          <reporter-output>
          </reporter-output>
        </test-method> <!-- Method_StartUp -->
        <test-method signature="TS001_TC004(java.lang.String,java.lang.String,java.lang.String,java.lang.String,java.lang.String,java.lang.String,java.lang.String,java.lang.String,java.lang.String,java.lang.String)[pri:0, instance:com.qa.testcases.ts001.TS001_TC004@3b0090a4]" started-at="2024-06-16T13:35:16 IST" name="TS001_TC004" description="Verify that entering blank spaces on mandatory fields lead to validation error" data-provider="excelData" finished-at="2024-06-16T13:35:44 IST" duration-ms="27597" status="FAIL">
          <params>
            <param index="0">
              <value>
                <![CDATA[Demo ]]>
              </value>
            </param>
            <param index="1">
              <value>
                <![CDATA[Demo ]]>
              </value>
            </param>
            <param index="2">
              <value>
                <![CDATA[Demo ]]>
              </value>
            </param>
            <param index="3">
              <value>
                <![CDATA[Demo ]]>
              </value>
            </param>
            <param index="4">
              <value>
                <![CDATA[Demo ]]>
              </value>
            </param>
            <param index="5">
              <value>
                <![CDATA[This is a required field.]]>
              </value>
            </param>
            <param index="6">
              <value>
                <![CDATA[This is a required field.]]>
              </value>
            </param>
            <param index="7">
              <value>
                <![CDATA[This is a required field.]]>
              </value>
            </param>
            <param index="8">
              <value>
                <![CDATA[This is a required field.]]>
              </value>
            </param>
            <param index="9">
              <value>
                <![CDATA[This is a required field.]]>
              </value>
            </param>
          </params>
          <exception class="org.openqa.selenium.NoSuchElementException">
            <message>
              <![CDATA[no such element: Unable to locate element: {"method":"xpath","selector":"//*[@id="firstname-error"]"}
  (Session info: chrome=125.0.6422.142)
For documentation on this error, please visit: https://www.selenium.dev/documentation/webdriver/troubleshooting/errors#no-such-element-exception
Build info: version: '4.20.0', revision: '866c76ca80'
System info: os.name: 'Windows 10', os.arch: 'amd64', os.version: '10.0', java.version: '21.0.1'
Driver info: org.openqa.selenium.chrome.ChromeDriver
Command: [f26b0f7c3ec9f73cef7ca1664229b1f4, findElement {value=//*[@id="firstname-error"], using=xpath}]
Capabilities {acceptInsecureCerts: false, browserName: chrome, browserVersion: 125.0.6422.142, chrome: {chromedriverVersion: 125.0.6422.141 (4b1e8393712..., userDataDir: C:\Users\razda\AppData\Loca...}, fedcm:accounts: true, goog:chromeOptions: {debuggerAddress: localhost:53304}, networkConnectionEnabled: false, pageLoadStrategy: normal, platformName: windows, proxy: Proxy(), se:cdp: ws://localhost:53304/devtoo..., se:cdpVersion: 125.0.6422.142, setWindowRect: true, strictFileInteractability: false, timeouts: {implicit: 0, pageLoad: 300000, script: 30000}, unhandledPromptBehavior: dismiss and notify, webauthn:extension:credBlob: true, webauthn:extension:largeBlob: true, webauthn:extension:minPinLength: true, webauthn:extension:prf: true, webauthn:virtualAuthenticators: true}
Session ID: f26b0f7c3ec9f73cef7ca1664229b1f4]]>
            </message>
            <full-stacktrace>
              <![CDATA[org.openqa.selenium.NoSuchElementException: no such element: Unable to locate element: {"method":"xpath","selector":"//*[@id="firstname-error"]"}
  (Session info: chrome=125.0.6422.142)
For documentation on this error, please visit: https://www.selenium.dev/documentation/webdriver/troubleshooting/errors#no-such-element-exception
Build info: version: '4.20.0', revision: '866c76ca80'
System info: os.name: 'Windows 10', os.arch: 'amd64', os.version: '10.0', java.version: '21.0.1'
Driver info: org.openqa.selenium.chrome.ChromeDriver
Command: [f26b0f7c3ec9f73cef7ca1664229b1f4, findElement {value=//*[@id="firstname-error"], using=xpath}]
Capabilities {acceptInsecureCerts: false, browserName: chrome, browserVersion: 125.0.6422.142, chrome: {chromedriverVersion: 125.0.6422.141 (4b1e8393712..., userDataDir: C:\Users\razda\AppData\Loca...}, fedcm:accounts: true, goog:chromeOptions: {debuggerAddress: localhost:53304}, networkConnectionEnabled: false, pageLoadStrategy: normal, platformName: windows, proxy: Proxy(), se:cdp: ws://localhost:53304/devtoo..., se:cdpVersion: 125.0.6422.142, setWindowRect: true, strictFileInteractability: false, timeouts: {implicit: 0, pageLoad: 300000, script: 30000}, unhandledPromptBehavior: dismiss and notify, webauthn:extension:credBlob: true, webauthn:extension:largeBlob: true, webauthn:extension:minPinLength: true, webauthn:extension:prf: true, webauthn:virtualAuthenticators: true}
Session ID: f26b0f7c3ec9f73cef7ca1664229b1f4
at java.base/jdk.internal.reflect.DirectConstructorHandleAccessor.newInstance(DirectConstructorHandleAccessor.java:62)
at java.base/java.lang.reflect.Constructor.newInstanceWithCaller(Constructor.java:502)
at java.base/java.lang.reflect.Constructor.newInstance(Constructor.java:486)
at org.openqa.selenium.remote.ErrorCodec.decode(ErrorCodec.java:167)
at org.openqa.selenium.remote.codec.w3c.W3CHttpResponseCodec.decode(W3CHttpResponseCodec.java:138)
at org.openqa.selenium.remote.codec.w3c.W3CHttpResponseCodec.decode(W3CHttpResponseCodec.java:50)
at org.openqa.selenium.remote.HttpCommandExecutor.execute(HttpCommandExecutor.java:190)
at org.openqa.selenium.remote.service.DriverCommandExecutor.invokeExecute(DriverCommandExecutor.java:216)
[...]
          <reporter-output>
          </reporter-output>
        </test-method> <!-- tearDown -->
      </class> <!-- com.qa.testcases.ts005.TS005_TC003 -->
      <class name="com.qa.testcases.ts005.TS005_TC004">
        <test-method is-config="true" signature="setup(java.lang.String)[pri:0, instance:com.qa.testcases.ts005.TS005_TC004@58a9760d]" started-at="2024-06-16T14:16:14 IST" name="setup" finished-at="2024-06-16T14:16:36 IST" duration-ms="22876" status="PASS">
          <params>
            <param index="0">
              <value>
                <![CDATA[chrome]]>
              </value>
            </param>
          </params>
          <reporter-output>
          </reporter-output>
        </test-method> <!-- setup -->
        <test-method signature="TS005_TC004(java.lang.String,java.lang.String)[pri:0, instance:com.qa.testcases.ts005.TS005_TC004@58a9760d]" started-at="2024-06-16T14:16:36 IST" name="TS005_TC004" description="Verify that user is able to get products as part of searched results based on the keyword been entered by user in search textbox followed by click on search icon and a label as follows :-Search results for: &#039;&lt;entered keyword&gt;&#039; Pre-login" data-provider="excelData" finished-at="2024-06-16T14:18:22 IST" duration-ms="105888" status="FAIL">
          <params>
            <param index="0">
              <value>
                <![CDATA[Jacket]]>
              </value>
            </param>
            <param index="1">
              <value>
                <![CDATA[11]]>
              </value>
            </param>
          </params>
          <exception class="java.lang.AssertionError">
            <message>
              <![CDATA[The following asserts failed:
expected [true] but found [false],
expected [true] but found [false],
expected [true] but found [false],
expected [true] but found [false],
expected [true] but found [false],
expected [true] but found [false],
expected [true] but found [false],
expected [true] but found [false],
expected [true] but found [false]]]>
            </message>
            <full-stacktrace>
              <![CDATA[java.lang.AssertionError: The following asserts failed:
expected [true] but found [false],
expected [true] but found [false],
expected [true] but found [false],
expected [true] but found [false],
expected [true] but found [false],
expected [true] but found [false],
expected [true] but found [false],
expected [true] but found [false],
expected [true] but found [false]
at org.testng.asserts.SoftAssert.assertAll(SoftAssert.java:46)
at org.testng.asserts.SoftAssert.assertAll(SoftAssert.java:30)
at com.qa.testcases.ts005.TS005_TC004.TS005_TC004(TS005_TC004.java:657)
at java.base/jdk.internal.reflect.DirectMethodHandleAccessor.invoke(DirectMethodHandleAccessor.java:103)
at java.base/java.lang.reflect.Method.invoke(Method.java:580)
at org.testng.internal.invokers.MethodInvocationHelper.invokeMethod(MethodInvocationHelper.java:139)
at org.testng.internal.invokers.TestInvoker.invokeMethod(TestInvoker.java:664)
at org.testng.internal.invokers.TestInvoker.invokeTestMethod(TestInvoker.java:228)
at org.testng.internal.invokers.MethodRunner.runInSequence(MethodRunner.java:63)
at org.testng.internal.invokers.TestInvoker$MethodInvocationAgent.invoke(TestInvoker.java:961)
at org.testng.internal.invokers.TestInvoker.invokeTestMethods(TestInvoker.java:201)
at org.testng.internal.invokers.TestMethodWorker.invokeTestMethods(TestMethodWorker.java:148)
at org.testng.internal.invokers.TestMethodWorker.run(TestMethodWorker.java:128)
at java.base/java.util.ArrayList.forEach(ArrayList.java:1596)
at org.testng.TestRunner.privateRun(TestRunner.java:819)
at org.testng.TestRunner.run(TestRunner.java:619)
at org.testng.SuiteRunner.runTest(SuiteRunner.java:443)
at org.testng.SuiteRunner.runSequentially(SuiteRunner.java:437)
at org.testng.SuiteRunner.privateRun(SuiteRunner.java:397)
at org.testng.SuiteRunner.run(SuiteRunner.java:336)
at org.testng.SuiteRunnerWorker.runSuite(SuiteRunnerWorker.java:52)
at org.testng.SuiteRunnerWorker.run(SuiteRunnerWorker.java:95)
at org.testng.TestNG.runSuitesSequentially(TestNG.java:1301)
at org.testng.TestNG.runSuitesLocally(TestNG.java:1228)
at org.testng.TestNG.runSuites(TestNG.java:1134)
at org.testng.TestNG.run(TestNG.java:1101)
at org.apache.maven.surefire.testng.TestNGExecutor.run(TestNGExecutor.java:283)
at org.apache.maven.surefire.testng.TestNGXmlTestSuite.execute(TestNGXmlTestSuite.java:75)
at org.apache.maven.surefire.testng.TestNGProvider.invoke(TestNGProvider.java:120)
at org.apache.maven.surefire.booter.ForkedBooter.invokeProviderInSameClassLoader(ForkedBooter.java:384)
at org.apache.maven.surefire.booter.ForkedBooter.runSuitesInProcess(ForkedBooter.java:345)
at org.apache.maven.surefire.booter.ForkedBooter.execute(ForkedBooter.java:126)
at org.apache.maven.surefire.booter.ForkedBooter.main(ForkedBooter.java:418)
]]>
            </full-stacktrace>
          </exception> <!-- java.lang.AssertionError -->
          <reporter-output>
          </reporter-output>
        </test-method> <!-- TS005_TC004 -->
        <test-method is-config="true" signature="Method_StartUp(java.lang.reflect.Method,org.testng.ITestContext)[pri:0, instance:com.qa.testcases.ts005.TS005_TC004@58a9760d]" started-at="2024-06-16T14:16:36 IST" name="Method_StartUp" finished-at="2024-06-16T14:16:36 IST" duration-ms="0" status="PASS">
          <params>
            <param index="0">
              <value>
                <![CDATA[public void com.qa.testcases.ts005.TS005_TC004.TS005_TC004(java.lang.String,java.lang.String) throws java.lang.Exception]]>
              </value>
            </param>
            <param index="1">
              <value>
                <![CDATA[org.testng.TestRunner@1d502d6c]]>
              </value>
            </param>
          </params>
          <reporter-output>
          </reporter-output>
        </test-method> <!-- Method_StartUp -->
        <test-method is-config="true" signature="Method_TearDown(org.testng.ITestResult)[pri:0, instance:com.qa.testcases.ts005.TS005_TC004@58a9760d]" started-at="2024-06-16T14:18:22 IST" name="Method_TearDown" finished-at="2024-06-16T14:18:23 IST" duration-ms="239" status="PASS">
          <params>
            <param index="0">
              <value>
                <![CDATA[[TestResult name=TS005_TC004 status=FAILURE method=TS005_TC004.TS005_TC004(java.lang.String,java.lang.String)[pri:0, instance:com.qa.testcases.ts005.TS005_TC004@58a9760d] output={null}]]]>
              </value>
            </param>
          </params>
          <reporter-output>
          </reporter-output>
        </test-method> <!-- Method_TearDown -->
        <test-method signature="TS005_TC004(java.lang.String,java.lang.String)[pri:0, instance:com.qa.testcases.ts005.TS005_TC004@58a9760d]" started-at="2024-06-16T14:18:23 IST" name="TS005_TC004" description="Verify that user is able to get products as part of searched results based on the keyword been entered by user in search textbox followed by click on search icon and a label as follows :-Search results for: &#039;&lt;entered keyword&gt;&#039; Pre-login" data-provider="excelData" finished-at="2024-06-16T14:20:23 IST" duration-ms="120223" status="PASS">
          <params>
            <param index="0">
              <value>
                <![CDATA[Jacket]]>
              </value>
            </param>
            <param index="1">
              <value>
                <![CDATA[12]]>
              </value>
            </param>
          </params>
          <reporter-output>
          </reporter-output>
        </test-method> <!-- TS005_TC004 -->
        <test-method is-config="true" signature="Method_StartUp(java.lang.reflect.Method,org.testng.ITestContext)[pri:0, instance:com.qa.testcases.ts005.TS005_TC004@58a9760d]" started-at="2024-06-16T14:18:23 IST" name="Method_StartUp" finished-at="2024-06-16T14:18:23 IST" duration-ms="0" status="PASS">
          <params>
            <param index="0">
              <value>
                <![CDATA[public void com.qa.testcases.ts005.TS005_TC004.TS005_TC004(java.lang.String,java.lang.String) throws java.lang.Exception]]>
              </value>
            </param>
            <param index="1">
              <value>
                <![CDATA[org.testng.TestRunner@1d502d6c]]>
              </value>
            </param>
          </params>
          <reporter-output>
          </reporter-output>
        </test-method> <!-- Method_StartUp -->
        <test-method is-config="true" signature="Method_TearDown(org.testng.ITestResult)[pri:0, instance:com.qa.testcases.ts005.TS005_TC004@58a9760d]" started-at="2024-06-16T14:20:23 IST" name="Method_TearDown" finished-at="2024-06-16T14:20:23 IST" duration-ms="0" status="PASS">
          <params>
            <param index="0">
              <value>
                <![CDATA[[TestResult name=TS005_TC004 status=SUCCESS method=TS005_TC004.TS005_TC004(java.lang.String,java.lang.String)[pri:0, instance:com.qa.testcases.ts005.TS005_TC004@58a9760d] output={null}]]]>
              </value>
            </param>
          </params>
          <reporter-output>
          </reporter-output>
        </test-method> <!-- Method_TearDown -->
        <test-method is-config="true" signature="tearDown()[pri:0, instance:com.qa.testcases.ts005.TS005_TC004@58a9760d]" started-at="2024-06-16T14:20:23 IST" name="tearDown" finished-at="2024-06-16T14:20:24 IST" duration-ms="1637" status="PASS">
          <reporter-output>
          </reporter-output>
        </test-method> <!-- tearDown -->
      </class> <!-- com.qa.testcases.ts005.TS005_TC004 -->
      <class name="com.qa.testcases.ts005.TS005_TC005">
        <test-method is-config="true" signature="setup(java.lang.String)[pri:0, instance:com.qa.testcases.ts005.TS005_TC005@71e9ddb4]" started-at="2024-06-16T14:20:24 IST" name="setup" finished-at="2024-06-16T14:20:47 IST" duration-ms="23017" status="PASS">
          <params>
            <param index="0">
              <value>
                <![CDATA[chrome]]>
              </value>
            </param>
          </params>
          <reporter-output>
          </reporter-output>
        </test-method> <!-- setup -->
        <test-method is-config="true" signature="Method_StartUp(java.lang.reflect.Method,org.testng.ITestContext)[pri:0, instance:com.qa.testcases.ts005.TS005_TC005@71e9ddb4]" started-at="2024-06-16T14:20:48 IST" name="Method_StartUp" finished-at="2024-06-16T14:20:48 IST" duration-ms="1" status="PASS">
          <params>
            <param index="0">
              <value>
                <![CDATA[public void com.qa.testcases.ts005.TS005_TC005.TS005_TC005(java.lang.String,java.lang.String) throws java.lang.Exception]]>
              </value>
            </param>
            <param index="1">
              <value>
                <![CDATA[org.testng.TestRunner@1d502d6c]]>
              </value>
            </param>
          </params>
          <reporter-output>
          </reporter-output>
        </test-method> <!-- Method_StartUp -->
        <test-method signature="TS005_TC005(java.lang.String,java.lang.String)[pri:0, instance:com.qa.testcases.ts005.TS005_TC005@71e9ddb4]" started-at="2024-06-16T14:20:48 IST" name="TS005_TC005" description="Verify that user gets an error message as part of result outcome as follows provided user enters any inappropriate search keyword

Error message: &quot;Your search returned no results.&quot;" data-provider="excelData" finished-at="2024-06-16T14:22:08 IST" duration-ms="79543" status="PASS">
          <params>
            <param index="0">
              <value>
                <![CDATA[@3244]]>
              </value>
            </param>
            <param index="1">
              <value>
                <![CDATA[Your search returned no results.]]>
              </value>
            </param>
          </params>
          <reporter-output>
          </reporter-output>
        </test-method> <!-- TS005_TC005 -->
        <test-method is-config="true" signature="Method_TearDown(org.testng.ITestResult)[pri:0, instance:com.qa.testcases.ts005.TS005_TC005@71e9ddb4]" started-at="2024-06-16T14:22:08 IST" name="Method_TearDown" finished-at="2024-06-16T14:22:08 IST" duration-ms="0" status="PASS">
          <params>
            <param index="0">
              <value>
                <![CDATA[[TestResult name=TS005_TC005 status=SUCCESS method=TS005_TC005.TS005_TC005(java.lang.String,java.lang.String)[pri:0, instance:com.qa.testcases.ts005.TS005_TC005@71e9ddb4] output={null}]]]>
              </value>
            </param>
          </params>
          <reporter-output>
          </reporter-output>
        </test-method> <!-- Method_TearDown -->
        <test-method signature="TS005_TC005(java.lang.String,java.lang.String)[pri:0, instance:com.qa.testcases.ts005.TS005_TC005@71e9ddb4]" started-at="2024-06-16T14:22:08 IST" name="TS005_TC005" description="Verify that user gets an error message as part of result outcome as follows provided user enters any inappropriate search keyword

Error message: &quot;Your search returned no results.&quot;" data-provider="excelData" finished-at="2024-06-16T14:23:22 IST" duration-ms="73773" status="PASS">
          <params>
            <param index="0">
              <value>
                <![CDATA[@3244]]>
              </value>
            </param>
            <param index="1">
              <value>
                <![CDATA[Your search returned no results.]]>
              </value>
            </param>
          </params>
          <reporter-output>
          </reporter-output>
        </test-method> <!-- TS005_TC005 -->
        <test-method is-config="true" signature="Method_StartUp(java.lang.reflect.Method,org.testng.ITestContext)[pri:0, instance:com.qa.testcases.ts005.TS005_TC005@71e9ddb4]" started-at="2024-06-16T14:22:08 IST" name="Method_StartUp" finished-at="2024-06-16T14:22:08 IST" duration-ms="0" status="PASS">
          <params>
            <param index="0">
              <value>
                <![CDATA[public void com.qa.testcases.ts005.TS005_TC005.TS005_TC005(java.lang.String,java.lang.String) throws java.lang.Exception]]>
              </value>
            </param>
            <param index="1">
              <value>
                <![CDATA[org.testng.TestRunner@1d502d6c]]>
              </value>
            </param>
          </params>
          <reporter-output>
          </reporter-output>
        </test-method> <!-- Method_StartUp -->
        <test-method is-config="true" signature="Method_TearDown(org.testng.ITestResult)[pri:0, instance:com.qa.testcases.ts005.TS005_TC005@71e9ddb4]" started-at="2024-06-16T14:23:22 IST" name="Method_TearDown" finished-at="2024-06-16T14:23:22 IST" duration-ms="1" status="PASS">
          <params>
            <param index="0">
              <value>
                <![CDATA[[TestResult name=TS005_TC005 status=SUCCESS method=TS005_TC005.TS005_TC005(java.lang.String,java.lang.String)[pri:0, instance:com.qa.testcases.ts005.TS005_TC005@71e9ddb4] output={null}]]]>
              </value>
            </param>
          </params>
          <reporter-output>
          </reporter-output>
        </test-method> <!-- Method_TearDown -->
        <test-method is-config="true" signature="tearDown()[pri:0, instance:com.qa.testcases.ts005.TS005_TC005@71e9ddb4]" started-at="2024-06-16T14:23:22 IST" name="tearDown" finished-at="2024-06-16T14:23:24 IST" duration-ms="2591" status="PASS">
          <reporter-output>
          </reporter-output>
        </test-method> <!-- tearDown -->
      </class> <!-- com.qa.testcases.ts005.TS005_TC005 -->
      <class name="com.qa.testcases.ts005.TS005_TC001">
        <test-method is-config="true" signature="Suite_StartUp()[pri:0, instance:com.qa.testcases.ts005.TS005_TC001@1e66f1f5]" started-at="2024-06-16T13:26:19 IST" name="Suite_StartUp" finished-at="2024-06-16T13:26:20 IST" duration-ms="800" status="PASS">
          <reporter-output>
          </reporter-output>
        </test-method> <!-- Suite_StartUp -->
        <test-method is-config="true" signature="setup(java.lang.String)[pri:0, instance:com.qa.testcases.ts005.TS005_TC001@1e66f1f5]" started-at="2024-06-16T14:05:56 IST" name="setup" finished-at="2024-06-16T14:06:19 IST" duration-ms="23155" status="PASS">
          <params>
            <param index="0">
              <value>
                <![CDATA[chrome]]>
              </value>
            </param>
          </params>
          <reporter-output>
          </reporter-output>
        </test-method> <!-- setup -->
        <test-method is-config="true" signature="Method_StartUp(java.lang.reflect.Method,org.testng.ITestContext)[pri:0, instance:com.qa.testcases.ts005.TS005_TC001@1e66f1f5]" started-at="2024-06-16T14:06:19 IST" name="Method_StartUp" finished-at="2024-06-16T14:06:19 IST" duration-ms="2" status="PASS">
          <params>
            <param index="0">
              <value>
                <![CDATA[public void com.qa.testcases.ts005.TS005_TC001.TS005_TC001(java.lang.String) throws java.lang.Exception]]>
              </value>
            </param>
            <param index="1">
              <value>
                <![CDATA[org.testng.TestRunner@1d502d6c]]>
              </value>
            </param>
          </params>
          <reporter-output>
          </reporter-output>
        </test-method> <!-- Method_StartUp -->
        <test-method signature="TS005_TC001(java.lang.String)[pri:0, instance:com.qa.testcases.ts005.TS005_TC001@1e66f1f5]" started-at="2024-06-16T14:06:19 IST" name="TS005_TC001" description="Ensure that the search textbox is present on below mentioned pages pre-login: -Home PageWhat&#039;s New pageWomen&#039;s pageMens&#039;s pageGear&#039;s pageTrainings pageSale&#039;s pageShopping Cart page, Sign In pageand Not on below mentioned page :-
Checkout&#039;s Shipping page
Checkout&#039;s Payment page" data-provider="excelData" finished-at="2024-06-16T14:07:35 IST" duration-ms="75820" status="PASS">
          <params>
            <param index="0">
              <value>
                <![CDATA[1]]>
              </value>
            </param>
          </params>
          <reporter-output>
          </reporter-output>
        </test-method> <!-- TS005_TC001 -->
        <test-method is-config="true" signature="Method_TearDown(org.testng.ITestResult)[pri:0, instance:com.qa.testcases.ts005.TS005_TC001@1e66f1f5]" started-at="2024-06-16T14:07:35 IST" name="Method_TearDown" finished-at="2024-06-16T14:07:35 IST" duration-ms="2" status="PASS">
          <params>
            <param index="0">
              <value>
                <![CDATA[[TestResult name=TS005_TC001 status=SUCCESS method=TS005_TC001.TS005_TC001(java.lang.String)[pri:0, instance:com.qa.testcases.ts005.TS005_TC001@1e66f1f5] output={null}]]]>
              </value>
            </param>
          </params>
          <reporter-output>
          </reporter-output>
        </test-method> <!-- Method_TearDown -->
        <test-method is-config="true" signature="tearDown()[pri:0, instance:com.qa.testcases.ts005.TS005_TC001@1e66f1f5]" started-at="2024-06-16T14:07:35 IST" name="tearDown" finished-at="2024-06-16T14:07:36 IST" duration-ms="1018" status="PASS">
          <reporter-output>
          </reporter-output>
        </test-method> <!-- tearDown -->
        <test-method is-config="true" signature="Suite_TearDown()[pri:0, instance:com.qa.testcases.ts005.TS005_TC001@1e66f1f5]" started-at="2024-06-16T14:23:24 IST" name="Suite_TearDown" finished-at="2024-06-16T14:23:33 IST" duration-ms="8834" status="PASS">
          <reporter-output>
          </reporter-output>
        </test-method> <!-- Suite_TearDown -->
      </class> <!-- com.qa.testcases.ts005.TS005_TC001 -->
    </test> <!-- Test5 -->
  </suite> <!-- Suite -->
</testng-results>
