<?xml version="1.0" encoding="UTF-8"?>
<testng-results ignored="0" total="59" passed="37" failed="22" skipped="0">
  <reporter-output>
  </reporter-output>
  <suite started-at="2024-06-16T10:44:53 IST" name="Suite" finished-at="2024-06-16T11:27:59 IST" duration-ms="2586175">
    <groups>
      <group name="Functional">
        <method signature="TS001_TC004.TS001_TC004(java.lang.String,java.lang.String,java.lang.String,java.lang.String,java.lang.String,java.lang.String,java.lang.String,java.lang.String,java.lang.String,java.lang.String)[pri:0, instance:com.qa.testcases.ts001.TS001_TC004@366647c2]" name="TS001_TC004" class="com.qa.testcases.ts001.TS001_TC004"/>
        <method signature="TS001_TC005.TS001_TC005(java.lang.String)[pri:0, instance:com.qa.testcases.ts001.TS001_TC005@6a6afff2]" name="TS001_TC005" class="com.qa.testcases.ts001.TS001_TC005"/>
        <method signature="TS002_TC003.TS002_TC003(java.lang.String,java.lang.String)[pri:0, instance:com.qa.testcases.ts002.TS002_TC003@2accdbb5]" name="TS002_TC003" class="com.qa.testcases.ts002.TS002_TC003"/>
        <method signature="TS003_TC002.TS003_TC002(java.lang.String,java.lang.String)[pri:0, instance:com.qa.testcases.ts003.TS003_TC002@a2431d0]" name="TS003_TC002" class="com.qa.testcases.ts003.TS003_TC002"/>
        <method signature="TS003_TC003.TS003_TC003(java.lang.String,java.lang.String)[pri:0, instance:com.qa.testcases.ts003.TS003_TC003@1cbb87f3]" name="TS003_TC003" class="com.qa.testcases.ts003.TS003_TC003"/>
        <method signature="TS003_TC004.TS003_TC004(java.lang.String,java.lang.String)[pri:0, instance:com.qa.testcases.ts003.TS003_TC004@1a4013]" name="TS003_TC004" class="com.qa.testcases.ts003.TS003_TC004"/>
        <method signature="TS004_TC003.TS004_TC003(java.lang.String,java.lang.String,java.lang.String)[pri:0, instance:com.qa.testcases.ts004.TS004_TC003@223aa2f7]" name="TS004_TC003" class="com.qa.testcases.ts004.TS004_TC003"/>
        <method signature="TS004_TC004.TS004_TC004(java.lang.String,java.lang.String,java.lang.String,java.lang.String)[pri:0, instance:com.qa.testcases.ts004.TS004_TC004@6d3a388c]" name="TS004_TC004" class="com.qa.testcases.ts004.TS004_TC004"/>
        <method signature="TS005_TC003.TS005_TC003(java.lang.String)[pri:0, instance:com.qa.testcases.ts005.TS005_TC003@33990a0c]" name="TS005_TC003" class="com.qa.testcases.ts005.TS005_TC003"/>
        <method signature="TS005_TC004.TS005_TC004(java.lang.String,java.lang.String)[pri:0, instance:com.qa.testcases.ts005.TS005_TC004@4de4b452]" name="TS005_TC004" class="com.qa.testcases.ts005.TS005_TC004"/>
        <method signature="TS005_TC005.TS005_TC005(java.lang.String,java.lang.String)[pri:0, instance:com.qa.testcases.ts005.TS005_TC005@50b5ac82]" name="TS005_TC005" class="com.qa.testcases.ts005.TS005_TC005"/>
      </group> <!-- Functional -->
      <group name="Sanity">
        <method signature="TS001_TC002.TS001_TC002(java.lang.String,java.lang.String)[pri:0, instance:com.qa.testcases.ts001.TS001_TC002@55b53d44]" name="TS001_TC002" class="com.qa.testcases.ts001.TS001_TC002"/>
        <method signature="TS002_TC002.TS002_TC002(java.lang.String,java.lang.String,java.lang.String,java.lang.String)[pri:0, instance:com.qa.testcases.ts002.TS002_TC002@1e6454ec]" name="TS002_TC002" class="com.qa.testcases.ts002.TS002_TC002"/>
        <method signature="TS002_TC003.TS002_TC003(java.lang.String,java.lang.String)[pri:0, instance:com.qa.testcases.ts002.TS002_TC003@2accdbb5]" name="TS002_TC003" class="com.qa.testcases.ts002.TS002_TC003"/>
        <method signature="TS003_TC002.TS003_TC002(java.lang.String,java.lang.String)[pri:0, instance:com.qa.testcases.ts003.TS003_TC002@a2431d0]" name="TS003_TC002" class="com.qa.testcases.ts003.TS003_TC002"/>
        <method signature="TS003_TC004.TS003_TC004(java.lang.String,java.lang.String)[pri:0, instance:com.qa.testcases.ts003.TS003_TC004@1a4013]" name="TS003_TC004" class="com.qa.testcases.ts003.TS003_TC004"/>
        <method signature="TS004_TC001.TS004_TC001(java.lang.String,java.lang.String)[pri:0, instance:com.qa.testcases.ts004.TS004_TC001@6c130c45]" name="TS004_TC001" class="com.qa.testcases.ts004.TS004_TC001"/>
        <method signature="TS004_TC002.TS004_TC002(java.lang.String,java.lang.String)[pri:0, instance:com.qa.testcases.ts004.TS004_TC002@50ad3bc1]" name="TS004_TC002" class="com.qa.testcases.ts004.TS004_TC002"/>
        <method signature="TS004_TC003.TS004_TC003(java.lang.String,java.lang.String,java.lang.String)[pri:0, instance:com.qa.testcases.ts004.TS004_TC003@223aa2f7]" name="TS004_TC003" class="com.qa.testcases.ts004.TS004_TC003"/>
        <method signature="TS004_TC004.TS004_TC004(java.lang.String,java.lang.String,java.lang.String,java.lang.String)[pri:0, instance:com.qa.testcases.ts004.TS004_TC004@6d3a388c]" name="TS004_TC004" class="com.qa.testcases.ts004.TS004_TC004"/>
        <method signature="TS004_TC005.TS004_TC005(java.lang.String,java.lang.String,java.lang.String,java.lang.String)[pri:0, instance:com.qa.testcases.ts004.TS004_TC005@193f604a]" name="TS004_TC005" class="com.qa.testcases.ts004.TS004_TC005"/>
        <method signature="TS005_TC002.TS005_TC002(java.lang.String)[pri:0, instance:com.qa.testcases.ts005.TS005_TC002@15aab8c6]" name="TS005_TC002" class="com.qa.testcases.ts005.TS005_TC002"/>
        <method signature="TS005_TC004.TS005_TC004(java.lang.String,java.lang.String)[pri:0, instance:com.qa.testcases.ts005.TS005_TC004@4de4b452]" name="TS005_TC004" class="com.qa.testcases.ts005.TS005_TC004"/>
        <method signature="TS005_TC005.TS005_TC005(java.lang.String,java.lang.String)[pri:0, instance:com.qa.testcases.ts005.TS005_TC005@50b5ac82]" name="TS005_TC005" class="com.qa.testcases.ts005.TS005_TC005"/>
      </group> <!-- Sanity -->
      <group name="Regression">
        <method signature="TS001_TC002.TS001_TC002(java.lang.String,java.lang.String)[pri:0, instance:com.qa.testcases.ts001.TS001_TC002@55b53d44]" name="TS001_TC002" class="com.qa.testcases.ts001.TS001_TC002"/>
        <method signature="TS001_TC003.TS001_TC003(java.lang.String,java.lang.String,java.lang.String,java.lang.String,java.lang.String)[pri:0, instance:com.qa.testcases.ts001.TS001_TC003@482bce4f]" name="TS001_TC003" class="com.qa.testcases.ts001.TS001_TC003"/>
        <method signature="TS002_TC001.TS002_TC001(java.lang.String,java.lang.String)[pri:0, instance:com.qa.testcases.ts002.TS002_TC001@cad498c]" name="TS002_TC001" class="com.qa.testcases.ts002.TS002_TC001"/>
        <method signature="TS003_TC001.TS003_TC001(java.lang.String,java.lang.String,java.lang.String)[pri:0, instance:com.qa.testcases.ts003.TS003_TC001@31e5415e]" name="TS003_TC001" class="com.qa.testcases.ts003.TS003_TC001"/>
        <method signature="TS004_TC001.TS004_TC001(java.lang.String,java.lang.String)[pri:0, instance:com.qa.testcases.ts004.TS004_TC001@6c130c45]" name="TS004_TC001" class="com.qa.testcases.ts004.TS004_TC001"/>
        <method signature="TS004_TC002.TS004_TC002(java.lang.String,java.lang.String)[pri:0, instance:com.qa.testcases.ts004.TS004_TC002@50ad3bc1]" name="TS004_TC002" class="com.qa.testcases.ts004.TS004_TC002"/>
        <method signature="TS004_TC003.TS004_TC003(java.lang.String,java.lang.String,java.lang.String)[pri:0, instance:com.qa.testcases.ts004.TS004_TC003@223aa2f7]" name="TS004_TC003" class="com.qa.testcases.ts004.TS004_TC003"/>
        <method signature="TS005_TC001.TS005_TC001(java.lang.String)[pri:0, instance:com.qa.testcases.ts005.TS005_TC001@37654521]" name="TS005_TC001" class="com.qa.testcases.ts005.TS005_TC001"/>
        <method signature="TS005_TC002.TS005_TC002(java.lang.String)[pri:0, instance:com.qa.testcases.ts005.TS005_TC002@15aab8c6]" name="TS005_TC002" class="com.qa.testcases.ts005.TS005_TC002"/>
        <method signature="TS005_TC003.TS005_TC003(java.lang.String)[pri:0, instance:com.qa.testcases.ts005.TS005_TC003@33990a0c]" name="TS005_TC003" class="com.qa.testcases.ts005.TS005_TC003"/>
      </group> <!-- Regression -->
      <group name="Smoke">
        <method signature="TS001_TC003.TS001_TC003(java.lang.String,java.lang.String,java.lang.String,java.lang.String,java.lang.String)[pri:0, instance:com.qa.testcases.ts001.TS001_TC003@482bce4f]" name="TS001_TC003" class="com.qa.testcases.ts001.TS001_TC003"/>
        <method signature="TS001_TC004.TS001_TC004(java.lang.String,java.lang.String,java.lang.String,java.lang.String,java.lang.String,java.lang.String,java.lang.String,java.lang.String,java.lang.String,java.lang.String)[pri:0, instance:com.qa.testcases.ts001.TS001_TC004@366647c2]" name="TS001_TC004" class="com.qa.testcases.ts001.TS001_TC004"/>
        <method signature="TS001_TC005.TS001_TC005(java.lang.String)[pri:0, instance:com.qa.testcases.ts001.TS001_TC005@6a6afff2]" name="TS001_TC005" class="com.qa.testcases.ts001.TS001_TC005"/>
        <method signature="TS002_TC001.TS002_TC001(java.lang.String,java.lang.String)[pri:0, instance:com.qa.testcases.ts002.TS002_TC001@cad498c]" name="TS002_TC001" class="com.qa.testcases.ts002.TS002_TC001"/>
        <method signature="TS002_TC002.TS002_TC002(java.lang.String,java.lang.String,java.lang.String,java.lang.String)[pri:0, instance:com.qa.testcases.ts002.TS002_TC002@1e6454ec]" name="TS002_TC002" class="com.qa.testcases.ts002.TS002_TC002"/>
        <method signature="TS003_TC001.TS003_TC001(java.lang.String,java.lang.String,java.lang.String)[pri:0, instance:com.qa.testcases.ts003.TS003_TC001@31e5415e]" name="TS003_TC001" class="com.qa.testcases.ts003.TS003_TC001"/>
        <method signature="TS003_TC002.TS003_TC002(java.lang.String,java.lang.String)[pri:0, instance:com.qa.testcases.ts003.TS003_TC002@a2431d0]" name="TS003_TC002" class="com.qa.testcases.ts003.TS003_TC002"/>
        <method signature="TS003_TC003.TS003_TC003(java.lang.String,java.lang.String)[pri:0, instance:com.qa.testcases.ts003.TS003_TC003@1cbb87f3]" name="TS003_TC003" class="com.qa.testcases.ts003.TS003_TC003"/>
        <method signature="TS004_TC003.TS004_TC003(java.lang.String,java.lang.String,java.lang.String)[pri:0, instance:com.qa.testcases.ts004.TS004_TC003@223aa2f7]" name="TS004_TC003" class="com.qa.testcases.ts004.TS004_TC003"/>
        <method signature="TS004_TC005.TS004_TC005(java.lang.String,java.lang.String,java.lang.String,java.lang.String)[pri:0, instance:com.qa.testcases.ts004.TS004_TC005@193f604a]" name="TS004_TC005" class="com.qa.testcases.ts004.TS004_TC005"/>
        <method signature="TS005_TC001.TS005_TC001(java.lang.String)[pri:0, instance:com.qa.testcases.ts005.TS005_TC001@37654521]" name="TS005_TC001" class="com.qa.testcases.ts005.TS005_TC001"/>
      </group> <!-- Smoke -->
    </groups>
    <test started-at="2024-06-16T10:44:53 IST" name="Test1" finished-at="2024-06-16T10:51:53 IST" duration-ms="420544">
      <class name="com.qa.testcases.ts001.TS001_TC005">
        <test-method is-config="true" signature="setup(java.lang.String)[pri:0, instance:com.qa.testcases.ts001.TS001_TC005@6a6afff2]" started-at="2024-06-16T10:50:51 IST" name="setup" finished-at="2024-06-16T10:51:08 IST" duration-ms="16925" status="PASS">
          <params>
            <param index="0">
              <value>
                <![CDATA[chrome]]>
              </value>
            </param>
          </params>
          <reporter-output>
          </reporter-output>
        </test-method> <!-- setup -->
        <test-method is-config="true" signature="Method_StartUp(java.lang.reflect.Method,org.testng.ITestContext)[pri:0, instance:com.qa.testcases.ts001.TS001_TC005@6a6afff2]" started-at="2024-06-16T10:51:08 IST" name="Method_StartUp" finished-at="2024-06-16T10:51:08 IST" duration-ms="1" status="PASS">
          <params>
            <param index="0">
              <value>
                <![CDATA[public void com.qa.testcases.ts001.TS001_TC005.TS001_TC005(java.lang.String) throws java.lang.Exception]]>
              </value>
            </param>
            <param index="1">
              <value>
                <![CDATA[org.testng.TestRunner@38b14624]]>
              </value>
            </param>
          </params>
          <reporter-output>
          </reporter-output>
        </test-method> <!-- Method_StartUp -->
        <test-method signature="TS001_TC005(java.lang.String)[pri:0, instance:com.qa.testcases.ts001.TS001_TC005@6a6afff2]" started-at="2024-06-16T10:51:08 IST" name="TS001_TC005" description="Verify that the password is in encrypted form when entered" data-provider="excelData" finished-at="2024-06-16T10:51:20 IST" duration-ms="12400" status="PASS">
          <params>
            <param index="0">
              <value>
                <![CDATA[demo]]>
              </value>
            </param>
          </params>
          <reporter-output>
          </reporter-output>
        </test-method> <!-- TS001_TC005 -->
        <test-method is-config="true" signature="Method_TearDown(org.testng.ITestResult)[pri:0, instance:com.qa.testcases.ts001.TS001_TC005@6a6afff2]" started-at="2024-06-16T10:51:20 IST" name="Method_TearDown" finished-at="2024-06-16T10:51:20 IST" duration-ms="2" status="PASS">
          <params>
            <param index="0">
              <value>
                <![CDATA[[TestResult name=TS001_TC005 status=SUCCESS method=TS001_TC005.TS001_TC005(java.lang.String)[pri:0, instance:com.qa.testcases.ts001.TS001_TC005@6a6afff2] output={null}]]]>
              </value>
            </param>
          </params>
          <reporter-output>
          </reporter-output>
        </test-method> <!-- Method_TearDown -->
        <test-method is-config="true" signature="Method_StartUp(java.lang.reflect.Method,org.testng.ITestContext)[pri:0, instance:com.qa.testcases.ts001.TS001_TC005@6a6afff2]" started-at="2024-06-16T10:51:20 IST" name="Method_StartUp" finished-at="2024-06-16T10:51:20 IST" duration-ms="2" status="PASS">
          <params>
            <param index="0">
              <value>
                <![CDATA[public void com.qa.testcases.ts001.TS001_TC005.TS001_TC005(java.lang.String) throws java.lang.Exception]]>
              </value>
            </param>
            <param index="1">
              <value>
                <![CDATA[org.testng.TestRunner@38b14624]]>
              </value>
            </param>
          </params>
          <reporter-output>
          </reporter-output>
        </test-method> <!-- Method_StartUp -->
        <test-method signature="TS001_TC005(java.lang.String)[pri:0, instance:com.qa.testcases.ts001.TS001_TC005@6a6afff2]" started-at="2024-06-16T10:51:20 IST" name="TS001_TC005" description="Verify that the password is in encrypted form when entered" data-provider="excelData" finished-at="2024-06-16T10:51:31 IST" duration-ms="10338" status="PASS">
          <params>
            <param index="0">
              <value>
                <![CDATA[11234]]>
              </value>
            </param>
          </params>
          <reporter-output>
          </reporter-output>
        </test-method> <!-- TS001_TC005 -->
        <test-method is-config="true" signature="Method_TearDown(org.testng.ITestResult)[pri:0, instance:com.qa.testcases.ts001.TS001_TC005@6a6afff2]" started-at="2024-06-16T10:51:31 IST" name="Method_TearDown" finished-at="2024-06-16T10:51:31 IST" duration-ms="2" status="PASS">
          <params>
            <param index="0">
              <value>
                <![CDATA[[TestResult name=TS001_TC005 status=SUCCESS method=TS001_TC005.TS001_TC005(java.lang.String)[pri:0, instance:com.qa.testcases.ts001.TS001_TC005@6a6afff2] output={null}]]]>
              </value>
            </param>
          </params>
          <reporter-output>
          </reporter-output>
        </test-method> <!-- Method_TearDown -->
        <test-method is-config="true" signature="Method_StartUp(java.lang.reflect.Method,org.testng.ITestContext)[pri:0, instance:com.qa.testcases.ts001.TS001_TC005@6a6afff2]" started-at="2024-06-16T10:51:31 IST" name="Method_StartUp" finished-at="2024-06-16T10:51:31 IST" duration-ms="2" status="PASS">
          <params>
            <param index="0">
              <value>
                <![CDATA[public void com.qa.testcases.ts001.TS001_TC005.TS001_TC005(java.lang.String) throws java.lang.Exception]]>
              </value>
            </param>
            <param index="1">
              <value>
                <![CDATA[org.testng.TestRunner@38b14624]]>
              </value>
            </param>
          </params>
          <reporter-output>
          </reporter-output>
        </test-method> <!-- Method_StartUp -->
        <test-method signature="TS001_TC005(java.lang.String)[pri:0, instance:com.qa.testcases.ts001.TS001_TC005@6a6afff2]" started-at="2024-06-16T10:51:31 IST" name="TS001_TC005" description="Verify that the password is in encrypted form when entered" data-provider="excelData" finished-at="2024-06-16T10:51:41 IST" duration-ms="10096" status="PASS">
          <params>
            <param index="0">
              <value>
                <![CDATA[@33435##$2]]>
              </value>
            </param>
          </params>
          <reporter-output>
          </reporter-output>
        </test-method> <!-- TS001_TC005 -->
        <test-method is-config="true" signature="Method_TearDown(org.testng.ITestResult)[pri:0, instance:com.qa.testcases.ts001.TS001_TC005@6a6afff2]" started-at="2024-06-16T10:51:41 IST" name="Method_TearDown" finished-at="2024-06-16T10:51:41 IST" duration-ms="1" status="PASS">
          <params>
            <param index="0">
              <value>
                <![CDATA[[TestResult name=TS001_TC005 status=SUCCESS method=TS001_TC005.TS001_TC005(java.lang.String)[pri:0, instance:com.qa.testcases.ts001.TS001_TC005@6a6afff2] output={null}]]]>
              </value>
            </param>
          </params>
          <reporter-output>
          </reporter-output>
        </test-method> <!-- Method_TearDown -->
        <test-method is-config="true" signature="Method_StartUp(java.lang.reflect.Method,org.testng.ITestContext)[pri:0, instance:com.qa.testcases.ts001.TS001_TC005@6a6afff2]" started-at="2024-06-16T10:51:41 IST" name="Method_StartUp" finished-at="2024-06-16T10:51:41 IST" duration-ms="1" status="PASS">
          <params>
            <param index="0">
              <value>
                <![CDATA[public void com.qa.testcases.ts001.TS001_TC005.TS001_TC005(java.lang.String) throws java.lang.Exception]]>
              </value>
            </param>
            <param index="1">
              <value>
                <![CDATA[org.testng.TestRunner@38b14624]]>
              </value>
            </param>
          </params>
          <reporter-output>
          </reporter-output>
        </test-method> <!-- Method_StartUp -->
        <test-method signature="TS001_TC005(java.lang.String)[pri:0, instance:com.qa.testcases.ts001.TS001_TC005@6a6afff2]" started-at="2024-06-16T10:51:41 IST" name="TS001_TC005" description="Verify that the password is in encrypted form when entered" data-provider="excelData" finished-at="2024-06-16T10:51:50 IST" duration-ms="9662" status="PASS">
          <params>
            <param index="0">
              <value>
                <![CDATA[demo23234]]>
              </value>
            </param>
          </params>
          <reporter-output>
          </reporter-output>
        </test-method> <!-- TS001_TC005 -->
        <test-method is-config="true" signature="Method_TearDown(org.testng.ITestResult)[pri:0, instance:com.qa.testcases.ts001.TS001_TC005@6a6afff2]" started-at="2024-06-16T10:51:50 IST" name="Method_TearDown" finished-at="2024-06-16T10:51:50 IST" duration-ms="1" status="PASS">
          <params>
            <param index="0">
              <value>
                <![CDATA[[TestResult name=TS001_TC005 status=SUCCESS method=TS001_TC005.TS001_TC005(java.lang.String)[pri:0, instance:com.qa.testcases.ts001.TS001_TC005@6a6afff2] output={null}]]]>
              </value>
            </param>
          </params>
          <reporter-output>
          </reporter-output>
        </test-method> <!-- Method_TearDown -->
        <test-method is-config="true" signature="tearDown()[pri:0, instance:com.qa.testcases.ts001.TS001_TC005@6a6afff2]" started-at="2024-06-16T10:51:50 IST" name="tearDown" finished-at="2024-06-16T10:51:53 IST" duration-ms="2651" status="PASS">
          <reporter-output>
          </reporter-output>
        </test-method> <!-- tearDown -->
      </class> <!-- com.qa.testcases.ts001.TS001_TC005 -->
      <class name="com.qa.testcases.ts001.TS001_TC004">
        <test-method is-config="true" signature="setup(java.lang.String)[pri:0, instance:com.qa.testcases.ts001.TS001_TC004@366647c2]" started-at="2024-06-16T10:47:20 IST" name="setup" finished-at="2024-06-16T10:47:47 IST" duration-ms="26548" status="PASS">
          <params>
            <param index="0">
              <value>
                <![CDATA[chrome]]>
              </value>
            </param>
          </params>
          <reporter-output>
          </reporter-output>
        </test-method> <!-- setup -->
        <test-method is-config="true" signature="Method_StartUp(java.lang.reflect.Method,org.testng.ITestContext)[pri:0, instance:com.qa.testcases.ts001.TS001_TC004@366647c2]" started-at="2024-06-16T10:47:47 IST" name="Method_StartUp" finished-at="2024-06-16T10:47:47 IST" duration-ms="1" status="PASS">
          <params>
            <param index="0">
              <value>
                <![CDATA[public void com.qa.testcases.ts001.TS001_TC004.TS001_TC004(java.lang.String,java.lang.String,java.lang.String,java.lang.String,java.lang.String,java.lang.String,java.lang.String,java.lang.String,java.lang.String,java.lang.String) throws java.lang.Exception]]>
              </value>
            </param>
            <param index="1">
              <value>
                <![CDATA[org.testng.TestRunner@38b14624]]>
              </value>
            </param>
          </params>
          <reporter-output>
          </reporter-output>
        </test-method> <!-- Method_StartUp -->
        <test-method signature="TS001_TC004(java.lang.String,java.lang.String,java.lang.String,java.lang.String,java.lang.String,java.lang.String,java.lang.String,java.lang.String,java.lang.String,java.lang.String)[pri:0, instance:com.qa.testcases.ts001.TS001_TC004@366647c2]" started-at="2024-06-16T10:47:47 IST" name="TS001_TC004" description="Verify that entering blank spaces on mandatory fields lead to validation error" data-provider="excelData" finished-at="2024-06-16T10:48:19 IST" duration-ms="32428" status="PASS">
          <params>
            <param index="0">
              <value>
                <![CDATA[ ]]>
              </value>
            </param>
            <param index="1">
              <value>
                <![CDATA[ ]]>
              </value>
            </param>
            <param index="2">
              <value>
                <![CDATA[ ]]>
              </value>
            </param>
            <param index="3">
              <value>
                <![CDATA[ ]]>
              </value>
            </param>
            <param index="4">
              <value>
                <![CDATA[ ]]>
              </value>
            </param>
            <param index="5">
              <value>
                <![CDATA[This is a required field.]]>
              </value>
            </param>
            <param index="6">
              <value>
                <![CDATA[This is a required field.]]>
              </value>
            </param>
            <param index="7">
              <value>
                <![CDATA[This is a required field.]]>
              </value>
            </param>
            <param index="8">
              <value>
                <![CDATA[This is a required field.]]>
              </value>
            </param>
            <param index="9">
              <value>
                <![CDATA[This is a required field.]]>
              </value>
            </param>
          </params>
          <reporter-output>
          </reporter-output>
        </test-method> <!-- TS001_TC004 -->
        <test-method is-config="true" signature="Method_TearDown(org.testng.ITestResult)[pri:0, instance:com.qa.testcases.ts001.TS001_TC004@366647c2]" started-at="2024-06-16T10:48:19 IST" name="Method_TearDown" finished-at="2024-06-16T10:48:19 IST" duration-ms="2" status="PASS">
          <params>
            <param index="0">
              <value>
                <![CDATA[[TestResult name=TS001_TC004 status=SUCCESS method=TS001_TC004.TS001_TC004(java.lang.String,java.lang.String,java.lang.String,java.lang.String,java.lang.String,java.lang.String,java.lang.String,java.lang.String,java.lang.String,java.lang.String)[pri:0, instance:com.qa.testcases.ts001.TS001_TC004@366647c2] output={null}]]]>
              </value>
            </param>
          </params>
          <reporter-output>
          </reporter-output>
        </test-method> <!-- Method_TearDown -->
        <test-method is-config="true" signature="Method_StartUp(java.lang.reflect.Method,org.testng.ITestContext)[pri:0, instance:com.qa.testcases.ts001.TS001_TC004@366647c2]" started-at="2024-06-16T10:48:19 IST" name="Method_StartUp" finished-at="2024-06-16T10:48:19 IST" duration-ms="2" status="PASS">
          <params>
            <param index="0">
              <value>
                <![CDATA[public void com.qa.testcases.ts001.TS001_TC004.TS001_TC004(java.lang.String,java.lang.String,java.lang.String,java.lang.String,java.lang.String,java.lang.String,java.lang.String,java.lang.String,java.lang.String,java.lang.String) throws java.lang.Exception]]>
              </value>
            </param>
            <param index="1">
              <value>
                <![CDATA[org.testng.TestRunner@38b14624]]>
              </value>
            </param>
          </params>
          <reporter-output>
          </reporter-output>
        </test-method> <!-- Method_StartUp -->
        <test-method signature="TS001_TC004(java.lang.String,java.lang.String,java.lang.String,java.lang.String,java.lang.String,java.lang.String,java.lang.String,java.lang.String,java.lang.String,java.lang.String)[pri:0, instance:com.qa.testcases.ts001.TS001_TC004@366647c2]" started-at="2024-06-16T10:48:19 IST" name="TS001_TC004" description="Verify that entering blank spaces on mandatory fields lead to validation error" data-provider="excelData" finished-at="2024-06-16T10:48:47 IST" duration-ms="27466" status="FAIL">
          <params>
            <param index="0">
              <value>
                <![CDATA[Demo ]]>
              </value>
            </param>
            <param index="1">
              <value>
                <![CDATA[ ]]>
              </value>
            </param>
            <param index="2">
              <value>
                <![CDATA[ ]]>
              </value>
            </param>
            <param index="3">
              <value>
                <![CDATA[ ]]>
              </value>
            </param>
            <param index="4">
              <value>
                <![CDATA[ ]]>
              </value>
            </param>
            <param index="5">
              <value>
                <![CDATA[This is a required field.]]>
              </value>
            </param>
            <param index="6">
              <value>
                <![CDATA[This is a required field.]]>
              </value>
            </param>
            <param index="7">
              <value>
                <![CDATA[This is a required field.]]>
              </value>
            </param>
            <param index="8">
              <value>
                <![CDATA[This is a required field.]]>
              </value>
            </param>
            <param index="9">
              <value>
                <![CDATA[This is a required field.]]>
              </value>
            </param>
          </params>
          <exception class="java.lang.AssertionError">
            <message>
              <![CDATA[The following asserts failed:
expected [true] but found [false],
expected [true] but found [false]]]>
            </message>
            <full-stacktrace>
              <![CDATA[java.lang.AssertionError: The following asserts failed:
expected [true] but found [false],
expected [true] but found [false]
at org.testng.asserts.SoftAssert.assertAll(SoftAssert.java:46)
at org.testng.asserts.SoftAssert.assertAll(SoftAssert.java:30)
at com.qa.testcases.ts001.TS001_TC004.TS001_TC004(TS001_TC004.java:154)
at java.base/jdk.internal.reflect.DirectMethodHandleAccessor.invoke(DirectMethodHandleAccessor.java:103)
at java.base/java.lang.reflect.Method.invoke(Method.java:580)
at org.testng.internal.invokers.MethodInvocationHelper.invokeMethod(MethodInvocationHelper.java:139)
at org.testng.internal.invokers.TestInvoker.invokeMethod(TestInvoker.java:664)
at org.testng.internal.invokers.TestInvoker.invokeTestMethod(TestInvoker.java:228)
at org.testng.internal.invokers.MethodRunner.runInSequence(MethodRunner.java:63)
at org.testng.internal.invokers.TestInvoker$MethodInvocationAgent.invoke(TestInvoker.java:961)
at org.testng.internal.invokers.TestInvoker.invokeTestMethods(TestInvoker.java:201)
at org.testng.internal.invokers.TestMethodWorker.invokeTestMethods(TestMethodWorker.java:148)
at org.testng.internal.invokers.TestMethodWorker.run(TestMethodWorker.java:128)
at java.base/java.util.ArrayList.forEach(ArrayList.java:1596)
at org.testng.TestRunner.privateRun(TestRunner.java:819)
at org.testng.TestRunner.run(TestRunner.java:619)
at org.testng.SuiteRunner.runTest(SuiteRunner.java:443)
at org.testng.SuiteRunner.runSequentially(SuiteRunner.java:437)
at org.testng.SuiteRunner.privateRun(SuiteRunner.java:397)
at org.testng.SuiteRunner.run(SuiteRunner.java:336)
at org.testng.SuiteRunnerWorker.runSuite(SuiteRunnerWorker.java:52)
at org.testng.SuiteRunnerWorker.run(SuiteRunnerWorker.java:95)
at org.testng.TestNG.runSuitesSequentially(TestNG.java:1301)
at org.testng.TestNG.runSuitesLocally(TestNG.java:1228)
at org.testng.TestNG.runSuites(TestNG.java:1134)
at org.testng.TestNG.run(TestNG.java:1101)
at org.testng.remote.AbstractRemoteTestNG.run(AbstractRemoteTestNG.java:115)
at org.testng.remote.RemoteTestNG.initAndRun(RemoteTestNG.java:293)
at org.testng.remote.RemoteTestNG.main(RemoteTestNG.java:91)
]]>
            </full-stacktrace>
          </exception> <!-- java.lang.AssertionError -->
          <reporter-output>
          </reporter-output>
        </test-method> <!-- TS001_TC004 -->
        <test-method is-config="true" signature="Method_TearDown(org.testng.ITestResult)[pri:0, instance:com.qa.testcases.ts001.TS001_TC004@366647c2]" started-at="2024-06-16T10:48:47 IST" name="Method_TearDown" finished-at="2024-06-16T10:48:47 IST" duration-ms="170" status="PASS">
          <params>
            <param index="0">
              <value>
                <![CDATA[[TestResult name=TS001_TC004 status=FAILURE method=TS001_TC004.TS001_TC004(java.lang.String,java.lang.String,java.lang.String,java.lang.String,java.lang.String,java.lang.String,java.lang.String,java.lang.String,java.lang.String,java.lang.String)[pri:0, instance:com.qa.testcases.ts001.TS001_TC004@366647c2] output={null}]]]>
              </value>
            </param>
          </params>
          <reporter-output>
          </reporter-output>
        </test-method> <!-- Method_TearDown -->
        <test-method is-config="true" signature="Method_StartUp(java.lang.reflect.Method,org.testng.ITestContext)[pri:0, instance:com.qa.testcases.ts001.TS001_TC004@366647c2]" started-at="2024-06-16T10:48:47 IST" name="Method_StartUp" finished-at="2024-06-16T10:48:47 IST" duration-ms="1" status="PASS">
          <params>
            <param index="0">
              <value>
                <![CDATA[public void com.qa.testcases.ts001.TS001_TC004.TS001_TC004(java.lang.String,java.lang.String,java.lang.String,java.lang.String,java.lang.String,java.lang.String,java.lang.String,java.lang.String,java.lang.String,java.lang.String) throws java.lang.Exception]]>
              </value>
            </param>
            <param index="1">
              <value>
                <![CDATA[org.testng.TestRunner@38b14624]]>
              </value>
            </param>
          </params>
          <reporter-output>
          </reporter-output>
        </test-method> <!-- Method_StartUp -->
        <test-method signature="TS001_TC004(java.lang.String,java.lang.String,java.lang.String,java.lang.String,java.lang.String,java.lang.String,java.lang.String,java.lang.String,java.lang.String,java.lang.String)[pri:0, instance:com.qa.testcases.ts001.TS001_TC004@366647c2]" started-at="2024-06-16T10:48:47 IST" name="TS001_TC004" description="Verify that entering blank spaces on mandatory fields lead to validation error" data-provider="excelData" finished-at="2024-06-16T10:49:18 IST" duration-ms="31704" status="FAIL">
          <params>
            <param index="0">
              <value>
                <![CDATA[Demo ]]>
              </value>
            </param>
            <param index="1">
              <value>
                <![CDATA[Demo ]]>
              </value>
            </param>
            <param index="2">
              <value>
                <![CDATA[ ]]>
              </value>
            </param>
            <param index="3">
              <value>
                <![CDATA[ ]]>
              </value>
            </param>
            <param index="4">
              <value>
                <![CDATA[ ]]>
              </value>
            </param>
            <param index="5">
              <value>
                <![CDATA[This is a required field.]]>
              </value>
            </param>
            <param index="6">
              <value>
                <![CDATA[This is a required field.]]>
              </value>
            </param>
            <param index="7">
              <value>
                <![CDATA[This is a required field.]]>
              </value>
            </param>
            <param index="8">
              <value>
                <![CDATA[This is a required field.]]>
              </value>
            </param>
            <param index="9">
              <value>
                <![CDATA[This is a required field.]]>
              </value>
            </param>
          </params>
          <exception class="java.lang.AssertionError">
            <message>
              <![CDATA[The following asserts failed:
expected [true] but found [false],
expected [true] but found [false]]]>
            </message>
            <full-stacktrace>
              <![CDATA[java.lang.AssertionError: The following asserts failed:
expected [true] but found [false],
expected [true] but found [false]
at org.testng.asserts.SoftAssert.assertAll(SoftAssert.java:46)
at org.testng.asserts.SoftAssert.assertAll(SoftAssert.java:30)
at com.qa.testcases.ts001.TS001_TC004.TS001_TC004(TS001_TC004.java:154)
at java.base/jdk.internal.reflect.DirectMethodHandleAccessor.invoke(DirectMethodHandleAccessor.java:103)
at java.base/java.lang.reflect.Method.invoke(Method.java:580)
at org.testng.internal.invokers.MethodInvocationHelper.invokeMethod(MethodInvocationHelper.java:139)
at org.testng.internal.invokers.TestInvoker.invokeMethod(TestInvoker.java:664)
at org.testng.internal.invokers.TestInvoker.invokeTestMethod(TestInvoker.java:228)
at org.testng.internal.invokers.MethodRunner.runInSequence(MethodRunner.java:63)
at org.testng.internal.invokers.TestInvoker$MethodInvocationAgent.invoke(TestInvoker.java:961)
at org.testng.internal.invokers.TestInvoker.invokeTestMethods(TestInvoker.java:201)
at org.testng.internal.invokers.TestMethodWorker.invokeTestMethods(TestMethodWorker.java:148)
at org.testng.internal.invokers.TestMethodWorker.run(TestMethodWorker.java:128)
at java.base/java.util.ArrayList.forEach(ArrayList.java:1596)
at org.testng.TestRunner.privateRun(TestRunner.java:819)
at org.testng.TestRunner.run(TestRunner.java:619)
at org.testng.SuiteRunner.runTest(SuiteRunner.java:443)
at org.testng.SuiteRunner.runSequentially(SuiteRunner.java:437)
at org.testng.SuiteRunner.privateRun(SuiteRunner.java:397)
at org.testng.SuiteRunner.run(SuiteRunner.java:336)
at org.testng.SuiteRunnerWorker.runSuite(SuiteRunnerWorker.java:52)
at org.testng.SuiteRunnerWorker.run(SuiteRunnerWorker.java:95)
at org.testng.TestNG.runSuitesSequentially(TestNG.java:1301)
at org.testng.TestNG.runSuitesLocally(TestNG.java:1228)
at org.testng.TestNG.runSuites(TestNG.java:1134)
at org.testng.TestNG.run(TestNG.java:1101)
at org.testng.remote.AbstractRemoteTestNG.run(AbstractRemoteTestNG.java:115)
at org.testng.remote.RemoteTestNG.initAndRun(RemoteTestNG.java:293)
at org.testng.remote.RemoteTestNG.main(RemoteTestNG.java:91)
]]>
            </full-stacktrace>
          </exception> <!-- java.lang.AssertionError -->
          <reporter-output>
          </reporter-output>
        </test-method> <!-- TS001_TC004 -->
        <test-method is-config="true" signature="Method_TearDown(org.testng.ITestResult)[pri:0, instance:com.qa.testcases.ts001.TS001_TC004@366647c2]" started-at="2024-06-16T10:49:18 IST" name="Method_TearDown" finished-at="2024-06-16T10:49:19 IST" duration-ms="191" status="PASS">
          <params>
            <param index="0">
              <value>
                <![CDATA[[TestResult name=TS001_TC004 status=FAILURE method=TS001_TC004.TS001_TC004(java.lang.String,java.lang.String,java.lang.String,java.lang.String,java.lang.String,java.lang.String,java.lang.String,java.lang.String,java.lang.String,java.lang.String)[pri:0, instance:com.qa.testcases.ts001.TS001_TC004@366647c2] output={null}]]]>
              </value>
            </param>
          </params>
          <reporter-output>
          </reporter-output>
        </test-method> <!-- Method_TearDown -->
        <test-method is-config="true" signature="Method_StartUp(java.lang.reflect.Method,org.testng.ITestContext)[pri:0, instance:com.qa.testcases.ts001.TS001_TC004@366647c2]" started-at="2024-06-16T10:49:19 IST" name="Method_StartUp" finished-at="2024-06-16T10:49:19 IST" duration-ms="1" status="PASS">
          <params>
            <param index="0">
              <value>
                <![CDATA[public void com.qa.testcases.ts001.TS001_TC004.TS001_TC004(java.lang.String,java.lang.String,java.lang.String,java.lang.String,java.lang.String,java.lang.String,java.lang.String,java.lang.String,java.lang.String,java.lang.String) throws java.lang.Exception]]>
              </value>
            </param>
            <param index="1">
              <value>
                <![CDATA[org.testng.TestRunner@38b14624]]>
              </value>
            </param>
          </params>
          <reporter-output>
          </reporter-output>
        </test-method> <!-- Method_StartUp -->
        <test-method signature="TS001_TC004(java.lang.String,java.lang.String,java.lang.String,java.lang.String,java.lang.String,java.lang.String,java.lang.String,java.lang.String,java.lang.String,java.lang.String)[pri:0, instance:com.qa.testcases.ts001.TS001_TC004@366647c2]" started-at="2024-06-16T10:49:19 IST" name="TS001_TC004" description="Verify that entering blank spaces on mandatory fields lead to validation error" data-provider="excelData" finished-at="2024-06-16T10:49:46 IST" duration-ms="27443" status="FAIL">
          <params>
            <param index="0">
              <value>
                <![CDATA[Demo ]]>
              </value>
            </param>
            <param index="1">
              <value>
                <![CDATA[Demo ]]>
              </value>
            </param>
            <param index="2">
              <value>
                <![CDATA[Demo ]]>
              </value>
            </param>
            <param index="3">
              <value>
                <![CDATA[ ]]>
              </value>
            </param>
            <param index="4">
              <value>
                <![CDATA[ ]]>
              </value>
            </param>
            <param index="5">
              <value>
                <![CDATA[This is a required field.]]>
              </value>
            </param>
            <param index="6">
              <value>
                <![CDATA[This is a required field.]]>
              </value>
            </param>
            <param index="7">
              <value>
                <![CDATA[This is a required field.]]>
              </value>
            </param>
            <param index="8">
              <value>
                <![CDATA[This is a required field.]]>
              </value>
            </param>
            <param index="9">
              <value>
                <![CDATA[This is a required field.]]>
              </value>
            </param>
          </params>
          <exception class="org.openqa.selenium.NoSuchElementException">
            <message>
              <![CDATA[no such element: Unable to locate element: {"method":"xpath","selector":"//*[@id="firstname-error"]"}
  (Session info: chrome=125.0.6422.142)
For documentation on this error, please visit: https://www.selenium.dev/documentation/webdriver/troubleshooting/errors#no-such-element-exception
Build info: version: '4.20.0', revision: '866c76ca80'
System info: os.name: 'Windows 10', os.arch: 'amd64', os.version: '10.0', java.version: '21.0.1'
Driver info: org.openqa.selenium.chrome.ChromeDriver
Command: [56deb7f858866b399c5d0dd4468982c2, findElement {using=xpath, value=//*[@id="firstname-error"]}]
Capabilities {acceptInsecureCerts: false, browserName: chrome, browserVersion: 125.0.6422.142, chrome: {chromedriverVersion: 125.0.6422.141 (4b1e8393712..., userDataDir: C:\Users\razda\AppData\Loca...}, fedcm:accounts: true, goog:chromeOptions: {debuggerAddress: localhost:65203}, networkConnectionEnabled: false, pageLoadStrategy: normal, platformName: windows, proxy: Proxy(), se:cdp: ws://localhost:65203/devtoo..., se:cdpVersion: 125.0.6422.142, setWindowRect: true, strictFileInteractability: false, timeouts: {implicit: 0, pageLoad: 300000, script: 30000}, unhandledPromptBehavior: dismiss and notify, webauthn:extension:credBlob: true, webauthn:extension:largeBlob: true, webauthn:extension:minPinLength: true, webauthn:extension:prf: true, webauthn:virtualAuthenticators: true}
Session ID: 56deb7f858866b399c5d0dd4468982c2]]>
            </message>
            <full-stacktrace>
              <![CDATA[org.openqa.selenium.NoSuchElementException: no such element: Unable to locate element: {"method":"xpath","selector":"//*[@id="firstname-error"]"}
  (Session info: chrome=125.0.6422.142)
For documentation on this error, please visit: https://www.selenium.dev/documentation/webdriver/troubleshooting/errors#no-such-element-exception
Build info: version: '4.20.0', revision: '866c76ca80'
System info: os.name: 'Windows 10', os.arch: 'amd64', os.version: '10.0', java.version: '21.0.1'
Driver info: org.openqa.selenium.chrome.ChromeDriver
Command: [56deb7f858866b399c5d0dd4468982c2, findElement {using=xpath, value=//*[@id="firstname-error"]}]
Capabilities {acceptInsecureCerts: false, browserName: chrome, browserVersion: 125.0.6422.142, chrome: {chromedriverVersion: 125.0.6422.141 (4b1e8393712..., userDataDir: C:\Users\razda\AppData\Loca...}, fedcm:accounts: true, goog:chromeOptions: {debuggerAddress: localhost:65203}, networkConnectionEnabled: false, pageLoadStrategy: normal, platformName: windows, proxy: Proxy(), se:cdp: ws://localhost:65203/devtoo..., se:cdpVersion: 125.0.6422.142, setWindowRect: true, strictFileInteractability: false, timeouts: {implicit: 0, pageLoad: 300000, script: 30000}, unhandledPromptBehavior: dismiss and notify, webauthn:extension:credBlob: true, webauthn:extension:largeBlob: true, webauthn:extension:minPinLength: true, webauthn:extension:prf: true, webauthn:virtualAuthenticators: true}
Session ID: 56deb7f858866b399c5d0dd4468982c2
at java.base/jdk.internal.reflect.DirectConstructorHandleAccessor.newInstance(DirectConstructorHandleAccessor.java:62)
at java.base/java.lang.reflect.Constructor.newInstanceWithCaller(Constructor.java:502)
at java.base/java.lang.reflect.Constructor.newInstance(Constructor.java:486)
at org.openqa.selenium.remote.ErrorCodec.decode(ErrorCodec.java:167)
at org.openqa.selenium.remote.codec.w3c.W3CHttpResponseCodec.decode(W3CHttpResponseCodec.java:138)
at org.openqa.selenium.remote.codec.w3c.W3CHttpResponseCodec.decode(W3CHttpResponseCodec.java:50)
at org.openqa.selenium.remote.HttpCommandExecutor.execute(HttpCommandExecutor.java:190)
at org.openqa.selenium.remote.service.DriverCommandExecutor.invokeExecute(DriverCommandExecutor.java:216)
at org.openqa.selenium.remote.service.DriverCommandExecutor.execute(DriverCommandExecutor.java:174)
at org.openqa.selenium.remote.RemoteWebDriver.execute(RemoteWebDriver.java:518)
at org.openqa.selenium.remote.ElementLocation$ElementFinder$2.findElement(ElementLocation.java:165)
at org.openqa.selenium.remote.ElementLocation.findElement(ElementLocation.java:59)
at org.openqa.selenium.remote.RemoteWebDriver.findElement(RemoteWebDriver.java:355)
at org.openqa.selenium.remote.RemoteWebDriver.findElement(RemoteWebDriver.java:349)
at org.openqa.selenium.support.pagefactory.DefaultElementLocator.findElement(DefaultElementLocator.java:68)
at org.openqa.selenium.support.pagefactory.internal.LocatingElementHandler.invoke(LocatingElementHandler.java:38)
at jdk.proxy2/jdk.proxy2.$Proxy20.getText(Unknown Source)
at com.qa.pages.CreateAnAccountPage.GetMandatoryErrorFirstName(CreateAnAccountPage.java:197)
at com.qa.testcases.ts001.TS001_TC004.TS001_TC004(TS001_TC004.java:118)
at java.base/jdk.internal.reflect.DirectMethodHandleAccessor.invoke(DirectMethodHandleAccessor.java:103)
at java.base/java.lang.reflect.Method.invoke(Method.java:580)
at org.testng.internal.invokers.MethodInvocationHelper.invokeMethod(MethodInvocationHelper.java:139)
at org.testng.internal.invokers.TestInvoker.invokeMethod(TestInvoker.java:664)
at org.testng.internal.invokers.TestInvoker.invokeTestMethod(TestInvoker.java:228)
at org.testng.internal.invokers.MethodRunner.runInSequence(MethodRunner.java:63)
at org.testng.internal.invokers.TestInvoker$MethodInvocationAgent.invoke(TestInvoker.java:961)
at org.testng.internal.invokers.TestInvoker.invokeTestMethods(TestInvoker.java:201)
at org.testng.internal.invokers.TestMethodWorker.invokeTestMethods(TestMethodWorker.java:148)
at org.testng.internal.invokers.TestMethodWorker.run(TestMethodWorker.java:128)
at java.base/java.util.ArrayList.forEach(ArrayList.java:1596)
at org.testng.TestRunner.privateRun(TestRunner.java:819)
at org.testng.TestRunner.run(TestRunner.java:619)
at org.testng.SuiteRunner.runTest(SuiteRunner.java:443)
at org.testng.SuiteRunner.runSequentially(SuiteRunner.java:437)
at org.testng.SuiteRunner.privateRun(SuiteRunner.java:397)
at org.testng.SuiteRunner.run(SuiteRunner.java:336)
at org.testng.SuiteRunnerWorker.runSuite(SuiteRunnerWorker.java:52)
at org.testng.SuiteRunnerWorker.run(SuiteRunnerWorker.java:95)
at org.testng.TestNG.runSuitesSequentially(TestNG.java:1301)
at org.testng.TestNG.runSuitesLocally(TestNG.java:1228)
at org.testng.TestNG.runSuites(TestNG.java:1134)
at org.testng.TestNG.run(TestNG.java:1101)
at org.testng.remote.AbstractRemoteTestNG.run(AbstractRemoteTestNG.java:115)
at org.testng.remote.RemoteTestNG.initAndRun(RemoteTestNG.java:293)
at org.testng.remote.RemoteTestNG.main(RemoteTestNG.java:91)
]]>
            </full-stacktrace>
          </exception> <!-- org.openqa.selenium.NoSuchElementException -->
          <reporter-output>
          </reporter-output>
        </test-method> <!-- TS001_TC004 -->
        <test-method is-config="true" signature="Method_TearDown(org.testng.ITestResult)[pri:0, instance:com.qa.testcases.ts001.TS001_TC004@366647c2]" started-at="2024-06-16T10:49:46 IST" name="Method_TearDown" finished-at="2024-06-16T10:49:46 IST" duration-ms="200" status="PASS">
          <params>
            <param index="0">
              <value>
                <![CDATA[[TestResult name=TS001_TC004 status=FAILURE method=TS001_TC004.TS001_TC004(java.lang.String,java.lang.String,java.lang.String,java.lang.String,java.lang.String,java.lang.String,java.lang.String,java.lang.String,java.lang.String,java.lang.String)[pri:0, instance:com.qa.testcases.ts001.TS001_TC004@366647c2] output={null}]]]>
              </value>
            </param>
          </params>
          <reporter-output>
          </reporter-output>
        </test-method> <!-- Method_TearDown -->
        <test-method is-config="true" signature="Method_StartUp(java.lang.reflect.Method,org.testng.ITestContext)[pri:0, instance:com.qa.testcases.ts001.TS001_TC004@366647c2]" started-at="2024-06-16T10:49:46 IST" name="Method_StartUp" finished-at="2024-06-16T10:49:46 IST" duration-ms="2" status="PASS">
          <params>
            <param index="0">
              <value>
                <![CDATA[public void com.qa.testcases.ts001.TS001_TC004.TS001_TC004(java.lang.String,java.lang.String,java.lang.String,java.lang.String,java.lang.String,java.lang.String,java.lang.String,java.lang.String,java.lang.String,java.lang.String) throws java.lang.Exception]]>
              </value>
            </param>
            <param index="1">
              <value>
                <![CDATA[org.testng.TestRunner@38b14624]]>
              </value>
            </param>
          </params>
          <reporter-output>
          </reporter-output>
        </test-method> <!-- Method_StartUp -->
        <test-method signature="TS001_TC004(java.lang.String,java.lang.String,java.lang.String,java.lang.String,java.lang.String,java.lang.String,java.lang.String,java.lang.String,java.lang.String,java.lang.String)[pri:0, instance:com.qa.testcases.ts001.TS001_TC004@366647c2]" started-at="2024-06-16T10:49:46 IST" name="TS001_TC004" description="Verify that entering blank spaces on mandatory fields lead to validation error" data-provider="excelData" finished-at="2024-06-16T10:50:20 IST" duration-ms="34181" status="FAIL">
          <params>
            <param index="0">
              <value>
                <![CDATA[Demo ]]>
              </value>
            </param>
            <param index="1">
              <value>
                <![CDATA[Demo ]]>
              </value>
            </param>
            <param index="2">
              <value>
                <![CDATA[Demo ]]>
              </value>
            </param>
            <param index="3">
              <value>
                <![CDATA[Demo ]]>
              </value>
            </param>
            <param index="4">
              <value>
                <![CDATA[ ]]>
              </value>
            </param>
            <param index="5">
              <value>
                <![CDATA[This is a required field.]]>
              </value>
            </param>
            <param index="6">
              <value>
                <![CDATA[This is a required field.]]>
              </value>
            </param>
            <param index="7">
              <value>
                <![CDATA[This is a required field.]]>
              </value>
            </param>
            <param index="8">
              <value>
                <![CDATA[This is a required field.]]>
              </value>
            </param>
            <param index="9">
              <value>
                <![CDATA[This is a required field.]]>
              </value>
            </param>
          </params>
          <exception class="org.openqa.selenium.NoSuchElementException">
            <message>
              <![CDATA[no such element: Unable to locate element: {"method":"xpath","selector":"//*[@id="firstname-error"]"}
  (Session info: chrome=125.0.6422.142)
For documentation on this error, please visit: https://www.selenium.dev/documentation/webdriver/troubleshooting/errors#no-such-element-exception
Build info: version: '4.20.0', revision: '866c76ca80'
System info: os.name: 'Windows 10', os.arch: 'amd64', os.version: '10.0', java.version: '21.0.1'
Driver info: org.openqa.selenium.chrome.ChromeDriver
Command: [56deb7f858866b399c5d0dd4468982c2, findElement {using=xpath, value=//*[@id="firstname-error"]}]
Capabilities {acceptInsecureCerts: false, browserName: chrome, browserVersion: 125.0.6422.142, chrome: {chromedriverVersion: 125.0.6422.141 (4b1e8393712..., userDataDir: C:\Users\razda\AppData\Loca...}, fedcm:accounts: true, goog:chromeOptions: {debuggerAddress: localhost:65203}, networkConnectionEnabled: false, pageLoadStrategy: normal, platformName: windows, proxy: Proxy(), se:cdp: ws://localhost:65203/devtoo..., se:cdpVersion: 125.0.6422.142, setWindowRect: true, strictFileInteractability: false, timeouts: {implicit: 0, pageLoad: 300000, script: 30000}, unhandledPromptBehavior: dismiss and notify, webauthn:extension:credBlob: true, webauthn:extension:largeBlob: true, webauthn:extension:minPinLength: true, webauthn:extension:prf: true, webauthn:virtualAuthenticators: true}
Session ID: 56deb7f858866b399c5d0dd4468982c2]]>
            </message>
            <full-stacktrace>
              <![CDATA[org.openqa.selenium.NoSuchElementException: no such element: Unable to locate element: {"method":"xpath","selector":"//*[@id="firstname-error"]"}
  (Session info: chrome=125.0.6422.142)
For documentation on this error, please visit: https://www.selenium.dev/documentation/webdriver/troubleshooting/errors#no-such-element-exception
Build info: version: '4.20.0', revision: '866c76ca80'
System info: os.name: 'Windows 10', os.arch: 'amd64', os.version: '10.0', java.version: '21.0.1'
Driver info: org.openqa.selenium.chrome.ChromeDriver
Command: [56deb7f858866b399c5d0dd4468982c2, findElement {using=xpath, value=//*[@id="firstname-error"]}]
Capabilities {acceptInsecureCerts: false, browserName: chrome, browserVersion: 125.0.6422.142, chrome: {chromedriverVersion: 125.0.6422.141 (4b1e8393712..., userDataDir: C:\Users\razda\AppData\Loca...}, fedcm:accounts: true, goog:chromeOptions: {debuggerAddress: localhost:65203}, networkConnectionEnabled: false, pageLoadStrategy: normal, platformName: windows, proxy: Proxy(), se:cdp: ws://localhost:65203/devtoo..., se:cdpVersion: 125.0.6422.142, setWindowRect: true, strictFileInteractability: false, timeouts: {implicit: 0, pageLoad: 300000, script: 30000}, unhandledPromptBehavior: dismiss and notify, webauthn:extension:credBlob: true, webauthn:extension:largeBlob: true, webauthn:extension:minPinLength: true, webauthn:extension:prf: true, webauthn:virtualAuthenticators: true}
Session ID: 56deb7f858866b399c5d0dd4468982c2
at java.base/jdk.internal.reflect.DirectConstructorHandleAccessor.newInstance(DirectConstructorHandleAccessor.java:62)
at java.base/java.lang.reflect.Constructor.newInstanceWithCaller(Constructor.java:502)
at java.base/java.lang.reflect.Constructor.newInstance(Constructor.java:486)
at org.openqa.selenium.remote.ErrorCodec.decode(ErrorCodec.java:167)
at org.openqa.selenium.remote.codec.w3c.W3CHttpResponseCodec.decode(W3CHttpResponseCodec.java:138)
at org.openqa.selenium.remote.codec.w3c.W3CHttpResponseCodec.decode(W3CHttpResponseCodec.java:50)
at org.openqa.selenium.remote.HttpCommandExecutor.execute(HttpCommandExecutor.java:190)
at org.openqa.selenium.remote.service.DriverCommandExecutor.invokeExecute(DriverCommandExecutor.java:216)
at org.openqa.selenium.remote.service.DriverCommandExecutor.execute(DriverCommandExecutor.java:174)
at org.openqa.selenium.remote.RemoteWebDriver.execute(RemoteWebDriver.java:518)
at org.openqa.selenium.remote.ElementLocation$ElementFinder$2.findElement(ElementLocation.java:165)
at org.openqa.selenium.remote.ElementLocation.findElement(ElementLocation.java:59)
at org.openqa.selenium.remote.RemoteWebDriver.findElement(RemoteWebDriver.java:355)
at org.openqa.selenium.remote.RemoteWebDriver.findElement(RemoteWebDriver.java:349)
at org.openqa.selenium.support.pagefactory.DefaultElementLocator.findElement(DefaultElementLocator.java:68)
at org.openqa.selenium.support.pagefactory.internal.LocatingElementHandler.invoke(LocatingElementHandler.java:38)
at jdk.proxy2/jdk.proxy2.$Proxy20.getText(Unknown Source)
at com.qa.pages.CreateAnAccountPage.GetMandatoryErrorFirstName(CreateAnAccountPage.java:197)
at com.qa.testcases.ts001.TS001_TC004.TS001_TC004(TS001_TC004.java:118)
at java.base/jdk.internal.reflect.DirectMethodHandleAccessor.invoke(DirectMethodHandleAccessor.java:103)
at java.base/java.lang.reflect.Method.invoke(Method.java:580)
at org.testng.internal.invokers.MethodInvocationHelper.invokeMethod(MethodInvocationHelper.java:139)
at org.testng.internal.invokers.TestInvoker.invokeMethod(TestInvoker.java:664)
at org.testng.internal.invokers.TestInvoker.invokeTestMethod(TestInvoker.java:228)
at org.testng.internal.invokers.MethodRunner.runInSequence(MethodRunner.java:63)
at org.testng.internal.invokers.TestInvoker$MethodInvocationAgent.invoke(TestInvoker.java:961)
at org.testng.internal.invokers.TestInvoker.invokeTestMethods(TestInvoker.java:201)
at org.testng.internal.invokers.TestMethodWorker.invokeTestMethods(TestMethodWorker.java:148)
at org.testng.internal.invokers.TestMethodWorker.run(TestMethodWorker.java:128)
at java.base/java.util.ArrayList.forEach(ArrayList.java:1596)
at org.testng.TestRunner.privateRun(TestRunner.java:819)
at org.testng.TestRunner.run(TestRunner.java:619)
at org.testng.SuiteRunner.runTest(SuiteRunner.java:443)
at org.testng.SuiteRunner.runSequentially(SuiteRunner.java:437)
at org.testng.SuiteRunner.privateRun(SuiteRunner.java:397)
at org.testng.SuiteRunner.run(SuiteRunner.java:336)
at org.testng.SuiteRunnerWorker.runSuite(SuiteRunnerWorker.java:52)
at org.testng.SuiteRunnerWorker.run(SuiteRunnerWorker.java:95)
at org.testng.TestNG.runSuitesSequentially(TestNG.java:1301)
at org.testng.TestNG.runSuitesLocally(TestNG.java:1228)
at org.testng.TestNG.runSuites(TestNG.java:1134)
at org.testng.TestNG.run(TestNG.java:1101)
at org.testng.remote.AbstractRemoteTestNG.run(AbstractRemoteTestNG.java:115)
at org.testng.remote.RemoteTestNG.initAndRun(RemoteTestNG.java:293)
at org.testng.remote.RemoteTestNG.main(RemoteTestNG.java:91)
]]>
            </full-stacktrace>
          </exception> <!-- org.openqa.selenium.NoSuchElementException -->
          <reporter-output>
          </reporter-output>
        </test-method> <!-- TS001_TC004 -->
        <test-method is-config="true" signature="Method_TearDown(org.testng.ITestResult)[pri:0, instance:com.qa.testcases.ts001.TS001_TC004@366647c2]" started-at="2024-06-16T10:50:20 IST" name="Method_TearDown" finished-at="2024-06-16T10:50:21 IST" duration-ms="171" status="PASS">
          <params>
            <param index="0">
              <value>
                <![CDATA[[TestResult name=TS001_TC004 status=FAILURE method=TS001_TC004.TS001_TC004(java.lang.String,java.lang.String,java.lang.String,java.lang.String,java.lang.String,java.lang.String,java.lang.String,java.lang.String,java.lang.String,java.lang.String)[pri:0, instance:com.qa.testcases.ts001.TS001_TC004@366647c2] output={null}]]]>
              </value>
            </param>
          </params>
          <reporter-output>
          </reporter-output>
        </test-method> <!-- Method_TearDown -->
        <test-method is-config="true" signature="Method_StartUp(java.lang.reflect.Method,org.testng.ITestContext)[pri:0, instance:com.qa.testcases.ts001.TS001_TC004@366647c2]" started-at="2024-06-16T10:50:21 IST" name="Method_StartUp" finished-at="2024-06-16T10:50:21 IST" duration-ms="1" status="PASS">
          <params>
            <param index="0">
              <value>
                <![CDATA[public void com.qa.testcases.ts001.TS001_TC004.TS001_TC004(java.lang.String,java.lang.String,java.lang.String,java.lang.String,java.lang.String,java.lang.String,java.lang.String,java.lang.String,java.lang.String,java.lang.String) throws java.lang.Exception]]>
              </value>
            </param>
            <param index="1">
              <value>
                <![CDATA[org.testng.TestRunner@38b14624]]>
              </value>
            </param>
          </params>
          <reporter-output>
          </reporter-output>
        </test-method> <!-- Method_StartUp -->
        <test-method signature="TS001_TC004(java.lang.String,java.lang.String,java.lang.String,java.lang.String,java.lang.String,java.lang.String,java.lang.String,java.lang.String,java.lang.String,java.lang.String)[pri:0, instance:com.qa.testcases.ts001.TS001_TC004@366647c2]" started-at="2024-06-16T10:50:21 IST" name="TS001_TC004" description="Verify that entering blank spaces on mandatory fields lead to validation error" data-provider="excelData" finished-at="2024-06-16T10:50:50 IST" duration-ms="29193" status="FAIL">
          <params>
            <param index="0">
              <value>
                <![CDATA[Demo ]]>
              </value>
            </param>
            <param index="1">
              <value>
                <![CDATA[Demo ]]>
              </value>
            </param>
            <param index="2">
              <value>
                <![CDATA[Demo ]]>
              </value>
            </param>
            <param index="3">
              <value>
                <![CDATA[Demo ]]>
              </value>
            </param>
            <param index="4">
              <value>
                <![CDATA[Demo ]]>
              </value>
            </param>
            <param index="5">
              <value>
                <![CDATA[This is a required field.]]>
              </value>
            </param>
            <param index="6">
              <value>
                <![CDATA[This is a required field.]]>
              </value>
            </param>
            <param index="7">
              <value>
                <![CDATA[This is a required field.]]>
              </value>
            </param>
            <param index="8">
              <value>
                <![CDATA[This is a required field.]]>
              </value>
            </param>
            <param index="9">
              <value>
                <![CDATA[This is a required field.]]>
              </value>
            </param>
          </params>
          <exception class="org.openqa.selenium.NoSuchElementException">
            <message>
              <![CDATA[no such element: Unable to locate element: {"method":"xpath","selector":"//*[@id="firstname-error"]"}
  (Session info: chrome=125.0.6422.142)
For documentation on this error, please visit: https://www.selenium.dev/documentation/webdriver/troubleshooting/errors#no-such-element-exception
Build info: version: '4.20.0', revision: '866c76ca80'
System info: os.name: 'Windows 10', os.arch: 'amd64', os.version: '10.0', java.version: '21.0.1'
Driver info: org.openqa.selenium.chrome.ChromeDriver
Command: [56deb7f858866b399c5d0dd4468982c2, findElement {using=xpath, value=//*[@id="firstname-error"]}]
Capabilities {acceptInsecureCerts: false, browserName: chrome, browserVersion: 125.0.6422.142, chrome: {chromedriverVersion: 125.0.6422.141 (4b1e8393712..., userDataDir: C:\Users\razda\AppData\Loca...}, fedcm:accounts: true, goog:chromeOptions: {debuggerAddress: localhost:65203}, networkConnectionEnabled: false, pageLoadStrategy: normal, platformName: windows, proxy: Proxy(), se:cdp: ws://localhost:65203/devtoo..., se:cdpVersion: 125.0.6422.142, setWindowRect: true, strictFileInteractability: false, timeouts: {implicit: 0, pageLoad: 300000, script: 30000}, unhandledPromptBehavior: dismiss and notify, webauthn:extension:credBlob: true, webauthn:extension:largeBlob: true, webauthn:extension:minPinLength: true, webauthn:extension:prf: true, webauthn:virtualAuthenticators: true}
Session ID: 56deb7f858866b399c5d0dd4468982c2]]>
            </message>
            <full-stacktrace>
              <![CDATA[org.openqa.selenium.NoSuchElementException: no such element: Unable to locate element: {"method":"xpath","selector":"//*[@id="firstname-error"]"}
  (Session info: chrome=125.0.6422.142)
For documentation on this error, please visit: https://www.selenium.dev/documentation/webdriver/troubleshooting/errors#no-such-element-exception
Build info: version: '4.20.0', revision: '866c76ca80'
System info: os.name: 'Windows 10', os.arch: 'amd64', os.version: '10.0', java.version: '21.0.1'
Driver info: org.openqa.selenium.chrome.ChromeDriver
Command: [56deb7f858866b399c5d0dd4468982c2, findElement {using=xpath, value=//*[@id="firstname-error"]}]
Capabilities {acceptInsecureCerts: false, browserName: chrome, browserVersion: 125.0.6422.142, chrome: {chromedriverVersion: 125.0.6422.141 (4b1e8393712..., userDataDir: C:\Users\razda\AppData\Loca...}, fedcm:accounts: true, goog:chromeOptions: {debuggerAddress: localhost:65203}, networkConnectionEnabled: false, pageLoadStrategy: normal, platformName: windows, proxy: Proxy(), se:cdp: ws://localhost:65203/devtoo..., se:cdpVersion: 125.0.6422.142, setWindowRect: true, strictFileInteractability: false, timeouts: {implicit: 0, pageLoad: 300000, script: 30000}, unhandledPromptBehavior: dismiss and notify, webauthn:extension:credBlob: true, webauthn:extension:largeBlob: true, webauthn:extension:minPinLength: true, webauthn:extension:prf: true, webauthn:virtualAuthenticators: true}
Session ID: 56deb7f858866b399c5d0dd4468982c2
at java.base/jdk.internal.reflect.DirectConstructorHandleAccessor.newInstance(DirectConstructorHandleAccessor.java:62)
at java.base/java.lang.reflect.Constructor.newInstanceWithCaller(Constructor.java:502)
at java.base/java.lang.reflect.Constructor.newInstance(Constructor.java:486)
at org.openqa.selenium.remote.ErrorCodec.decode(ErrorCodec.java:167)
at org.openqa.selenium.remote.codec.w3c.W3CHttpResponseCodec.decode(W3CHttpResponseCodec.java:138)
at org.openqa.selenium.remote.codec.w3c.W3CHttpResponseCodec.decode(W3CHttpResponseCodec.java:50)
at org.openqa.selenium.remote.HttpCommandExecutor.execute(HttpCommandExecutor.java:190)
at org.openqa.selenium.remote.service.DriverCommandExecutor.invokeExecute(DriverCommandExecutor.java:216)
at org.openqa.selenium.remote.service.DriverCommandExecutor.execute(DriverCommandExecutor.java:174)
at org.openqa.selenium.remote.RemoteWebDriver.execute(RemoteWebDriver.java:518)
at org.openqa.selenium.remote.ElementLocation$ElementFinder$2.findElement(ElementLocation.java:165)
at org.openqa.selenium.remote.ElementLocation.findElement(ElementLocation.java:59)
at org.openqa.selenium.remote.RemoteWebDriver.findElement(RemoteWebDriver.java:355)
at org.openqa.selenium.remote.RemoteWebDriver.findElement(RemoteWebDriver.java:349)
at org.openqa.selenium.support.pagefactory.DefaultElementLocator.findElement(DefaultElementLocator.java:68)
at org.openqa.selenium.support.pagefactory.internal.LocatingElementHandler.invoke(LocatingElementHandler.java:38)
at jdk.proxy2/jdk.proxy2.$Proxy20.getText(Unknown Source)
at com.qa.pages.CreateAnAccountPage.GetMandatoryErrorFirstName(CreateAnAccountPage.java:197)
at com.qa.testcases.ts001.TS001_TC004.TS001_TC004(TS001_TC004.java:118)
at java.base/jdk.internal.reflect.DirectMethodHandleAccessor.invoke(DirectMethodHandleAccessor.java:103)
at java.base/java.lang.reflect.Method.invoke(Method.java:580)
at org.testng.internal.invokers.MethodInvocationHelper.invokeMethod(MethodInvocationHelper.java:139)
at org.testng.internal.invokers.TestInvoker.invokeMethod(TestInvoker.java:664)
at org.testng.internal.invokers.TestInvoker.invokeTestMethod(TestInvoker.java:228)
at org.testng.internal.invokers.MethodRunner.runInSequence(MethodRunner.java:63)
at org.testng.internal.invokers.TestInvoker$MethodInvocationAgent.invoke(TestInvoker.java:961)
at org.testng.internal.invokers.TestInvoker.invokeTestMethods(TestInvoker.java:201)
at org.testng.internal.invokers.TestMethodWorker.invokeTestMethods(TestMethodWorker.java:148)
at org.testng.internal.invokers.TestMethodWorker.run(TestMethodWorker.java:128)
at java.base/java.util.ArrayList.forEach(ArrayList.java:1596)
at org.testng.TestRunner.privateRun(TestRunner.java:819)
at org.testng.TestRunner.run(TestRunner.java:619)
at org.testng.SuiteRunner.runTest(SuiteRunner.java:443)
at org.testng.SuiteRunner.runSequentially(SuiteRunner.java:437)
at org.testng.SuiteRunner.privateRun(SuiteRunner.java:397)
at org.testng.SuiteRunner.run(SuiteRunner.java:336)
at org.testng.SuiteRunnerWorker.runSuite(SuiteRunnerWorker.java:52)
at org.testng.SuiteRunnerWorker.run(SuiteRunnerWorker.java:95)
at org.testng.TestNG.runSuitesSequentially(TestNG.java:1301)
at org.testng.TestNG.runSuitesLocally(TestNG.java:1228)
at org.testng.TestNG.runSuites(TestNG.java:1134)
at org.testng.TestNG.run(TestNG.java:1101)
at org.testng.remote.AbstractRemoteTestNG.run(AbstractRemoteTestNG.java:115)
at org.testng.remote.RemoteTestNG.initAndRun(RemoteTestNG.java:293)
at org.testng.remote.RemoteTestNG.main(RemoteTestNG.java:91)
]]>
            </full-stacktrace>
          </exception> <!-- org.openqa.selenium.NoSuchElementException -->
          <reporter-output>
          </reporter-output>
        </test-method> <!-- TS001_TC004 -->
        <test-method is-config="true" signature="Method_TearDown(org.testng.ITestResult)[pri:0, instance:com.qa.testcases.ts001.TS001_TC004@366647c2]" started-at="2024-06-16T10:50:50 IST" name="Method_TearDown" finished-at="2024-06-16T10:50:50 IST" duration-ms="226" status="PASS">
          <params>
            <param index="0">
              <value>
                <![CDATA[[TestResult name=TS001_TC004 status=FAILURE method=TS001_TC004.TS001_TC004(java.lang.String,java.lang.String,java.lang.String,java.lang.String,java.lang.String,java.lang.String,java.lang.String,java.lang.String,java.lang.String,java.lang.String)[pri:0, instance:com.qa.testcases.ts001.TS001_TC004@366647c2] output={null}]]]>
              </value>
            </param>
          </params>
          <reporter-output>
          </reporter-output>
        </test-method> <!-- Method_TearDown -->
        <test-method is-config="true" signature="tearDown()[pri:0, instance:com.qa.testcases.ts001.TS001_TC004@366647c2]" started-at="2024-06-16T10:50:50 IST" name="tearDown" finished-at="2024-06-16T10:50:51 IST" duration-ms="773" status="PASS">
          <reporter-output>
          </reporter-output>
        </test-method> <!-- tearDown -->
      </class> <!-- com.qa.testcases.ts001.TS001_TC004 -->
      <class name="com.qa.testcases.ts001.TS001_TC003">
        <test-method is-config="true" signature="setup(java.lang.String)[pri:0, instance:com.qa.testcases.ts001.TS001_TC003@482bce4f]" started-at="2024-06-16T10:46:42 IST" name="setup" finished-at="2024-06-16T10:47:05 IST" duration-ms="23295" status="PASS">
          <params>
            <param index="0">
              <value>
                <![CDATA[chrome]]>
              </value>
            </param>
          </params>
          <reporter-output>
          </reporter-output>
        </test-method> <!-- setup -->
        <test-method is-config="true" signature="Method_StartUp(java.lang.reflect.Method,org.testng.ITestContext)[pri:0, instance:com.qa.testcases.ts001.TS001_TC003@482bce4f]" started-at="2024-06-16T10:47:05 IST" name="Method_StartUp" finished-at="2024-06-16T10:47:05 IST" duration-ms="1" status="PASS">
          <params>
            <param index="0">
              <value>
                <![CDATA[public void com.qa.testcases.ts001.TS001_TC003.TS001_TC003(java.lang.String,java.lang.String,java.lang.String,java.lang.String,java.lang.String) throws java.lang.Exception]]>
              </value>
            </param>
            <param index="1">
              <value>
                <![CDATA[org.testng.TestRunner@38b14624]]>
              </value>
            </param>
          </params>
          <reporter-output>
          </reporter-output>
        </test-method> <!-- Method_StartUp -->
        <test-method signature="TS001_TC003(java.lang.String,java.lang.String,java.lang.String,java.lang.String,java.lang.String)[pri:0, instance:com.qa.testcases.ts001.TS001_TC003@482bce4f]" started-at="2024-06-16T10:47:05 IST" name="TS001_TC003" description="Verify that system generates a validation message when clicking on submit button without filling all the mandatory fields." data-provider="excelData" finished-at="2024-06-16T10:47:19 IST" duration-ms="13241" status="PASS">
          <params>
            <param index="0">
              <value>
                <![CDATA[This is a required field.]]>
              </value>
            </param>
            <param index="1">
              <value>
                <![CDATA[This is a required field.]]>
              </value>
            </param>
            <param index="2">
              <value>
                <![CDATA[This is a required field.]]>
              </value>
            </param>
            <param index="3">
              <value>
                <![CDATA[This is a required field.]]>
              </value>
            </param>
            <param index="4">
              <value>
                <![CDATA[This is a required field.]]>
              </value>
            </param>
          </params>
          <reporter-output>
          </reporter-output>
        </test-method> <!-- TS001_TC003 -->
        <test-method is-config="true" signature="Method_TearDown(org.testng.ITestResult)[pri:0, instance:com.qa.testcases.ts001.TS001_TC003@482bce4f]" started-at="2024-06-16T10:47:19 IST" name="Method_TearDown" finished-at="2024-06-16T10:47:19 IST" duration-ms="1" status="PASS">
          <params>
            <param index="0">
              <value>
                <![CDATA[[TestResult name=TS001_TC003 status=SUCCESS method=TS001_TC003.TS001_TC003(java.lang.String,java.lang.String,java.lang.String,java.lang.String,java.lang.String)[pri:0, instance:com.qa.testcases.ts001.TS001_TC003@482bce4f] output={null}]]]>
              </value>
            </param>
          </params>
          <reporter-output>
          </reporter-output>
        </test-method> <!-- Method_TearDown -->
        <test-method is-config="true" signature="tearDown()[pri:0, instance:com.qa.testcases.ts001.TS001_TC003@482bce4f]" started-at="2024-06-16T10:47:19 IST" name="tearDown" finished-at="2024-06-16T10:47:20 IST" duration-ms="1428" status="PASS">
          <reporter-output>
          </reporter-output>
        </test-method> <!-- tearDown -->
      </class> <!-- com.qa.testcases.ts001.TS001_TC003 -->
      <class name="com.qa.testcases.ts001.TS001_TC002">
        <test-method is-config="true" signature="setup(java.lang.String)[pri:0, instance:com.qa.testcases.ts001.TS001_TC002@55b53d44]" started-at="2024-06-16T10:46:09 IST" name="setup" finished-at="2024-06-16T10:46:26 IST" duration-ms="17552" status="PASS">
          <params>
            <param index="0">
              <value>
                <![CDATA[chrome]]>
              </value>
            </param>
          </params>
          <reporter-output>
          </reporter-output>
        </test-method> <!-- setup -->
        <test-method is-config="true" signature="Method_StartUp(java.lang.reflect.Method,org.testng.ITestContext)[pri:0, instance:com.qa.testcases.ts001.TS001_TC002@55b53d44]" started-at="2024-06-16T10:46:27 IST" name="Method_StartUp" finished-at="2024-06-16T10:46:27 IST" duration-ms="2" status="PASS">
          <params>
            <param index="0">
              <value>
                <![CDATA[public void com.qa.testcases.ts001.TS001_TC002.TS001_TC002(java.lang.String,java.lang.String) throws java.lang.Exception]]>
              </value>
            </param>
            <param index="1">
              <value>
                <![CDATA[org.testng.TestRunner@38b14624]]>
              </value>
            </param>
          </params>
          <reporter-output>
          </reporter-output>
        </test-method> <!-- Method_StartUp -->
        <test-method signature="TS001_TC002(java.lang.String,java.lang.String)[pri:0, instance:com.qa.testcases.ts001.TS001_TC002@55b53d44]" started-at="2024-06-16T10:46:27 IST" name="TS001_TC002" description="Verify presence of valid placeholder under Password label Testbox &#039;Minimum length of this field must be equal or greater than 8 symbols. Leading and trailing spaces will be ignored.&#039;" data-provider="excelData" finished-at="2024-06-16T10:46:33 IST" duration-ms="6199" status="PASS">
          <params>
            <param index="0">
              <value>
                <![CDATA[Demo]]>
              </value>
            </param>
            <param index="1">
              <value>
                <![CDATA[Minimum length of this field must be equal or greater than 8 symbols. Leading and trailing spaces will be ignored.]]>
              </value>
            </param>
          </params>
          <reporter-output>
          </reporter-output>
        </test-method> <!-- TS001_TC002 -->
        <test-method is-config="true" signature="Method_TearDown(org.testng.ITestResult)[pri:0, instance:com.qa.testcases.ts001.TS001_TC002@55b53d44]" started-at="2024-06-16T10:46:33 IST" name="Method_TearDown" finished-at="2024-06-16T10:46:33 IST" duration-ms="1" status="PASS">
          <params>
            <param index="0">
              <value>
                <![CDATA[[TestResult name=TS001_TC002 status=SUCCESS method=TS001_TC002.TS001_TC002(java.lang.String,java.lang.String)[pri:0, instance:com.qa.testcases.ts001.TS001_TC002@55b53d44] output={null}]]]>
              </value>
            </param>
          </params>
          <reporter-output>
          </reporter-output>
        </test-method> <!-- Method_TearDown -->
        <test-method is-config="true" signature="Method_StartUp(java.lang.reflect.Method,org.testng.ITestContext)[pri:0, instance:com.qa.testcases.ts001.TS001_TC002@55b53d44]" started-at="2024-06-16T10:46:33 IST" name="Method_StartUp" finished-at="2024-06-16T10:46:33 IST" duration-ms="0" status="PASS">
          <params>
            <param index="0">
              <value>
                <![CDATA[public void com.qa.testcases.ts001.TS001_TC002.TS001_TC002(java.lang.String,java.lang.String) throws java.lang.Exception]]>
              </value>
            </param>
            <param index="1">
              <value>
                <![CDATA[org.testng.TestRunner@38b14624]]>
              </value>
            </param>
          </params>
          <reporter-output>
          </reporter-output>
        </test-method> <!-- Method_StartUp -->
        <test-method signature="TS001_TC002(java.lang.String,java.lang.String)[pri:0, instance:com.qa.testcases.ts001.TS001_TC002@55b53d44]" started-at="2024-06-16T10:46:33 IST" name="TS001_TC002" description="Verify presence of valid placeholder under Password label Testbox &#039;Minimum length of this field must be equal or greater than 8 symbols. Leading and trailing spaces will be ignored.&#039;" data-provider="excelData" finished-at="2024-06-16T10:46:37 IST" duration-ms="4025" status="PASS">
          <params>
            <param index="0">
              <value>
                <![CDATA[Demo1]]>
              </value>
            </param>
            <param index="1">
              <value>
                <![CDATA[Minimum length of this field must be equal or greater than 8 symbols. Leading and trailing spaces will be ignored.]]>
              </value>
            </param>
          </params>
          <reporter-output>
          </reporter-output>
        </test-method> <!-- TS001_TC002 -->
        <test-method is-config="true" signature="Method_TearDown(org.testng.ITestResult)[pri:0, instance:com.qa.testcases.ts001.TS001_TC002@55b53d44]" started-at="2024-06-16T10:46:37 IST" name="Method_TearDown" finished-at="2024-06-16T10:46:37 IST" duration-ms="1" status="PASS">
          <params>
            <param index="0">
              <value>
                <![CDATA[[TestResult name=TS001_TC002 status=SUCCESS method=TS001_TC002.TS001_TC002(java.lang.String,java.lang.String)[pri:0, instance:com.qa.testcases.ts001.TS001_TC002@55b53d44] output={null}]]]>
              </value>
            </param>
          </params>
          <reporter-output>
          </reporter-output>
        </test-method> <!-- Method_TearDown -->
[...]
          </reporter-output>
        </test-method> <!-- Method_TearDown -->
        <test-method signature="TS005_TC004(java.lang.String,java.lang.String)[pri:0, instance:com.qa.testcases.ts005.TS005_TC004@4de4b452]" started-at="2024-06-16T11:25:30 IST" name="TS005_TC004" description="Verify that user is able to get products as part of searched results based on the keyword been entered by user in search textbox followed by click on search icon and a label as follows :-Search results for: &#039;&lt;entered keyword&gt;&#039; Pre-login" data-provider="excelData" finished-at="2024-06-16T11:26:13 IST" duration-ms="43365" status="FAIL">
          <params>
            <param index="0">
              <value>
                <![CDATA[Jacket]]>
              </value>
            </param>
            <param index="1">
              <value>
                <![CDATA[12]]>
              </value>
            </param>
          </params>
          <exception class="org.openqa.selenium.NoSuchElementException">
            <message>
              <![CDATA[no such element: Unable to locate element: {"method":"xpath","selector":"//*[@id="maincontent"]/div[1]/h1/span"}
  (Session info: chrome=125.0.6422.142)
For documentation on this error, please visit: https://www.selenium.dev/documentation/webdriver/troubleshooting/errors#no-such-element-exception
Build info: version: '4.20.0', revision: '866c76ca80'
System info: os.name: 'Windows 10', os.arch: 'amd64', os.version: '10.0', java.version: '21.0.1'
Driver info: org.openqa.selenium.chrome.ChromeDriver
Command: [8ead9eac9e0495efb89daa3ac36a039d, findElement {using=xpath, value=//*[@id="maincontent"]/div[1]/h1/span}]
Capabilities {acceptInsecureCerts: false, browserName: chrome, browserVersion: 125.0.6422.142, chrome: {chromedriverVersion: 125.0.6422.141 (4b1e8393712..., userDataDir: C:\Users\razda\AppData\Loca...}, fedcm:accounts: true, goog:chromeOptions: {debuggerAddress: localhost:49921}, networkConnectionEnabled: false, pageLoadStrategy: normal, platformName: windows, proxy: Proxy(), se:cdp: ws://localhost:49921/devtoo..., se:cdpVersion: 125.0.6422.142, setWindowRect: true, strictFileInteractability: false, timeouts: {implicit: 0, pageLoad: 300000, script: 30000}, unhandledPromptBehavior: dismiss and notify, webauthn:extension:credBlob: true, webauthn:extension:largeBlob: true, webauthn:extension:minPinLength: true, webauthn:extension:prf: true, webauthn:virtualAuthenticators: true}
Session ID: 8ead9eac9e0495efb89daa3ac36a039d]]>
            </message>
            <full-stacktrace>
              <![CDATA[org.openqa.selenium.NoSuchElementException: no such element: Unable to locate element: {"method":"xpath","selector":"//*[@id="maincontent"]/div[1]/h1/span"}
  (Session info: chrome=125.0.6422.142)
For documentation on this error, please visit: https://www.selenium.dev/documentation/webdriver/troubleshooting/errors#no-such-element-exception
Build info: version: '4.20.0', revision: '866c76ca80'
System info: os.name: 'Windows 10', os.arch: 'amd64', os.version: '10.0', java.version: '21.0.1'
Driver info: org.openqa.selenium.chrome.ChromeDriver
Command: [8ead9eac9e0495efb89daa3ac36a039d, findElement {using=xpath, value=//*[@id="maincontent"]/div[1]/h1/span}]
Capabilities {acceptInsecureCerts: false, browserName: chrome, browserVersion: 125.0.6422.142, chrome: {chromedriverVersion: 125.0.6422.141 (4b1e8393712..., userDataDir: C:\Users\razda\AppData\Loca...}, fedcm:accounts: true, goog:chromeOptions: {debuggerAddress: localhost:49921}, networkConnectionEnabled: false, pageLoadStrategy: normal, platformName: windows, proxy: Proxy(), se:cdp: ws://localhost:49921/devtoo..., se:cdpVersion: 125.0.6422.142, setWindowRect: true, strictFileInteractability: false, timeouts: {implicit: 0, pageLoad: 300000, script: 30000}, unhandledPromptBehavior: dismiss and notify, webauthn:extension:credBlob: true, webauthn:extension:largeBlob: true, webauthn:extension:minPinLength: true, webauthn:extension:prf: true, webauthn:virtualAuthenticators: true}
Session ID: 8ead9eac9e0495efb89daa3ac36a039d
at java.base/jdk.internal.reflect.DirectConstructorHandleAccessor.newInstance(DirectConstructorHandleAccessor.java:62)
at java.base/java.lang.reflect.Constructor.newInstanceWithCaller(Constructor.java:502)
at java.base/java.lang.reflect.Constructor.newInstance(Constructor.java:486)
at org.openqa.selenium.remote.ErrorCodec.decode(ErrorCodec.java:167)
at org.openqa.selenium.remote.codec.w3c.W3CHttpResponseCodec.decode(W3CHttpResponseCodec.java:138)
at org.openqa.selenium.remote.codec.w3c.W3CHttpResponseCodec.decode(W3CHttpResponseCodec.java:50)
at org.openqa.selenium.remote.HttpCommandExecutor.execute(HttpCommandExecutor.java:190)
at org.openqa.selenium.remote.service.DriverCommandExecutor.invokeExecute(DriverCommandExecutor.java:216)
at org.openqa.selenium.remote.service.DriverCommandExecutor.execute(DriverCommandExecutor.java:174)
at org.openqa.selenium.remote.RemoteWebDriver.execute(RemoteWebDriver.java:518)
at org.openqa.selenium.remote.ElementLocation$ElementFinder$2.findElement(ElementLocation.java:165)
at org.openqa.selenium.remote.ElementLocation.findElement(ElementLocation.java:59)
at org.openqa.selenium.remote.RemoteWebDriver.findElement(RemoteWebDriver.java:355)
at org.openqa.selenium.remote.RemoteWebDriver.findElement(RemoteWebDriver.java:349)
at org.openqa.selenium.support.pagefactory.DefaultElementLocator.findElement(DefaultElementLocator.java:68)
at org.openqa.selenium.support.pagefactory.internal.LocatingElementHandler.invoke(LocatingElementHandler.java:38)
at jdk.proxy2/jdk.proxy2.$Proxy20.getText(Unknown Source)
at com.qa.pages.MyWishlistPage.GetSearchResultsLabel(MyWishlistPage.java:57)
at com.qa.testcases.ts005.TS005_TC004.TS005_TC004(TS005_TC004.java:235)
at java.base/jdk.internal.reflect.DirectMethodHandleAccessor.invoke(DirectMethodHandleAccessor.java:103)
at java.base/java.lang.reflect.Method.invoke(Method.java:580)
at org.testng.internal.invokers.MethodInvocationHelper.invokeMethod(MethodInvocationHelper.java:139)
at org.testng.internal.invokers.TestInvoker.invokeMethod(TestInvoker.java:664)
at org.testng.internal.invokers.TestInvoker.invokeTestMethod(TestInvoker.java:228)
at org.testng.internal.invokers.MethodRunner.runInSequence(MethodRunner.java:63)
at org.testng.internal.invokers.TestInvoker$MethodInvocationAgent.invoke(TestInvoker.java:961)
at org.testng.internal.invokers.TestInvoker.invokeTestMethods(TestInvoker.java:201)
at org.testng.internal.invokers.TestMethodWorker.invokeTestMethods(TestMethodWorker.java:148)
at org.testng.internal.invokers.TestMethodWorker.run(TestMethodWorker.java:128)
at java.base/java.util.ArrayList.forEach(ArrayList.java:1596)
at org.testng.TestRunner.privateRun(TestRunner.java:819)
at org.testng.TestRunner.run(TestRunner.java:619)
at org.testng.SuiteRunner.runTest(SuiteRunner.java:443)
at org.testng.SuiteRunner.runSequentially(SuiteRunner.java:437)
at org.testng.SuiteRunner.privateRun(SuiteRunner.java:397)
at org.testng.SuiteRunner.run(SuiteRunner.java:336)
at org.testng.SuiteRunnerWorker.runSuite(SuiteRunnerWorker.java:52)
at org.testng.SuiteRunnerWorker.run(SuiteRunnerWorker.java:95)
at org.testng.TestNG.runSuitesSequentially(TestNG.java:1301)
at org.testng.TestNG.runSuitesLocally(TestNG.java:1228)
at org.testng.TestNG.runSuites(TestNG.java:1134)
at org.testng.TestNG.run(TestNG.java:1101)
at org.testng.remote.AbstractRemoteTestNG.run(AbstractRemoteTestNG.java:115)
at org.testng.remote.RemoteTestNG.initAndRun(RemoteTestNG.java:293)
at org.testng.remote.RemoteTestNG.main(RemoteTestNG.java:91)
]]>
            </full-stacktrace>
          </exception> <!-- org.openqa.selenium.NoSuchElementException -->
          <reporter-output>
          </reporter-output>
        </test-method> <!-- TS005_TC004 -->
        <test-method is-config="true" signature="Method_StartUp(java.lang.reflect.Method,org.testng.ITestContext)[pri:0, instance:com.qa.testcases.ts005.TS005_TC004@4de4b452]" started-at="2024-06-16T11:25:30 IST" name="Method_StartUp" finished-at="2024-06-16T11:25:30 IST" duration-ms="0" status="PASS">
          <params>
            <param index="0">
              <value>
                <![CDATA[public void com.qa.testcases.ts005.TS005_TC004.TS005_TC004(java.lang.String,java.lang.String) throws java.lang.Exception]]>
              </value>
            </param>
            <param index="1">
              <value>
                <![CDATA[org.testng.TestRunner@7b5d3ac5]]>
              </value>
            </param>
          </params>
          <reporter-output>
          </reporter-output>
        </test-method> <!-- Method_StartUp -->
        <test-method is-config="true" signature="Method_TearDown(org.testng.ITestResult)[pri:0, instance:com.qa.testcases.ts005.TS005_TC004@4de4b452]" started-at="2024-06-16T11:26:13 IST" name="Method_TearDown" finished-at="2024-06-16T11:26:14 IST" duration-ms="189" status="PASS">
          <params>
            <param index="0">
              <value>
                <![CDATA[[TestResult name=TS005_TC004 status=FAILURE method=TS005_TC004.TS005_TC004(java.lang.String,java.lang.String)[pri:0, instance:com.qa.testcases.ts005.TS005_TC004@4de4b452] output={null}]]]>
              </value>
            </param>
          </params>
          <reporter-output>
          </reporter-output>
        </test-method> <!-- Method_TearDown -->
        <test-method is-config="true" signature="tearDown()[pri:0, instance:com.qa.testcases.ts005.TS005_TC004@4de4b452]" started-at="2024-06-16T11:26:14 IST" name="tearDown" finished-at="2024-06-16T11:26:16 IST" duration-ms="1853" status="PASS">
          <reporter-output>
          </reporter-output>
        </test-method> <!-- tearDown -->
      </class> <!-- com.qa.testcases.ts005.TS005_TC004 -->
      <class name="com.qa.testcases.ts005.TS005_TC005">
        <test-method is-config="true" signature="setup(java.lang.String)[pri:0, instance:com.qa.testcases.ts005.TS005_TC005@50b5ac82]" started-at="2024-06-16T11:26:16 IST" name="setup" finished-at="2024-06-16T11:26:30 IST" duration-ms="14816" status="PASS">
          <params>
            <param index="0">
              <value>
                <![CDATA[chrome]]>
              </value>
            </param>
          </params>
          <reporter-output>
          </reporter-output>
        </test-method> <!-- setup -->
        <test-method is-config="true" signature="Method_StartUp(java.lang.reflect.Method,org.testng.ITestContext)[pri:0, instance:com.qa.testcases.ts005.TS005_TC005@50b5ac82]" started-at="2024-06-16T11:26:30 IST" name="Method_StartUp" finished-at="2024-06-16T11:26:30 IST" duration-ms="1" status="PASS">
          <params>
            <param index="0">
              <value>
                <![CDATA[public void com.qa.testcases.ts005.TS005_TC005.TS005_TC005(java.lang.String,java.lang.String) throws java.lang.Exception]]>
              </value>
            </param>
            <param index="1">
              <value>
                <![CDATA[org.testng.TestRunner@7b5d3ac5]]>
              </value>
            </param>
          </params>
          <reporter-output>
          </reporter-output>
        </test-method> <!-- Method_StartUp -->
        <test-method signature="TS005_TC005(java.lang.String,java.lang.String)[pri:0, instance:com.qa.testcases.ts005.TS005_TC005@50b5ac82]" started-at="2024-06-16T11:26:30 IST" name="TS005_TC005" description="Verify that user gets an error message as part of result outcome as follows provided user enters any inappropriate search keyword

Error message: &quot;Your search returned no results.&quot;" data-provider="excelData" finished-at="2024-06-16T11:27:17 IST" duration-ms="46940" status="PASS">
          <params>
            <param index="0">
              <value>
                <![CDATA[@3244]]>
              </value>
            </param>
            <param index="1">
              <value>
                <![CDATA[Your search returned no results.]]>
              </value>
            </param>
          </params>
          <reporter-output>
          </reporter-output>
        </test-method> <!-- TS005_TC005 -->
        <test-method is-config="true" signature="Method_TearDown(org.testng.ITestResult)[pri:0, instance:com.qa.testcases.ts005.TS005_TC005@50b5ac82]" started-at="2024-06-16T11:27:17 IST" name="Method_TearDown" finished-at="2024-06-16T11:27:17 IST" duration-ms="0" status="PASS">
          <params>
            <param index="0">
              <value>
                <![CDATA[[TestResult name=TS005_TC005 status=SUCCESS method=TS005_TC005.TS005_TC005(java.lang.String,java.lang.String)[pri:0, instance:com.qa.testcases.ts005.TS005_TC005@50b5ac82] output={null}]]]>
              </value>
            </param>
          </params>
          <reporter-output>
          </reporter-output>
        </test-method> <!-- Method_TearDown -->
        <test-method is-config="true" signature="Method_StartUp(java.lang.reflect.Method,org.testng.ITestContext)[pri:0, instance:com.qa.testcases.ts005.TS005_TC005@50b5ac82]" started-at="2024-06-16T11:27:17 IST" name="Method_StartUp" finished-at="2024-06-16T11:27:17 IST" duration-ms="0" status="PASS">
          <params>
            <param index="0">
              <value>
                <![CDATA[public void com.qa.testcases.ts005.TS005_TC005.TS005_TC005(java.lang.String,java.lang.String) throws java.lang.Exception]]>
              </value>
            </param>
            <param index="1">
              <value>
                <![CDATA[org.testng.TestRunner@7b5d3ac5]]>
              </value>
            </param>
          </params>
          <reporter-output>
          </reporter-output>
        </test-method> <!-- Method_StartUp -->
        <test-method signature="TS005_TC005(java.lang.String,java.lang.String)[pri:0, instance:com.qa.testcases.ts005.TS005_TC005@50b5ac82]" started-at="2024-06-16T11:27:17 IST" name="TS005_TC005" description="Verify that user gets an error message as part of result outcome as follows provided user enters any inappropriate search keyword

Error message: &quot;Your search returned no results.&quot;" data-provider="excelData" finished-at="2024-06-16T11:27:58 IST" duration-ms="40961" status="PASS">
          <params>
            <param index="0">
              <value>
                <![CDATA[@3244]]>
              </value>
            </param>
            <param index="1">
              <value>
                <![CDATA[Your search returned no results.]]>
              </value>
            </param>
          </params>
          <reporter-output>
          </reporter-output>
        </test-method> <!-- TS005_TC005 -->
        <test-method is-config="true" signature="Method_TearDown(org.testng.ITestResult)[pri:0, instance:com.qa.testcases.ts005.TS005_TC005@50b5ac82]" started-at="2024-06-16T11:27:58 IST" name="Method_TearDown" finished-at="2024-06-16T11:27:58 IST" duration-ms="1" status="PASS">
          <params>
            <param index="0">
              <value>
                <![CDATA[[TestResult name=TS005_TC005 status=SUCCESS method=TS005_TC005.TS005_TC005(java.lang.String,java.lang.String)[pri:0, instance:com.qa.testcases.ts005.TS005_TC005@50b5ac82] output={null}]]]>
              </value>
            </param>
          </params>
          <reporter-output>
          </reporter-output>
        </test-method> <!-- Method_TearDown -->
        <test-method is-config="true" signature="tearDown()[pri:0, instance:com.qa.testcases.ts005.TS005_TC005@50b5ac82]" started-at="2024-06-16T11:27:58 IST" name="tearDown" finished-at="2024-06-16T11:27:59 IST" duration-ms="444" status="PASS">
          <reporter-output>
          </reporter-output>
        </test-method> <!-- tearDown -->
      </class> <!-- com.qa.testcases.ts005.TS005_TC005 -->
      <class name="com.qa.testcases.ts005.TS005_TC001">
        <test-method is-config="true" signature="Suite_StartUp()[pri:0, instance:com.qa.testcases.ts005.TS005_TC001@37654521]" started-at="2024-06-16T10:44:52 IST" name="Suite_StartUp" finished-at="2024-06-16T10:44:53 IST" duration-ms="911" status="PASS">
          <reporter-output>
          </reporter-output>
        </test-method> <!-- Suite_StartUp -->
        <test-method is-config="true" signature="setup(java.lang.String)[pri:0, instance:com.qa.testcases.ts005.TS005_TC001@37654521]" started-at="2024-06-16T11:15:30 IST" name="setup" finished-at="2024-06-16T11:15:52 IST" duration-ms="22311" status="PASS">
          <params>
            <param index="0">
              <value>
                <![CDATA[chrome]]>
              </value>
            </param>
          </params>
          <reporter-output>
          </reporter-output>
        </test-method> <!-- setup -->
        <test-method is-config="true" signature="Method_StartUp(java.lang.reflect.Method,org.testng.ITestContext)[pri:0, instance:com.qa.testcases.ts005.TS005_TC001@37654521]" started-at="2024-06-16T11:15:52 IST" name="Method_StartUp" finished-at="2024-06-16T11:15:52 IST" duration-ms="1" status="PASS">
          <params>
            <param index="0">
              <value>
                <![CDATA[public void com.qa.testcases.ts005.TS005_TC001.TS005_TC001(java.lang.String) throws java.lang.Exception]]>
              </value>
            </param>
            <param index="1">
              <value>
                <![CDATA[org.testng.TestRunner@7b5d3ac5]]>
              </value>
            </param>
          </params>
          <reporter-output>
          </reporter-output>
        </test-method> <!-- Method_StartUp -->
        <test-method signature="TS005_TC001(java.lang.String)[pri:0, instance:com.qa.testcases.ts005.TS005_TC001@37654521]" started-at="2024-06-16T11:15:52 IST" name="TS005_TC001" description="Ensure that the search textbox is present on below mentioned pages pre-login: -Home PageWhat&#039;s New pageWomen&#039;s pageMens&#039;s pageGear&#039;s pageTrainings pageSale&#039;s pageShopping Cart page, Sign In pageand Not on below mentioned page :-
Checkout&#039;s Shipping page
Checkout&#039;s Payment page" data-provider="excelData" finished-at="2024-06-16T11:16:27 IST" duration-ms="34748" status="PASS">
          <params>
            <param index="0">
              <value>
                <![CDATA[1]]>
              </value>
            </param>
          </params>
          <reporter-output>
          </reporter-output>
        </test-method> <!-- TS005_TC001 -->
        <test-method is-config="true" signature="Method_TearDown(org.testng.ITestResult)[pri:0, instance:com.qa.testcases.ts005.TS005_TC001@37654521]" started-at="2024-06-16T11:16:27 IST" name="Method_TearDown" finished-at="2024-06-16T11:16:27 IST" duration-ms="2" status="PASS">
          <params>
            <param index="0">
              <value>
                <![CDATA[[TestResult name=TS005_TC001 status=SUCCESS method=TS005_TC001.TS005_TC001(java.lang.String)[pri:0, instance:com.qa.testcases.ts005.TS005_TC001@37654521] output={null}]]]>
              </value>
            </param>
          </params>
          <reporter-output>
          </reporter-output>
        </test-method> <!-- Method_TearDown -->
        <test-method is-config="true" signature="tearDown()[pri:0, instance:com.qa.testcases.ts005.TS005_TC001@37654521]" started-at="2024-06-16T11:16:27 IST" name="tearDown" finished-at="2024-06-16T11:16:29 IST" duration-ms="2362" status="PASS">
          <reporter-output>
          </reporter-output>
        </test-method> <!-- tearDown -->
        <test-method is-config="true" signature="Suite_TearDown()[pri:0, instance:com.qa.testcases.ts005.TS005_TC001@37654521]" started-at="2024-06-16T11:27:59 IST" name="Suite_TearDown" finished-at="2024-06-16T11:28:01 IST" duration-ms="2520" status="PASS">
          <reporter-output>
          </reporter-output>
        </test-method> <!-- Suite_TearDown -->
      </class> <!-- com.qa.testcases.ts005.TS005_TC001 -->
    </test> <!-- Test5 -->
  </suite> <!-- Suite -->
</testng-results>
